# JRE version: OpenJDK Runtime Environment (7.0_91-b02) (build 1.7.0_91-b02)
# Java VM: OpenJDK 64-Bit Server VM (24.91-b01 mixed mode linux-amd64 compressed oops)
Heap
 PSYoungGen      total 80896K, used 26563K [0x00000007d7000000, 0x00000007dde00000, 0x0000000800000000)
  eden space 79360K, 32% used [0x00000007d7000000,0x00000007d88e2540,0x00000007dbd80000)
  from space 1536K, 70% used [0x00000007dd800000,0x00000007dd90e830,0x00000007dd980000)
  to   space 3584K, 0% used [0x00000007dda80000,0x00000007dda80000,0x00000007dde00000)
 ParOldGen       total 83968K, used 27677K [0x0000000785000000, 0x000000078a200000, 0x00000007d7000000)
  object space 83968K, 32% used [0x0000000785000000,0x0000000786b07658,0x000000078a200000)
 PSPermGen       total 21504K, used 14894K [0x000000077aa00000, 0x000000077bf00000, 0x0000000785000000)
  object space 21504K, 69% used [0x000000077aa00000,0x000000077b88ba60,0x000000077bf00000)
GC Heap History (10 events):
Event: 11,292 GC heap before
{Heap before GC invocations=17 (full 0):
 PSYoungGen      total 96256K, used 93078K [0x00000007d7000000, 0x00000007de580000, 0x0000000800000000)
  eden space 94208K, 97% used [0x00000007d7000000,0x00000007dc957d58,0x00000007dcc00000)
  from space 2048K, 77% used [0x00000007de380000,0x00000007de50dc00,0x00000007de580000)
  to   space 3584K, 0% used [0x00000007dde80000,0x00000007dde80000,0x00000007de200000)
 ParOldGen       total 83968K, used 27565K [0x0000000785000000, 0x000000078a200000, 0x00000007d7000000)
  object space 83968K, 32% used [0x0000000785000000,0x0000000786aeb658,0x000000078a200000)
 PSPermGen       total 21504K, used 14864K [0x000000077aa00000, 0x000000077bf00000, 0x0000000785000000)
  object space 21504K, 69% used [0x000000077aa00000,0x000000077b884098,0x000000077bf00000)
Event: 11,293 GC heap after
Heap after GC invocations=17 (full 0):
 PSYoungGen      total 93184K, used 1718K [0x00000007d7000000, 0x00000007de400000, 0x0000000800000000)
  eden space 91136K, 0% used [0x00000007d7000000,0x00000007d7000000,0x00000007dc900000)
  from space 2048K, 83% used [0x00000007dde80000,0x00000007de02d810,0x00000007de080000)
  to   space 3584K, 0% used [0x00000007de080000,0x00000007de080000,0x00000007de400000)
 ParOldGen       total 83968K, used 27589K [0x0000000785000000, 0x000000078a200000, 0x00000007d7000000)
  object space 83968K, 32% used [0x0000000785000000,0x0000000786af1658,0x000000078a200000)
 PSPermGen       total 21504K, used 14864K [0x000000077aa00000, 0x000000077bf00000, 0x0000000785000000)
  object space 21504K, 69% used [0x000000077aa00000,0x000000077b884098,0x000000077bf00000)
}
Event: 11,923 GC heap before
{Heap before GC invocations=18 (full 0):
 PSYoungGen      total 93184K, used 92023K [0x00000007d7000000, 0x00000007de400000, 0x0000000800000000)
  eden space 91136K, 99% used [0x00000007d7000000,0x00000007dc830658,0x00000007dc900000)
  from space 2048K, 83% used [0x00000007dde80000,0x00000007de02d810,0x00000007de080000)
  to   space 3584K, 0% used [0x00000007de080000,0x00000007de080000,0x00000007de400000)
 ParOldGen       total 83968K, used 27589K [0x0000000785000000, 0x000000078a200000, 0x00000007d7000000)
  object space 83968K, 32% used [0x0000000785000000,0x0000000786af1658,0x000000078a200000)
 PSPermGen       total 21504K, used 14872K [0x000000077aa00000, 0x000000077bf00000, 0x0000000785000000)
  object space 21504K, 69% used [0x000000077aa00000,0x000000077b8863a8,0x000000077bf00000)
Event: 11,924 GC heap after
Heap after GC invocations=18 (full 0):
 PSYoungGen      total 90112K, used 1670K [0x00000007d7000000, 0x00000007de280000, 0x0000000800000000)
  eden space 88064K, 0% used [0x00000007d7000000,0x00000007d7000000,0x00000007dc600000)
  from space 2048K, 81% used [0x00000007de080000,0x00000007de221a08,0x00000007de280000)
  to   space 3584K, 0% used [0x00000007ddb80000,0x00000007ddb80000,0x00000007ddf00000)
 ParOldGen       total 83968K, used 27605K [0x0000000785000000, 0x000000078a200000, 0x00000007d7000000)
  object space 83968K, 32% used [0x0000000785000000,0x0000000786af5658,0x000000078a200000)
 PSPermGen       total 21504K, used 14872K [0x000000077aa00000, 0x000000077bf00000, 0x0000000785000000)
  object space 21504K, 69% used [0x000000077aa00000,0x000000077b8863a8,0x000000077bf00000)
}
Event: 17,092 GC heap before
{Heap before GC invocations=19 (full 0):
 PSYoungGen      total 90112K, used 89652K [0x00000007d7000000, 0x00000007de280000, 0x0000000800000000)
  eden space 88064K, 99% used [0x00000007d7000000,0x00000007dc5eb798,0x00000007dc600000)
  from space 2048K, 81% used [0x00000007de080000,0x00000007de221a08,0x00000007de280000)
  to   space 3584K, 0% used [0x00000007ddb80000,0x00000007ddb80000,0x00000007ddf00000)
 ParOldGen       total 83968K, used 27605K [0x0000000785000000, 0x000000078a200000, 0x00000007d7000000)
  object space 83968K, 32% used [0x0000000785000000,0x0000000786af5658,0x000000078a200000)
 PSPermGen       total 21504K, used 14886K [0x000000077aa00000, 0x000000077bf00000, 0x0000000785000000)
  object space 21504K, 69% used [0x000000077aa00000,0x000000077b889b00,0x000000077bf00000)
Event: 17,093 GC heap after
Heap after GC invocations=19 (full 0):
 PSYoungGen      total 87040K, used 1988K [0x00000007d7000000, 0x00000007de100000, 0x0000000800000000)
  eden space 84992K, 0% used [0x00000007d7000000,0x00000007d7000000,0x00000007dc300000)
  from space 2048K, 97% used [0x00000007ddb80000,0x00000007ddd71228,0x00000007ddd80000)
  to   space 3584K, 0% used [0x00000007ddd80000,0x00000007ddd80000,0x00000007de100000)
 ParOldGen       total 83968K, used 27637K [0x0000000785000000, 0x000000078a200000, 0x00000007d7000000)
  object space 83968K, 32% used [0x0000000785000000,0x0000000786afd658,0x000000078a200000)
 PSPermGen       total 21504K, used 14886K [0x000000077aa00000, 0x000000077bf00000, 0x0000000785000000)
  object space 21504K, 69% used [0x000000077aa00000,0x000000077b889b00,0x000000077bf00000)
}
Event: 17,600 GC heap before
{Heap before GC invocations=20 (full 0):
 PSYoungGen      total 87040K, used 85913K [0x00000007d7000000, 0x00000007de100000, 0x0000000800000000)
  eden space 84992K, 98% used [0x00000007d7000000,0x00000007dc1f55a8,0x00000007dc300000)
  from space 2048K, 97% used [0x00000007ddb80000,0x00000007ddd71228,0x00000007ddd80000)
  to   space 3584K, 0% used [0x00000007ddd80000,0x00000007ddd80000,0x00000007de100000)
 ParOldGen       total 83968K, used 27637K [0x0000000785000000, 0x000000078a200000, 0x00000007d7000000)
  object space 83968K, 32% used [0x0000000785000000,0x0000000786afd658,0x000000078a200000)
 PSPermGen       total 21504K, used 14892K [0x000000077aa00000, 0x000000077bf00000, 0x0000000785000000)
  object space 21504K, 69% used [0x000000077aa00000,0x000000077b88b040,0x000000077bf00000)
Event: 17,601 GC heap after
Heap after GC invocations=20 (full 0):
 PSYoungGen      total 83456K, used 1082K [0x00000007d7000000, 0x00000007ddf00000, 0x0000000800000000)
  eden space 81920K, 0% used [0x00000007d7000000,0x00000007d7000000,0x00000007dc000000)
  from space 1536K, 70% used [0x00000007ddd80000,0x00000007dde8e830,0x00000007ddf00000)
  to   space 3584K, 0% used [0x00000007dd800000,0x00000007dd800000,0x00000007ddb80000)
 ParOldGen       total 83968K, used 27661K [0x0000000785000000, 0x000000078a200000, 0x00000007d7000000)
  object space 83968K, 32% used [0x0000000785000000,0x0000000786b03658,0x000000078a200000)
 PSPermGen       total 21504K, used 14892K [0x000000077aa00000, 0x000000077bf00000, 0x0000000785000000)
  object space 21504K, 69% used [0x000000077aa00000,0x000000077b88b040,0x000000077bf00000)
}
Event: 18,138 GC heap before
{Heap before GC invocations=21 (full 0):
 PSYoungGen      total 83456K, used 82437K [0x00000007d7000000, 0x00000007ddf00000, 0x0000000800000000)
  eden space 81920K, 99% used [0x00000007d7000000,0x00000007dbf72d88,0x00000007dc000000)
  from space 1536K, 70% used [0x00000007ddd80000,0x00000007dde8e830,0x00000007ddf00000)
  to   space 3584K, 0% used [0x00000007dd800000,0x00000007dd800000,0x00000007ddb80000)
 ParOldGen       total 83968K, used 27661K [0x0000000785000000, 0x000000078a200000, 0x00000007d7000000)
  object space 83968K, 32% used [0x0000000785000000,0x0000000786b03658,0x000000078a200000)
 PSPermGen       total 21504K, used 14893K [0x000000077aa00000, 0x000000077bf00000, 0x0000000785000000)
  object space 21504K, 69% used [0x000000077aa00000,0x000000077b88b590,0x000000077bf00000)
Event: 18,139 GC heap after
Heap after GC invocations=21 (full 0):
 PSYoungGen      total 80896K, used 1082K [0x00000007d7000000, 0x00000007dde00000, 0x0000000800000000)
  eden space 79360K, 0% used [0x00000007d7000000,0x00000007d7000000,0x00000007dbd80000)
  from space 1536K, 70% used [0x00000007dd800000,0x00000007dd90e830,0x00000007dd980000)
  to   space 3584K, 0% used [0x00000007dda80000,0x00000007dda80000,0x00000007dde00000)
 ParOldGen       total 83968K, used 27677K [0x0000000785000000, 0x000000078a200000, 0x00000007d7000000)
  object space 83968K, 32% used [0x0000000785000000,0x0000000786b07658,0x000000078a200000)
 PSPermGen       total 21504K, used 14893K [0x000000077aa00000, 0x000000077bf00000, 0x0000000785000000)
  object space 21504K, 69% used [0x000000077aa00000,0x000000077b88b590,0x000000077bf00000)
}

