# JRE version: OpenJDK Runtime Environment (7.0_91-b02) (build 1.7.0_91-b02)
# Java VM: OpenJDK 64-Bit Server VM (24.91-b01 mixed mode linux-amd64 compressed oops)
Heap
 PSYoungGen      total 65024K, used 43336K [0x00000007d7000000, 0x00000007e4d80000, 0x0000000800000000)
  eden space 63488K, 66% used [0x00000007d7000000,0x00000007d98fff90,0x00000007dae00000)
  from space 1536K, 88% used [0x00000007e4900000,0x00000007e4a52248,0x00000007e4a80000)
  to   space 3072K, 0% used [0x00000007e4a80000,0x00000007e4a80000,0x00000007e4d80000)
 ParOldGen       total 83968K, used 3636K [0x0000000785000000, 0x000000078a200000, 0x00000007d7000000)
  object space 83968K, 4% used [0x0000000785000000,0x000000078538d0a0,0x000000078a200000)
 PSPermGen       total 21504K, used 15329K [0x000000077aa00000, 0x000000077bf00000, 0x0000000785000000)
  object space 21504K, 71% used [0x000000077aa00000,0x000000077b8f8668,0x000000077bf00000)
GC Heap History (10 events):
Event: 14,905 GC heap before
{Heap before GC invocations=23 (full 0):
 PSYoungGen      total 75776K, used 75107K [0x00000007d7000000, 0x00000007e5480000, 0x0000000800000000)
  eden space 74240K, 99% used [0x00000007d7000000,0x00000007db806a10,0x00000007db880000)
  from space 1536K, 88% used [0x00000007e5300000,0x00000007e5452248,0x00000007e5480000)
  to   space 3584K, 0% used [0x00000007e4d80000,0x00000007e4d80000,0x00000007e5100000)
 ParOldGen       total 83968K, used 3500K [0x0000000785000000, 0x000000078a200000, 0x00000007d7000000)
  object space 83968K, 4% used [0x0000000785000000,0x000000078536b0a0,0x000000078a200000)
 PSPermGen       total 21504K, used 15017K [0x000000077aa00000, 0x000000077bf00000, 0x0000000785000000)
  object space 21504K, 69% used [0x000000077aa00000,0x000000077b8aa4b8,0x000000077bf00000)
Event: 14,906 GC heap after
Heap after GC invocations=23 (full 0):
 PSYoungGen      total 73216K, used 1193K [0x00000007d7000000, 0x00000007e5380000, 0x0000000800000000)
  eden space 71680K, 0% used [0x00000007d7000000,0x00000007d7000000,0x00000007db600000)
  from space 1536K, 77% used [0x00000007e4d80000,0x00000007e4eaa638,0x00000007e4f00000)
  to   space 3584K, 0% used [0x00000007e5000000,0x00000007e5000000,0x00000007e5380000)
 ParOldGen       total 83968K, used 3516K [0x0000000785000000, 0x000000078a200000, 0x00000007d7000000)
  object space 83968K, 4% used [0x0000000785000000,0x000000078536f0a0,0x000000078a200000)
 PSPermGen       total 21504K, used 15017K [0x000000077aa00000, 0x000000077bf00000, 0x0000000785000000)
  object space 21504K, 69% used [0x000000077aa00000,0x000000077b8aa4b8,0x000000077bf00000)
}
Event: 15,344 GC heap before
{Heap before GC invocations=24 (full 0):
 PSYoungGen      total 73216K, used 72683K [0x00000007d7000000, 0x00000007e5380000, 0x0000000800000000)
  eden space 71680K, 99% used [0x00000007d7000000,0x00000007db5d0880,0x00000007db600000)
  from space 1536K, 77% used [0x00000007e4d80000,0x00000007e4eaa638,0x00000007e4f00000)
  to   space 3584K, 0% used [0x00000007e5000000,0x00000007e5000000,0x00000007e5380000)
 ParOldGen       total 83968K, used 3516K [0x0000000785000000, 0x000000078a200000, 0x00000007d7000000)
  object space 83968K, 4% used [0x0000000785000000,0x000000078536f0a0,0x000000078a200000)
 PSPermGen       total 21504K, used 15323K [0x000000077aa00000, 0x000000077bf00000, 0x0000000785000000)
  object space 21504K, 71% used [0x000000077aa00000,0x000000077b8f6c10,0x000000077bf00000)
Event: 15,345 GC heap after
Heap after GC invocations=24 (full 0):
 PSYoungGen      total 71168K, used 1114K [0x00000007d7000000, 0x00000007e5180000, 0x0000000800000000)
  eden space 69632K, 0% used [0x00000007d7000000,0x00000007d7000000,0x00000007db400000)
  from space 1536K, 72% used [0x00000007e5000000,0x00000007e5116830,0x00000007e5180000)
  to   space 3584K, 0% used [0x00000007e4a80000,0x00000007e4a80000,0x00000007e4e00000)
 ParOldGen       total 83968K, used 3540K [0x0000000785000000, 0x000000078a200000, 0x00000007d7000000)
  object space 83968K, 4% used [0x0000000785000000,0x00000007853750a0,0x000000078a200000)
 PSPermGen       total 21504K, used 15323K [0x000000077aa00000, 0x000000077bf00000, 0x0000000785000000)
  object space 21504K, 71% used [0x000000077aa00000,0x000000077b8f6c10,0x000000077bf00000)
}
Event: 15,780 GC heap before
{Heap before GC invocations=25 (full 0):
 PSYoungGen      total 71168K, used 67194K [0x00000007d7000000, 0x00000007e5180000, 0x0000000800000000)
  eden space 69632K, 94% used [0x00000007d7000000,0x00000007db088020,0x00000007db400000)
  from space 1536K, 72% used [0x00000007e5000000,0x00000007e5116830,0x00000007e5180000)
  to   space 3584K, 0% used [0x00000007e4a80000,0x00000007e4a80000,0x00000007e4e00000)
 ParOldGen       total 83968K, used 3540K [0x0000000785000000, 0x000000078a200000, 0x00000007d7000000)
  object space 83968K, 4% used [0x0000000785000000,0x00000007853750a0,0x000000078a200000)
 PSPermGen       total 21504K, used 15328K [0x000000077aa00000, 0x000000077bf00000, 0x0000000785000000)
  object space 21504K, 71% used [0x000000077aa00000,0x000000077b8f8260,0x000000077bf00000)
Event: 15,781 GC heap after
Heap after GC invocations=25 (full 0):
 PSYoungGen      total 69120K, used 1193K [0x00000007d7000000, 0x00000007e5080000, 0x0000000800000000)
  eden space 67584K, 0% used [0x00000007d7000000,0x00000007d7000000,0x00000007db200000)
  from space 1536K, 77% used [0x00000007e4a80000,0x00000007e4baa638,0x00000007e4c00000)
  to   space 3584K, 0% used [0x00000007e4d00000,0x00000007e4d00000,0x00000007e5080000)
 ParOldGen       total 83968K, used 3596K [0x0000000785000000, 0x000000078a200000, 0x00000007d7000000)
  object space 83968K, 4% used [0x0000000785000000,0x00000007853830a0,0x000000078a200000)
 PSPermGen       total 21504K, used 15328K [0x000000077aa00000, 0x000000077bf00000, 0x0000000785000000)
  object space 21504K, 71% used [0x000000077aa00000,0x000000077b8f8260,0x000000077bf00000)
}
Event: 16,204 GC heap before
{Heap before GC invocations=26 (full 0):
 PSYoungGen      total 69120K, used 67312K [0x00000007d7000000, 0x00000007e5080000, 0x0000000800000000)
  eden space 67584K, 97% used [0x00000007d7000000,0x00000007db091c28,0x00000007db200000)
  from space 1536K, 77% used [0x00000007e4a80000,0x00000007e4baa638,0x00000007e4c00000)
  to   space 3584K, 0% used [0x00000007e4d00000,0x00000007e4d00000,0x00000007e5080000)
 ParOldGen       total 83968K, used 3596K [0x0000000785000000, 0x000000078a200000, 0x00000007d7000000)
  object space 83968K, 4% used [0x0000000785000000,0x00000007853830a0,0x000000078a200000)
 PSPermGen       total 21504K, used 15329K [0x000000077aa00000, 0x000000077bf00000, 0x0000000785000000)
  object space 21504K, 71% used [0x000000077aa00000,0x000000077b8f8590,0x000000077bf00000)
Event: 16,205 GC heap after
Heap after GC invocations=26 (full 0):
 PSYoungGen      total 67584K, used 1591K [0x00000007d7000000, 0x00000007e4f00000, 0x0000000800000000)
  eden space 65536K, 0% used [0x00000007d7000000,0x00000007d7000000,0x00000007db000000)
  from space 2048K, 77% used [0x00000007e4d00000,0x00000007e4e8dc00,0x00000007e4f00000)
  to   space 3072K, 0% used [0x00000007e4900000,0x00000007e4900000,0x00000007e4c00000)
 ParOldGen       total 83968K, used 3612K [0x0000000785000000, 0x000000078a200000, 0x00000007d7000000)
  object space 83968K, 4% used [0x0000000785000000,0x00000007853870a0,0x000000078a200000)
 PSPermGen       total 21504K, used 15329K [0x000000077aa00000, 0x000000077bf00000, 0x0000000785000000)
  object space 21504K, 71% used [0x000000077aa00000,0x000000077b8f8590,0x000000077bf00000)
}
Event: 16,625 GC heap before
{Heap before GC invocations=27 (full 0):
 PSYoungGen      total 67584K, used 66361K [0x00000007d7000000, 0x00000007e4f00000, 0x0000000800000000)
  eden space 65536K, 98% used [0x00000007d7000000,0x00000007daf40850,0x00000007db000000)
  from space 2048K, 77% used [0x00000007e4d00000,0x00000007e4e8dc00,0x00000007e4f00000)
  to   space 3072K, 0% used [0x00000007e4900000,0x00000007e4900000,0x00000007e4c00000)
 ParOldGen       total 83968K, used 3612K [0x0000000785000000, 0x000000078a200000, 0x00000007d7000000)
  object space 83968K, 4% used [0x0000000785000000,0x00000007853870a0,0x000000078a200000)
 PSPermGen       total 21504K, used 15329K [0x000000077aa00000, 0x000000077bf00000, 0x0000000785000000)
  object space 21504K, 71% used [0x000000077aa00000,0x000000077b8f8590,0x000000077bf00000)
Event: 16,626 GC heap after
Heap after GC invocations=27 (full 0):
 PSYoungGen      total 65024K, used 1352K [0x00000007d7000000, 0x00000007e4d80000, 0x0000000800000000)
  eden space 63488K, 0% used [0x00000007d7000000,0x00000007d7000000,0x00000007dae00000)
  from space 1536K, 88% used [0x00000007e4900000,0x00000007e4a52248,0x00000007e4a80000)
  to   space 3072K, 0% used [0x00000007e4a80000,0x00000007e4a80000,0x00000007e4d80000)
 ParOldGen       total 83968K, used 3636K [0x0000000785000000, 0x000000078a200000, 0x00000007d7000000)
  object space 83968K, 4% used [0x0000000785000000,0x000000078538d0a0,0x000000078a200000)
 PSPermGen       total 21504K, used 15329K [0x000000077aa00000, 0x000000077bf00000, 0x0000000785000000)
  object space 21504K, 71% used [0x000000077aa00000,0x000000077b8f8590,0x000000077bf00000)
}

