# JRE version: OpenJDK Runtime Environment (7.0_91-b02) (build 1.7.0_91-b02)
# Java VM: OpenJDK 64-Bit Server VM (24.91-b01 mixed mode linux-amd64 compressed oops)
Heap
 PSYoungGen      total 83968K, used 5552K [0x00000007d7000000, 0x00000007e5b80000, 0x0000000800000000)
  eden space 81920K, 4% used [0x00000007d7000000,0x00000007d73de4a8,0x00000007dc000000)
  from space 2048K, 77% used [0x00000007e5500000,0x00000007e568dc00,0x00000007e5700000)
  to   space 4096K, 0% used [0x00000007e5780000,0x00000007e5780000,0x00000007e5b80000)
 ParOldGen       total 83968K, used 3356K [0x0000000785000000, 0x000000078a200000, 0x00000007d7000000)
  object space 83968K, 3% used [0x0000000785000000,0x00000007853470a0,0x000000078a200000)
 PSPermGen       total 21504K, used 14854K [0x000000077aa00000, 0x000000077bf00000, 0x0000000785000000)
  object space 21504K, 69% used [0x000000077aa00000,0x000000077b881830,0x000000077bf00000)
GC Heap History (10 events):
Event: 9,375 GC heap before
{Heap before GC invocations=15 (full 0):
 PSYoungGen      total 99840K, used 99285K [0x00000007d7000000, 0x00000007e6300000, 0x0000000800000000)
  eden space 97792K, 99% used [0x00000007d7000000,0x00000007dcf6f828,0x00000007dcf80000)
  from space 2048K, 76% used [0x00000007e6100000,0x00000007e6285c00,0x00000007e6300000)
  to   space 4096K, 0% used [0x00000007e5b00000,0x00000007e5b00000,0x00000007e5f00000)
 ParOldGen       total 83968K, used 2052K [0x0000000785000000, 0x000000078a200000, 0x00000007d7000000)
  object space 83968K, 2% used [0x0000000785000000,0x0000000785201090,0x000000078a200000)
 PSPermGen       total 21504K, used 14832K [0x000000077aa00000, 0x000000077bf00000, 0x0000000785000000)
  object space 21504K, 68% used [0x000000077aa00000,0x000000077b87c200,0x000000077bf00000)
Event: 9,377 GC heap after
Heap after GC invocations=15 (full 0):
 PSYoungGen      total 97792K, used 3355K [0x00000007d7000000, 0x00000007e6180000, 0x0000000800000000)
  eden space 94208K, 0% used [0x00000007d7000000,0x00000007d7000000,0x00000007dcc00000)
  from space 3584K, 93% used [0x00000007e5b00000,0x00000007e5e46c40,0x00000007e5e80000)
  to   space 3072K, 0% used [0x00000007e5e80000,0x00000007e5e80000,0x00000007e6180000)
 ParOldGen       total 83968K, used 3276K [0x0000000785000000, 0x000000078a200000, 0x00000007d7000000)
  object space 83968K, 3% used [0x0000000785000000,0x00000007853330a0,0x000000078a200000)
 PSPermGen       total 21504K, used 14832K [0x000000077aa00000, 0x000000077bf00000, 0x0000000785000000)
  object space 21504K, 68% used [0x000000077aa00000,0x000000077b87c200,0x000000077bf00000)
}
Event: 10,012 GC heap before
{Heap before GC invocations=16 (full 0):
 PSYoungGen      total 97792K, used 97563K [0x00000007d7000000, 0x00000007e6180000, 0x0000000800000000)
  eden space 94208K, 100% used [0x00000007d7000000,0x00000007dcc00000,0x00000007dcc00000)
  from space 3584K, 93% used [0x00000007e5b00000,0x00000007e5e46c40,0x00000007e5e80000)
  to   space 3072K, 0% used [0x00000007e5e80000,0x00000007e5e80000,0x00000007e6180000)
 ParOldGen       total 83968K, used 3276K [0x0000000785000000, 0x000000078a200000, 0x00000007d7000000)
  object space 83968K, 3% used [0x0000000785000000,0x00000007853330a0,0x000000078a200000)
 PSPermGen       total 21504K, used 14837K [0x000000077aa00000, 0x000000077bf00000, 0x0000000785000000)
  object space 21504K, 68% used [0x000000077aa00000,0x000000077b87d578,0x000000077bf00000)
Event: 10,013 GC heap after
Heap after GC invocations=16 (full 0):
 PSYoungGen      total 92672K, used 1511K [0x00000007d7000000, 0x00000007e6000000, 0x0000000800000000)
  eden space 91136K, 0% used [0x00000007d7000000,0x00000007d7000000,0x00000007dc900000)
  from space 1536K, 98% used [0x00000007e5e80000,0x00000007e5ff9e28,0x00000007e6000000)
  to   space 4096K, 0% used [0x00000007e5800000,0x00000007e5800000,0x00000007e5c00000)
 ParOldGen       total 83968K, used 3292K [0x0000000785000000, 0x000000078a200000, 0x00000007d7000000)
  object space 83968K, 3% used [0x0000000785000000,0x00000007853370a0,0x000000078a200000)
 PSPermGen       total 21504K, used 14837K [0x000000077aa00000, 0x000000077bf00000, 0x0000000785000000)
  object space 21504K, 68% used [0x000000077aa00000,0x000000077b87d578,0x000000077bf00000)
}
Event: 10,612 GC heap before
{Heap before GC invocations=17 (full 0):
 PSYoungGen      total 92672K, used 91721K [0x00000007d7000000, 0x00000007e6000000, 0x0000000800000000)
  eden space 91136K, 98% used [0x00000007d7000000,0x00000007dc818708,0x00000007dc900000)
  from space 1536K, 98% used [0x00000007e5e80000,0x00000007e5ff9e28,0x00000007e6000000)
  to   space 4096K, 0% used [0x00000007e5800000,0x00000007e5800000,0x00000007e5c00000)
 ParOldGen       total 83968K, used 3292K [0x0000000785000000, 0x000000078a200000, 0x00000007d7000000)
  object space 83968K, 3% used [0x0000000785000000,0x00000007853370a0,0x000000078a200000)
 PSPermGen       total 21504K, used 14839K [0x000000077aa00000, 0x000000077bf00000, 0x0000000785000000)
  object space 21504K, 69% used [0x000000077aa00000,0x000000077b87def0,0x000000077bf00000)
Event: 10,613 GC heap after
Heap after GC invocations=17 (full 0):
 PSYoungGen      total 90112K, used 1638K [0x00000007d7000000, 0x00000007e5f00000, 0x0000000800000000)
  eden space 88064K, 0% used [0x00000007d7000000,0x00000007d7000000,0x00000007dc600000)
  from space 2048K, 80% used [0x00000007e5800000,0x00000007e5999a08,0x00000007e5a00000)
  to   space 4096K, 0% used [0x00000007e5b00000,0x00000007e5b00000,0x00000007e5f00000)
 ParOldGen       total 83968K, used 3308K [0x0000000785000000, 0x000000078a200000, 0x00000007d7000000)
  object space 83968K, 3% used [0x0000000785000000,0x000000078533b0a0,0x000000078a200000)
 PSPermGen       total 21504K, used 14839K [0x000000077aa00000, 0x000000077bf00000, 0x0000000785000000)
  object space 21504K, 69% used [0x000000077aa00000,0x000000077b87def0,0x000000077bf00000)
}
Event: 11,181 GC heap before
{Heap before GC invocations=18 (full 0):
 PSYoungGen      total 90112K, used 89332K [0x00000007d7000000, 0x00000007e5f00000, 0x0000000800000000)
  eden space 88064K, 99% used [0x00000007d7000000,0x00000007dc5a3970,0x00000007dc600000)
  from space 2048K, 80% used [0x00000007e5800000,0x00000007e5999a08,0x00000007e5a00000)
  to   space 4096K, 0% used [0x00000007e5b00000,0x00000007e5b00000,0x00000007e5f00000)
 ParOldGen       total 83968K, used 3308K [0x0000000785000000, 0x000000078a200000, 0x00000007d7000000)
  object space 83968K, 3% used [0x0000000785000000,0x000000078533b0a0,0x000000078a200000)
 PSPermGen       total 21504K, used 14847K [0x000000077aa00000, 0x000000077bf00000, 0x0000000785000000)
  object space 21504K, 69% used [0x000000077aa00000,0x000000077b87fe30,0x000000077bf00000)
Event: 11,182 GC heap after
Heap after GC invocations=18 (full 0):
 PSYoungGen      total 87040K, used 1591K [0x00000007d7000000, 0x00000007e5d00000, 0x0000000800000000)
  eden space 84992K, 0% used [0x00000007d7000000,0x00000007d7000000,0x00000007dc300000)
  from space 2048K, 77% used [0x00000007e5b00000,0x00000007e5c8dc00,0x00000007e5d00000)
  to   space 4096K, 0% used [0x00000007e5500000,0x00000007e5500000,0x00000007e5900000)
 ParOldGen       total 83968K, used 3324K [0x0000000785000000, 0x000000078a200000, 0x00000007d7000000)
  object space 83968K, 3% used [0x0000000785000000,0x000000078533f0a0,0x000000078a200000)
 PSPermGen       total 21504K, used 14847K [0x000000077aa00000, 0x000000077bf00000, 0x0000000785000000)
  object space 21504K, 69% used [0x000000077aa00000,0x000000077b87fe30,0x000000077bf00000)
}
Event: 11,733 GC heap before
{Heap before GC invocations=19 (full 0):
 PSYoungGen      total 87040K, used 84288K [0x00000007d7000000, 0x00000007e5d00000, 0x0000000800000000)
  eden space 84992K, 97% used [0x00000007d7000000,0x00000007dc0c2660,0x00000007dc300000)
  from space 2048K, 77% used [0x00000007e5b00000,0x00000007e5c8dc00,0x00000007e5d00000)
  to   space 4096K, 0% used [0x00000007e5500000,0x00000007e5500000,0x00000007e5900000)
 ParOldGen       total 83968K, used 3324K [0x0000000785000000, 0x000000078a200000, 0x00000007d7000000)
  object space 83968K, 3% used [0x0000000785000000,0x000000078533f0a0,0x000000078a200000)
 PSPermGen       total 21504K, used 14853K [0x000000077aa00000, 0x000000077bf00000, 0x0000000785000000)
  object space 21504K, 69% used [0x000000077aa00000,0x000000077b881730,0x000000077bf00000)
Event: 11,735 GC heap after
Heap after GC invocations=19 (full 0):
 PSYoungGen      total 83968K, used 1591K [0x00000007d7000000, 0x00000007e5b80000, 0x0000000800000000)
  eden space 81920K, 0% used [0x00000007d7000000,0x00000007d7000000,0x00000007dc000000)
  from space 2048K, 77% used [0x00000007e5500000,0x00000007e568dc00,0x00000007e5700000)
  to   space 4096K, 0% used [0x00000007e5780000,0x00000007e5780000,0x00000007e5b80000)
 ParOldGen       total 83968K, used 3356K [0x0000000785000000, 0x000000078a200000, 0x00000007d7000000)
  object space 83968K, 3% used [0x0000000785000000,0x00000007853470a0,0x000000078a200000)
 PSPermGen       total 21504K, used 14853K [0x000000077aa00000, 0x000000077bf00000, 0x0000000785000000)
  object space 21504K, 69% used [0x000000077aa00000,0x000000077b881730,0x000000077bf00000)
}

