# JRE version: OpenJDK Runtime Environment (7.0_91-b02) (build 1.7.0_91-b02)
# Java VM: OpenJDK 64-Bit Server VM (24.91-b01 mixed mode linux-amd64 compressed oops)
Heap
 PSYoungGen      total 131072K, used 21609K [0x00000007d7000000, 0x00000007e7100000, 0x0000000800000000)
  eden space 126976K, 16% used [0x00000007d7000000,0x00000007d841fa38,0x00000007dec00000)
  from space 4096K, 24% used [0x00000007dec00000,0x00000007decfaa28,0x00000007df000000)
  to   space 4608K, 0% used [0x00000007e6c80000,0x00000007e6c80000,0x00000007e7100000)
 ParOldGen       total 83968K, used 1884K [0x0000000785000000, 0x000000078a200000, 0x00000007d7000000)
  object space 83968K, 2% used [0x0000000785000000,0x00000007851d7090,0x000000078a200000)
 PSPermGen       total 21504K, used 14789K [0x000000077aa00000, 0x000000077bf00000, 0x0000000785000000)
  object space 21504K, 68% used [0x000000077aa00000,0x000000077b871768,0x000000077bf00000)
GC Heap History (10 events):
Event: 2,663 GC heap before
{Heap before GC invocations=3 (full 0):
 PSYoungGen      total 36864K, used 33598K [0x00000007d7000000, 0x00000007db800000, 0x0000000800000000)
  eden space 31744K, 96% used [0x00000007d7000000,0x00000007d8dd9190,0x00000007d8f00000)
  from space 5120K, 59% used [0x00000007d9400000,0x00000007d96f6678,0x00000007d9900000)
  to   space 5120K, 0% used [0x00000007d8f00000,0x00000007d8f00000,0x00000007d9400000)
 ParOldGen       total 83968K, used 16K [0x0000000785000000, 0x000000078a200000, 0x00000007d7000000)
  object space 83968K, 0% used [0x0000000785000000,0x0000000785004000,0x000000078a200000)
 PSPermGen       total 21504K, used 14677K [0x000000077aa00000, 0x000000077bf00000, 0x0000000785000000)
  object space 21504K, 68% used [0x000000077aa00000,0x000000077b855770,0x000000077bf00000)
Event: 2,666 GC heap after
Heap after GC invocations=3 (full 0):
 PSYoungGen      total 36864K, used 3446K [0x00000007d7000000, 0x00000007db800000, 0x0000000800000000)
  eden space 31744K, 0% used [0x00000007d7000000,0x00000007d7000000,0x00000007d8f00000)
  from space 5120K, 67% used [0x00000007d8f00000,0x00000007d925da48,0x00000007d9400000)
  to   space 5120K, 0% used [0x00000007db300000,0x00000007db300000,0x00000007db800000)
 ParOldGen       total 83968K, used 16K [0x0000000785000000, 0x000000078a200000, 0x00000007d7000000)
  object space 83968K, 0% used [0x0000000785000000,0x0000000785004000,0x000000078a200000)
 PSPermGen       total 21504K, used 14677K [0x000000077aa00000, 0x000000077bf00000, 0x0000000785000000)
  object space 21504K, 68% used [0x000000077aa00000,0x000000077b855770,0x000000077bf00000)
}
Event: 2,799 GC heap before
{Heap before GC invocations=4 (full 0):
 PSYoungGen      total 36864K, used 34078K [0x00000007d7000000, 0x00000007db800000, 0x0000000800000000)
  eden space 31744K, 96% used [0x00000007d7000000,0x00000007d8dea080,0x00000007d8f00000)
  from space 5120K, 67% used [0x00000007d8f00000,0x00000007d925da48,0x00000007d9400000)
  to   space 5120K, 0% used [0x00000007db300000,0x00000007db300000,0x00000007db800000)
 ParOldGen       total 83968K, used 16K [0x0000000785000000, 0x000000078a200000, 0x00000007d7000000)
  object space 83968K, 0% used [0x0000000785000000,0x0000000785004000,0x000000078a200000)
 PSPermGen       total 21504K, used 14684K [0x000000077aa00000, 0x000000077bf00000, 0x0000000785000000)
  object space 21504K, 68% used [0x000000077aa00000,0x000000077b857140,0x000000077bf00000)
Event: 2,802 GC heap after
Heap after GC invocations=4 (full 0):
 PSYoungGen      total 68608K, used 2810K [0x00000007d7000000, 0x00000007db800000, 0x0000000800000000)
  eden space 63488K, 0% used [0x00000007d7000000,0x00000007d7000000,0x00000007dae00000)
  from space 5120K, 54% used [0x00000007db300000,0x00000007db5bea68,0x00000007db800000)
  to   space 5120K, 0% used [0x00000007dae00000,0x00000007dae00000,0x00000007db300000)
 ParOldGen       total 83968K, used 16K [0x0000000785000000, 0x000000078a200000, 0x00000007d7000000)
  object space 83968K, 0% used [0x0000000785000000,0x0000000785004000,0x000000078a200000)
 PSPermGen       total 21504K, used 14684K [0x000000077aa00000, 0x000000077bf00000, 0x0000000785000000)
  object space 21504K, 68% used [0x000000077aa00000,0x000000077b857140,0x000000077bf00000)
}
Event: 3,127 GC heap before
{Heap before GC invocations=5 (full 0):
 PSYoungGen      total 68608K, used 63845K [0x00000007d7000000, 0x00000007db800000, 0x0000000800000000)
  eden space 63488K, 96% used [0x00000007d7000000,0x00000007dab9aa78,0x00000007dae00000)
  from space 5120K, 54% used [0x00000007db300000,0x00000007db5bea68,0x00000007db800000)
  to   space 5120K, 0% used [0x00000007dae00000,0x00000007dae00000,0x00000007db300000)
 ParOldGen       total 83968K, used 16K [0x0000000785000000, 0x000000078a200000, 0x00000007d7000000)
  object space 83968K, 0% used [0x0000000785000000,0x0000000785004000,0x000000078a200000)
 PSPermGen       total 21504K, used 14687K [0x000000077aa00000, 0x000000077bf00000, 0x0000000785000000)
  object space 21504K, 68% used [0x000000077aa00000,0x000000077b857cc0,0x000000077bf00000)
Event: 3,131 GC heap after
Heap after GC invocations=5 (full 0):
 PSYoungGen      total 68608K, used 2842K [0x00000007d7000000, 0x00000007df400000, 0x0000000800000000)
  eden space 63488K, 0% used [0x00000007d7000000,0x00000007d7000000,0x00000007dae00000)
  from space 5120K, 55% used [0x00000007dae00000,0x00000007db0c6a68,0x00000007db300000)
  to   space 4096K, 0% used [0x00000007df000000,0x00000007df000000,0x00000007df400000)
 ParOldGen       total 83968K, used 16K [0x0000000785000000, 0x000000078a200000, 0x00000007d7000000)
  object space 83968K, 0% used [0x0000000785000000,0x0000000785004000,0x000000078a200000)
 PSPermGen       total 21504K, used 14687K [0x000000077aa00000, 0x000000077bf00000, 0x0000000785000000)
  object space 21504K, 68% used [0x000000077aa00000,0x000000077b857cc0,0x000000077bf00000)
}
Event: 3,457 GC heap before
{Heap before GC invocations=6 (full 0):
 PSYoungGen      total 68608K, used 63978K [0x00000007d7000000, 0x00000007df400000, 0x0000000800000000)
  eden space 63488K, 96% used [0x00000007d7000000,0x00000007dabb3e80,0x00000007dae00000)
  from space 5120K, 55% used [0x00000007dae00000,0x00000007db0c6a68,0x00000007db300000)
  to   space 4096K, 0% used [0x00000007df000000,0x00000007df000000,0x00000007df400000)
 ParOldGen       total 83968K, used 16K [0x0000000785000000, 0x000000078a200000, 0x00000007d7000000)
  object space 83968K, 0% used [0x0000000785000000,0x0000000785004000,0x000000078a200000)
 PSPermGen       total 21504K, used 14771K [0x000000077aa00000, 0x000000077bf00000, 0x0000000785000000)
  object space 21504K, 68% used [0x000000077aa00000,0x000000077b86cda0,0x000000077bf00000)
Event: 3,461 GC heap after
Heap after GC invocations=6 (full 0):
 PSYoungGen      total 131072K, used 2842K [0x00000007d7000000, 0x00000007df400000, 0x0000000800000000)
  eden space 126976K, 0% used [0x00000007d7000000,0x00000007d7000000,0x00000007dec00000)
  from space 4096K, 69% used [0x00000007df000000,0x00000007df2c6a68,0x00000007df400000)
  to   space 4096K, 0% used [0x00000007dec00000,0x00000007dec00000,0x00000007df000000)
 ParOldGen       total 83968K, used 16K [0x0000000785000000, 0x000000078a200000, 0x00000007d7000000)
  object space 83968K, 0% used [0x0000000785000000,0x0000000785004000,0x000000078a200000)
 PSPermGen       total 21504K, used 14771K [0x000000077aa00000, 0x000000077bf00000, 0x0000000785000000)
  object space 21504K, 68% used [0x000000077aa00000,0x000000077b86cda0,0x000000077bf00000)
}
Event: 4,201 GC heap before
{Heap before GC invocations=7 (full 0):
 PSYoungGen      total 131072K, used 128281K [0x00000007d7000000, 0x00000007df400000, 0x0000000800000000)
  eden space 126976K, 98% used [0x00000007d7000000,0x00000007dea7fae8,0x00000007dec00000)
  from space 4096K, 69% used [0x00000007df000000,0x00000007df2c6a68,0x00000007df400000)
  to   space 4096K, 0% used [0x00000007dec00000,0x00000007dec00000,0x00000007df000000)
 ParOldGen       total 83968K, used 16K [0x0000000785000000, 0x000000078a200000, 0x00000007d7000000)
  object space 83968K, 0% used [0x0000000785000000,0x0000000785004000,0x000000078a200000)
 PSPermGen       total 21504K, used 14777K [0x000000077aa00000, 0x000000077bf00000, 0x0000000785000000)
  object space 21504K, 68% used [0x000000077aa00000,0x000000077b86e618,0x000000077bf00000)
Event: 4,205 GC heap after
Heap after GC invocations=7 (full 0):
 PSYoungGen      total 131072K, used 1002K [0x00000007d7000000, 0x00000007e7100000, 0x0000000800000000)
  eden space 126976K, 0% used [0x00000007d7000000,0x00000007d7000000,0x00000007dec00000)
  from space 4096K, 24% used [0x00000007dec00000,0x00000007decfaa28,0x00000007df000000)
  to   space 4608K, 0% used [0x00000007e6c80000,0x00000007e6c80000,0x00000007e7100000)
 ParOldGen       total 83968K, used 1884K [0x0000000785000000, 0x000000078a200000, 0x00000007d7000000)
  object space 83968K, 2% used [0x0000000785000000,0x00000007851d7090,0x000000078a200000)
 PSPermGen       total 21504K, used 14777K [0x000000077aa00000, 0x000000077bf00000, 0x0000000785000000)
  object space 21504K, 68% used [0x000000077aa00000,0x000000077b86e618,0x000000077bf00000)
}

