# JRE version: OpenJDK Runtime Environment (7.0_91-b02) (build 1.7.0_91-b02)
# Java VM: OpenJDK 64-Bit Server VM (24.91-b01 mixed mode linux-amd64 compressed oops)
Heap
 PSYoungGen      total 25088K, used 5531K [0x00000007d7000000, 0x00000007e2700000, 0x0000000800000000)
  eden space 23552K, 17% used [0x00000007d7000000,0x00000007d73ed100,0x00000007d8700000)
  from space 1536K, 98% used [0x00000007e2280000,0x00000007e23f9e28,0x00000007e2400000)
  to   space 2560K, 0% used [0x00000007e2480000,0x00000007e2480000,0x00000007e2700000)
 ParOldGen       total 83968K, used 8436K [0x0000000785000000, 0x000000078a200000, 0x00000007d7000000)
  object space 83968K, 10% used [0x0000000785000000,0x000000078583d3d8,0x000000078a200000)
 PSPermGen       total 21504K, used 15437K [0x000000077aa00000, 0x000000077bf00000, 0x0000000785000000)
  object space 21504K, 71% used [0x000000077aa00000,0x000000077b9136e0,0x000000077bf00000)
GC Heap History (10 events):
Event: 27,529 GC heap before
{Heap before GC invocations=73 (full 0):
 PSYoungGen      total 26112K, used 25339K [0x00000007d7000000, 0x00000007e2980000, 0x0000000800000000)
  eden space 24576K, 98% used [0x00000007d7000000,0x00000007d8794858,0x00000007d8800000)
  from space 1536K, 77% used [0x00000007e2800000,0x00000007e292a638,0x00000007e2980000)
  to   space 2048K, 0% used [0x00000007e2580000,0x00000007e2580000,0x00000007e2780000)
 ParOldGen       total 83968K, used 7696K [0x0000000785000000, 0x000000078a200000, 0x00000007d7000000)
  object space 83968K, 9% used [0x0000000785000000,0x00000007857843f8,0x000000078a200000)
 PSPermGen       total 21504K, used 15436K [0x000000077aa00000, 0x000000077bf00000, 0x0000000785000000)
  object space 21504K, 71% used [0x000000077aa00000,0x000000077b9131c0,0x000000077bf00000)
Event: 27,530 GC heap after
Heap after GC invocations=73 (full 0):
 PSYoungGen      total 25600K, used 1273K [0x00000007d7000000, 0x00000007e2880000, 0x0000000800000000)
  eden space 24064K, 0% used [0x00000007d7000000,0x00000007d7000000,0x00000007d8780000)
  from space 1536K, 82% used [0x00000007e2580000,0x00000007e26be410,0x00000007e2700000)
  to   space 1536K, 0% used [0x00000007e2700000,0x00000007e2700000,0x00000007e2880000)
 ParOldGen       total 83968K, used 7712K [0x0000000785000000, 0x000000078a200000, 0x00000007d7000000)
  object space 83968K, 9% used [0x0000000785000000,0x00000007857883f8,0x000000078a200000)
 PSPermGen       total 21504K, used 15436K [0x000000077aa00000, 0x000000077bf00000, 0x0000000785000000)
  object space 21504K, 71% used [0x000000077aa00000,0x000000077b9131c0,0x000000077bf00000)
}
Event: 27,644 GC heap before
{Heap before GC invocations=74 (full 0):
 PSYoungGen      total 25600K, used 22790K [0x00000007d7000000, 0x00000007e2880000, 0x0000000800000000)
  eden space 24064K, 89% used [0x00000007d7000000,0x00000007d85036c8,0x00000007d8780000)
  from space 1536K, 82% used [0x00000007e2580000,0x00000007e26be410,0x00000007e2700000)
  to   space 1536K, 0% used [0x00000007e2700000,0x00000007e2700000,0x00000007e2880000)
 ParOldGen       total 83968K, used 7712K [0x0000000785000000, 0x000000078a200000, 0x00000007d7000000)
  object space 83968K, 9% used [0x0000000785000000,0x00000007857883f8,0x000000078a200000)
 PSPermGen       total 21504K, used 15436K [0x000000077aa00000, 0x000000077bf00000, 0x0000000785000000)
  object space 21504K, 71% used [0x000000077aa00000,0x000000077b913288,0x000000077bf00000)
Event: 27,645 GC heap after
Heap after GC invocations=74 (full 0):
 PSYoungGen      total 25088K, used 1114K [0x00000007d7000000, 0x00000007e2880000, 0x0000000800000000)
  eden space 23552K, 0% used [0x00000007d7000000,0x00000007d7000000,0x00000007d8700000)
  from space 1536K, 72% used [0x00000007e2700000,0x00000007e2816830,0x00000007e2880000)
  to   space 2048K, 0% used [0x00000007e2480000,0x00000007e2480000,0x00000007e2680000)
 ParOldGen       total 83968K, used 7736K [0x0000000785000000, 0x000000078a200000, 0x00000007d7000000)
  object space 83968K, 9% used [0x0000000785000000,0x000000078578e3f8,0x000000078a200000)
 PSPermGen       total 21504K, used 15436K [0x000000077aa00000, 0x000000077bf00000, 0x0000000785000000)
  object space 21504K, 71% used [0x000000077aa00000,0x000000077b913288,0x000000077bf00000)
}
Event: 27,813 GC heap before
{Heap before GC invocations=75 (full 0):
 PSYoungGen      total 25088K, used 21600K [0x00000007d7000000, 0x00000007e2880000, 0x0000000800000000)
  eden space 23552K, 86% used [0x00000007d7000000,0x00000007d8401910,0x00000007d8700000)
  from space 1536K, 72% used [0x00000007e2700000,0x00000007e2816830,0x00000007e2880000)
  to   space 2048K, 0% used [0x00000007e2480000,0x00000007e2480000,0x00000007e2680000)
 ParOldGen       total 83968K, used 7736K [0x0000000785000000, 0x000000078a200000, 0x00000007d7000000)
  object space 83968K, 9% used [0x0000000785000000,0x000000078578e3f8,0x000000078a200000)
 PSPermGen       total 21504K, used 15437K [0x000000077aa00000, 0x000000077bf00000, 0x0000000785000000)
  object space 21504K, 71% used [0x000000077aa00000,0x000000077b9135e8,0x000000077bf00000)
Event: 27,814 GC heap after
Heap after GC invocations=75 (full 0):
 PSYoungGen      total 25600K, used 1670K [0x00000007d7000000, 0x00000007e2780000, 0x0000000800000000)
  eden space 23552K, 0% used [0x00000007d7000000,0x00000007d7000000,0x00000007d8700000)
  from space 2048K, 81% used [0x00000007e2480000,0x00000007e2621a08,0x00000007e2680000)
  to   space 1024K, 0% used [0x00000007e2680000,0x00000007e2680000,0x00000007e2780000)
 ParOldGen       total 83968K, used 7752K [0x0000000785000000, 0x000000078a200000, 0x00000007d7000000)
  object space 83968K, 9% used [0x0000000785000000,0x00000007857923f8,0x000000078a200000)
 PSPermGen       total 21504K, used 15437K [0x000000077aa00000, 0x000000077bf00000, 0x0000000785000000)
  object space 21504K, 71% used [0x000000077aa00000,0x000000077b9135e8,0x000000077bf00000)
}
Event: 27,923 GC heap before
{Heap before GC invocations=76 (full 0):
 PSYoungGen      total 25600K, used 24466K [0x00000007d7000000, 0x00000007e2780000, 0x0000000800000000)
  eden space 23552K, 96% used [0x00000007d7000000,0x00000007d8642fa8,0x00000007d8700000)
  from space 2048K, 81% used [0x00000007e2480000,0x00000007e2621a08,0x00000007e2680000)
  to   space 1024K, 0% used [0x00000007e2680000,0x00000007e2680000,0x00000007e2780000)
 ParOldGen       total 83968K, used 7752K [0x0000000785000000, 0x000000078a200000, 0x00000007d7000000)
  object space 83968K, 9% used [0x0000000785000000,0x00000007857923f8,0x000000078a200000)
 PSPermGen       total 21504K, used 15437K [0x000000077aa00000, 0x000000077bf00000, 0x0000000785000000)
  object space 21504K, 71% used [0x000000077aa00000,0x000000077b9135e8,0x000000077bf00000)
Event: 27,924 GC heap after
Heap after GC invocations=76 (full 0):
 PSYoungGen      total 24576K, used 1002K [0x00000007d7000000, 0x00000007e2780000, 0x0000000800000000)
  eden space 23552K, 0% used [0x00000007d7000000,0x00000007d7000000,0x00000007d8700000)
  from space 1024K, 97% used [0x00000007e2680000,0x00000007e277aa28,0x00000007e2780000)
  to   space 2560K, 0% used [0x00000007e2280000,0x00000007e2280000,0x00000007e2500000)
 ParOldGen       total 83968K, used 8420K [0x0000000785000000, 0x000000078a200000, 0x00000007d7000000)
  object space 83968K, 10% used [0x0000000785000000,0x00000007858393d8,0x000000078a200000)
 PSPermGen       total 21504K, used 15437K [0x000000077aa00000, 0x000000077bf00000, 0x0000000785000000)
  object space 21504K, 71% used [0x000000077aa00000,0x000000077b9135e8,0x000000077bf00000)
}
Event: 28,035 GC heap before
{Heap before GC invocations=77 (full 0):
 PSYoungGen      total 24576K, used 23841K [0x00000007d7000000, 0x00000007e2780000, 0x0000000800000000)
  eden space 23552K, 96% used [0x00000007d7000000,0x00000007d864dc08,0x00000007d8700000)
  from space 1024K, 97% used [0x00000007e2680000,0x00000007e277aa28,0x00000007e2780000)
  to   space 2560K, 0% used [0x00000007e2280000,0x00000007e2280000,0x00000007e2500000)
 ParOldGen       total 83968K, used 8420K [0x0000000785000000, 0x000000078a200000, 0x00000007d7000000)
  object space 83968K, 10% used [0x0000000785000000,0x00000007858393d8,0x000000078a200000)
 PSPermGen       total 21504K, used 15437K [0x000000077aa00000, 0x000000077bf00000, 0x0000000785000000)
  object space 21504K, 71% used [0x000000077aa00000,0x000000077b9135e8,0x000000077bf00000)
Event: 28,036 GC heap after
Heap after GC invocations=77 (full 0):
 PSYoungGen      total 25088K, used 1511K [0x00000007d7000000, 0x00000007e2700000, 0x0000000800000000)
  eden space 23552K, 0% used [0x00000007d7000000,0x00000007d7000000,0x00000007d8700000)
  from space 1536K, 98% used [0x00000007e2280000,0x00000007e23f9e28,0x00000007e2400000)
  to   space 2560K, 0% used [0x00000007e2480000,0x00000007e2480000,0x00000007e2700000)
 ParOldGen       total 83968K, used 8436K [0x0000000785000000, 0x000000078a200000, 0x00000007d7000000)
  object space 83968K, 10% used [0x0000000785000000,0x000000078583d3d8,0x000000078a200000)
 PSPermGen       total 21504K, used 15437K [0x000000077aa00000, 0x000000077bf00000, 0x0000000785000000)
  object space 21504K, 71% used [0x000000077aa00000,0x000000077b9135e8,0x000000077bf00000)
}

