# JRE version: Java(TM) SE Runtime Environment (7.0_79-b15) (build 1.7.0_79-b15)
# Java VM: Java HotSpot(TM) 64-Bit Server VM (24.79-b02 mixed mode bsd-amd64 compressed oops)
Heap
 PSYoungGen      total 282624K, used 91966K [0x00000007d5500000, 0x00000007e7500000, 0x0000000800000000)
  eden space 270336K, 33% used [0x00000007d5500000,0x00000007dac96a48,0x00000007e5d00000)
  from space 12288K, 18% used [0x00000007e6900000,0x00000007e6b38e38,0x00000007e7500000)
  to   space 12288K, 0% used [0x00000007e5d00000,0x00000007e5d00000,0x00000007e6900000)
 ParOldGen       total 87040K, used 18075K [0x0000000780000000, 0x0000000785500000, 0x00000007d5500000)
  object space 87040K, 20% used [0x0000000780000000,0x00000007811a6c48,0x0000000785500000)
 PSPermGen       total 21504K, used 13045K [0x000000077ae00000, 0x000000077c300000, 0x0000000780000000)
  object space 21504K, 60% used [0x000000077ae00000,0x000000077babd688,0x000000077c300000)
GC Heap History (10 events):
Event: 3.970 GC heap before
{Heap before GC invocations=4 (full 0):
 PSYoungGen      total 38912K, used 38259K [0x00000007d5500000, 0x00000007da100000, 0x0000000800000000)
  eden space 33792K, 99% used [0x00000007d5500000,0x00000007d75ebfe0,0x00000007d7600000)
  from space 5120K, 88% used [0x00000007d7600000,0x00000007d7a70d50,0x00000007d7b00000)
  to   space 5120K, 0% used [0x00000007d9c00000,0x00000007d9c00000,0x00000007da100000)
 ParOldGen       total 87040K, used 12785K [0x0000000780000000, 0x0000000785500000, 0x00000007d5500000)
  object space 87040K, 14% used [0x0000000780000000,0x0000000780c7c5b8,0x0000000785500000)
 PSPermGen       total 21504K, used 12975K [0x000000077ae00000, 0x000000077c300000, 0x0000000780000000)
  object space 21504K, 60% used [0x000000077ae00000,0x000000077baabe40,0x000000077c300000)
Event: 3.975 GC heap after
Heap after GC invocations=4 (full 0):
 PSYoungGen      total 72704K, used 5119K [0x00000007d5500000, 0x00000007da100000, 0x0000000800000000)
  eden space 67584K, 0% used [0x00000007d5500000,0x00000007d5500000,0x00000007d9700000)
  from space 5120K, 99% used [0x00000007d9c00000,0x00000007da0fff18,0x00000007da100000)
  to   space 5120K, 0% used [0x00000007d9700000,0x00000007d9700000,0x00000007d9c00000)
 ParOldGen       total 87040K, used 16227K [0x0000000780000000, 0x0000000785500000, 0x00000007d5500000)
  object space 87040K, 18% used [0x0000000780000000,0x0000000780fd8fd8,0x0000000785500000)
 PSPermGen       total 21504K, used 12975K [0x000000077ae00000, 0x000000077c300000, 0x0000000780000000)
  object space 21504K, 60% used [0x000000077ae00000,0x000000077baabe40,0x000000077c300000)
}
Event: 4.229 GC heap before
{Heap before GC invocations=5 (full 0):
 PSYoungGen      total 72704K, used 71280K [0x00000007d5500000, 0x00000007da100000, 0x0000000800000000)
  eden space 67584K, 97% used [0x00000007d5500000,0x00000007d959c118,0x00000007d9700000)
  from space 5120K, 99% used [0x00000007d9c00000,0x00000007da0fff18,0x00000007da100000)
  to   space 5120K, 0% used [0x00000007d9700000,0x00000007d9700000,0x00000007d9c00000)
 ParOldGen       total 87040K, used 16227K [0x0000000780000000, 0x0000000785500000, 0x00000007d5500000)
  object space 87040K, 18% used [0x0000000780000000,0x0000000780fd8fd8,0x0000000785500000)
 PSPermGen       total 21504K, used 12985K [0x000000077ae00000, 0x000000077c300000, 0x0000000780000000)
  object space 21504K, 60% used [0x000000077ae00000,0x000000077baae610,0x000000077c300000)
Event: 4.233 GC heap after
Heap after GC invocations=5 (full 0):
 PSYoungGen      total 72704K, used 2794K [0x00000007d5500000, 0x00000007df100000, 0x0000000800000000)
  eden space 67584K, 0% used [0x00000007d5500000,0x00000007d5500000,0x00000007d9700000)
  from space 5120K, 54% used [0x00000007d9700000,0x00000007d99baa28,0x00000007d9c00000)
  to   space 12288K, 0% used [0x00000007de500000,0x00000007de500000,0x00000007df100000)
 ParOldGen       total 87040K, used 16235K [0x0000000780000000, 0x0000000785500000, 0x00000007d5500000)
  object space 87040K, 18% used [0x0000000780000000,0x0000000780fdafd8,0x0000000785500000)
 PSPermGen       total 21504K, used 12985K [0x000000077ae00000, 0x000000077c300000, 0x0000000780000000)
  object space 21504K, 60% used [0x000000077ae00000,0x000000077baae610,0x000000077c300000)
}
Event: 10.511 GC heap before
{Heap before GC invocations=6 (full 0):
 PSYoungGen      total 72704K, used 69296K [0x00000007d5500000, 0x00000007df100000, 0x0000000800000000)
  eden space 67584K, 98% used [0x00000007d5500000,0x00000007d95f1908,0x00000007d9700000)
  from space 5120K, 54% used [0x00000007d9700000,0x00000007d99baa28,0x00000007d9c00000)
  to   space 12288K, 0% used [0x00000007de500000,0x00000007de500000,0x00000007df100000)
 ParOldGen       total 87040K, used 16235K [0x0000000780000000, 0x0000000785500000, 0x00000007d5500000)
  object space 87040K, 18% used [0x0000000780000000,0x0000000780fdafd8,0x0000000785500000)
 PSPermGen       total 21504K, used 12998K [0x000000077ae00000, 0x000000077c300000, 0x0000000780000000)
  object space 21504K, 60% used [0x000000077ae00000,0x000000077bab18d0,0x000000077c300000)
Event: 10.515 GC heap after
Heap after GC invocations=6 (full 0):
 PSYoungGen      total 147456K, used 3621K [0x00000007d5500000, 0x00000007df100000, 0x0000000800000000)
  eden space 135168K, 0% used [0x00000007d5500000,0x00000007d5500000,0x00000007dd900000)
  from space 12288K, 29% used [0x00000007de500000,0x00000007de889618,0x00000007df100000)
  to   space 12288K, 0% used [0x00000007dd900000,0x00000007dd900000,0x00000007de500000)
 ParOldGen       total 87040K, used 16235K [0x0000000780000000, 0x0000000785500000, 0x00000007d5500000)
  object space 87040K, 18% used [0x0000000780000000,0x0000000780fdafd8,0x0000000785500000)
 PSPermGen       total 21504K, used 12998K [0x000000077ae00000, 0x000000077c300000, 0x0000000780000000)
  object space 21504K, 60% used [0x000000077ae00000,0x000000077bab18d0,0x000000077c300000)
}
Event: 11.032 GC heap before
{Heap before GC invocations=7 (full 0):
 PSYoungGen      total 147456K, used 137794K [0x00000007d5500000, 0x00000007df100000, 0x0000000800000000)
  eden space 135168K, 99% used [0x00000007d5500000,0x00000007dd807410,0x00000007dd900000)
  from space 12288K, 29% used [0x00000007de500000,0x00000007de889618,0x00000007df100000)
  to   space 12288K, 0% used [0x00000007dd900000,0x00000007dd900000,0x00000007de500000)
 ParOldGen       total 87040K, used 16235K [0x0000000780000000, 0x0000000785500000, 0x00000007d5500000)
  object space 87040K, 18% used [0x0000000780000000,0x0000000780fdafd8,0x0000000785500000)
 PSPermGen       total 21504K, used 13020K [0x000000077ae00000, 0x000000077c300000, 0x0000000780000000)
  object space 21504K, 60% used [0x000000077ae00000,0x000000077bab70d8,0x000000077c300000)
Event: 11.036 GC heap after
Heap after GC invocations=7 (full 0):
 PSYoungGen      total 147456K, used 1083K [0x00000007d5500000, 0x00000007e7500000, 0x0000000800000000)
  eden space 135168K, 0% used [0x00000007d5500000,0x00000007d5500000,0x00000007dd900000)
  from space 12288K, 8% used [0x00000007dd900000,0x00000007dda0ec20,0x00000007de500000)
  to   space 12288K, 0% used [0x00000007e6900000,0x00000007e6900000,0x00000007e7500000)
 ParOldGen       total 87040K, used 18059K [0x0000000780000000, 0x0000000785500000, 0x00000007d5500000)
  object space 87040K, 20% used [0x0000000780000000,0x00000007811a2c48,0x0000000785500000)
 PSPermGen       total 21504K, used 13020K [0x000000077ae00000, 0x000000077c300000, 0x0000000780000000)
  object space 21504K, 60% used [0x000000077ae00000,0x000000077bab70d8,0x000000077c300000)
}
Event: 11.525 GC heap before
{Heap before GC invocations=8 (full 0):
 PSYoungGen      total 147456K, used 135734K [0x00000007d5500000, 0x00000007e7500000, 0x0000000800000000)
  eden space 135168K, 99% used [0x00000007d5500000,0x00000007dd87ee78,0x00000007dd900000)
  from space 12288K, 8% used [0x00000007dd900000,0x00000007dda0ec20,0x00000007de500000)
  to   space 12288K, 0% used [0x00000007e6900000,0x00000007e6900000,0x00000007e7500000)
 ParOldGen       total 87040K, used 18059K [0x0000000780000000, 0x0000000785500000, 0x00000007d5500000)
  object space 87040K, 20% used [0x0000000780000000,0x00000007811a2c48,0x0000000785500000)
 PSPermGen       total 21504K, used 13038K [0x000000077ae00000, 0x000000077c300000, 0x0000000780000000)
  object space 21504K, 60% used [0x000000077ae00000,0x000000077babb8c8,0x000000077c300000)
Event: 11.527 GC heap after
Heap after GC invocations=8 (full 0):
 PSYoungGen      total 282624K, used 2275K [0x00000007d5500000, 0x00000007e7500000, 0x0000000800000000)
  eden space 270336K, 0% used [0x00000007d5500000,0x00000007d5500000,0x00000007e5d00000)
  from space 12288K, 18% used [0x00000007e6900000,0x00000007e6b38e38,0x00000007e7500000)
  to   space 12288K, 0% used [0x00000007e5d00000,0x00000007e5d00000,0x00000007e6900000)
 ParOldGen       total 87040K, used 18075K [0x0000000780000000, 0x0000000785500000, 0x00000007d5500000)
  object space 87040K, 20% used [0x0000000780000000,0x00000007811a6c48,0x0000000785500000)
 PSPermGen       total 21504K, used 13038K [0x000000077ae00000, 0x000000077c300000, 0x0000000780000000)
  object space 21504K, 60% used [0x000000077ae00000,0x000000077babb8c8,0x000000077c300000)
}

