# JRE version: OpenJDK Runtime Environment (7.0_91-b02) (build 1.7.0_91-b02)
# Java VM: OpenJDK 64-Bit Server VM (24.91-b01 mixed mode linux-amd64 compressed oops)
Heap
 PSYoungGen      total 69632K, used 25855K [0x00000007d7000000, 0x00000007e5100000, 0x0000000800000000)
  eden space 67584K, 35% used [0x00000007d7000000,0x00000007d879e4f0,0x00000007db200000)
  from space 2048K, 81% used [0x00000007e4b80000,0x00000007e4d21a08,0x00000007e4d80000)
  to   space 3584K, 0% used [0x00000007e4d80000,0x00000007e4d80000,0x00000007e5100000)
 ParOldGen       total 83968K, used 14229K [0x0000000785000000, 0x000000078a200000, 0x00000007d7000000)
  object space 83968K, 16% used [0x0000000785000000,0x0000000785de5408,0x000000078a200000)
 PSPermGen       total 21504K, used 14870K [0x000000077aa00000, 0x000000077bf00000, 0x0000000785000000)
  object space 21504K, 69% used [0x000000077aa00000,0x000000077b885b50,0x000000077bf00000)
GC Heap History (10 events):
Event: 12,314 GC heap before
{Heap before GC invocations=21 (full 0):
 PSYoungGen      total 81408K, used 80364K [0x00000007d7000000, 0x00000007e5900000, 0x0000000800000000)
  eden space 79360K, 99% used [0x00000007d7000000,0x00000007dbcd9900,0x00000007dbd80000)
  from space 2048K, 81% used [0x00000007e5700000,0x00000007e58a1a08,0x00000007e5900000)
  to   space 4096K, 0% used [0x00000007e5100000,0x00000007e5100000,0x00000007e5500000)
 ParOldGen       total 83968K, used 14149K [0x0000000785000000, 0x000000078a200000, 0x00000007d7000000)
  object space 83968K, 16% used [0x0000000785000000,0x0000000785dd1408,0x000000078a200000)
 PSPermGen       total 21504K, used 14859K [0x000000077aa00000, 0x000000077bf00000, 0x0000000785000000)
  object space 21504K, 69% used [0x000000077aa00000,0x000000077b882e78,0x000000077bf00000)
Event: 12,315 GC heap after
Heap after GC invocations=21 (full 0):
 PSYoungGen      total 78848K, used 1750K [0x00000007d7000000, 0x00000007e5780000, 0x0000000800000000)
  eden space 76800K, 0% used [0x00000007d7000000,0x00000007d7000000,0x00000007dbb00000)
  from space 2048K, 85% used [0x00000007e5100000,0x00000007e52b5810,0x00000007e5300000)
  to   space 4096K, 0% used [0x00000007e5380000,0x00000007e5380000,0x00000007e5780000)
 ParOldGen       total 83968K, used 14165K [0x0000000785000000, 0x000000078a200000, 0x00000007d7000000)
  object space 83968K, 16% used [0x0000000785000000,0x0000000785dd5408,0x000000078a200000)
 PSPermGen       total 21504K, used 14859K [0x000000077aa00000, 0x000000077bf00000, 0x0000000785000000)
  object space 21504K, 69% used [0x000000077aa00000,0x000000077b882e78,0x000000077bf00000)
}
Event: 12,769 GC heap before
{Heap before GC invocations=22 (full 0):
 PSYoungGen      total 78848K, used 75431K [0x00000007d7000000, 0x00000007e5780000, 0x0000000800000000)
  eden space 76800K, 95% used [0x00000007d7000000,0x00000007db7f4600,0x00000007dbb00000)
  from space 2048K, 85% used [0x00000007e5100000,0x00000007e52b5810,0x00000007e5300000)
  to   space 4096K, 0% used [0x00000007e5380000,0x00000007e5380000,0x00000007e5780000)
 ParOldGen       total 83968K, used 14165K [0x0000000785000000, 0x000000078a200000, 0x00000007d7000000)
  object space 83968K, 16% used [0x0000000785000000,0x0000000785dd5408,0x000000078a200000)
 PSPermGen       total 21504K, used 14862K [0x000000077aa00000, 0x000000077bf00000, 0x0000000785000000)
  object space 21504K, 69% used [0x000000077aa00000,0x000000077b883b20,0x000000077bf00000)
Event: 12,770 GC heap after
Heap after GC invocations=22 (full 0):
 PSYoungGen      total 76288K, used 1670K [0x00000007d7000000, 0x00000007e5580000, 0x0000000800000000)
  eden space 74240K, 0% used [0x00000007d7000000,0x00000007d7000000,0x00000007db880000)
  from space 2048K, 81% used [0x00000007e5380000,0x00000007e5521a08,0x00000007e5580000)
  to   space 3584K, 0% used [0x00000007e4e80000,0x00000007e4e80000,0x00000007e5200000)
 ParOldGen       total 83968K, used 14181K [0x0000000785000000, 0x000000078a200000, 0x00000007d7000000)
  object space 83968K, 16% used [0x0000000785000000,0x0000000785dd9408,0x000000078a200000)
 PSPermGen       total 21504K, used 14862K [0x000000077aa00000, 0x000000077bf00000, 0x0000000785000000)
  object space 21504K, 69% used [0x000000077aa00000,0x000000077b883b20,0x000000077bf00000)
}
Event: 13,273 GC heap before
{Heap before GC invocations=23 (full 0):
 PSYoungGen      total 76288K, used 75406K [0x00000007d7000000, 0x00000007e5580000, 0x0000000800000000)
  eden space 74240K, 99% used [0x00000007d7000000,0x00000007db801ea8,0x00000007db880000)
  from space 2048K, 81% used [0x00000007e5380000,0x00000007e5521a08,0x00000007e5580000)
  to   space 3584K, 0% used [0x00000007e4e80000,0x00000007e4e80000,0x00000007e5200000)
 ParOldGen       total 83968K, used 14181K [0x0000000785000000, 0x000000078a200000, 0x00000007d7000000)
  object space 83968K, 16% used [0x0000000785000000,0x0000000785dd9408,0x000000078a200000)
 PSPermGen       total 21504K, used 14865K [0x000000077aa00000, 0x000000077bf00000, 0x0000000785000000)
  object space 21504K, 69% used [0x000000077aa00000,0x000000077b884480,0x000000077bf00000)
Event: 13,274 GC heap after
Heap after GC invocations=23 (full 0):
 PSYoungGen      total 73728K, used 1670K [0x00000007d7000000, 0x00000007e5400000, 0x0000000800000000)
  eden space 71680K, 0% used [0x00000007d7000000,0x00000007d7000000,0x00000007db600000)
  from space 2048K, 81% used [0x00000007e4e80000,0x00000007e5021a08,0x00000007e5080000)
  to   space 3584K, 0% used [0x00000007e5080000,0x00000007e5080000,0x00000007e5400000)
 ParOldGen       total 83968K, used 14189K [0x0000000785000000, 0x000000078a200000, 0x00000007d7000000)
  object space 83968K, 16% used [0x0000000785000000,0x0000000785ddb408,0x000000078a200000)
 PSPermGen       total 21504K, used 14865K [0x000000077aa00000, 0x000000077bf00000, 0x0000000785000000)
  object space 21504K, 69% used [0x000000077aa00000,0x000000077b884480,0x000000077bf00000)
}
Event: 13,712 GC heap before
{Heap before GC invocations=24 (full 0):
 PSYoungGen      total 73728K, used 73105K [0x00000007d7000000, 0x00000007e5400000, 0x0000000800000000)
  eden space 71680K, 99% used [0x00000007d7000000,0x00000007db5c2b98,0x00000007db600000)
  from space 2048K, 81% used [0x00000007e4e80000,0x00000007e5021a08,0x00000007e5080000)
  to   space 3584K, 0% used [0x00000007e5080000,0x00000007e5080000,0x00000007e5400000)
 ParOldGen       total 83968K, used 14189K [0x0000000785000000, 0x000000078a200000, 0x00000007d7000000)
  object space 83968K, 16% used [0x0000000785000000,0x0000000785ddb408,0x000000078a200000)
 PSPermGen       total 21504K, used 14870K [0x000000077aa00000, 0x000000077bf00000, 0x0000000785000000)
  object space 21504K, 69% used [0x000000077aa00000,0x000000077b885848,0x000000077bf00000)
Event: 13,713 GC heap after
Heap after GC invocations=24 (full 0):
 PSYoungGen      total 71680K, used 1670K [0x00000007d7000000, 0x00000007e5280000, 0x0000000800000000)
  eden space 69632K, 0% used [0x00000007d7000000,0x00000007d7000000,0x00000007db400000)
  from space 2048K, 81% used [0x00000007e5080000,0x00000007e5221a08,0x00000007e5280000)
  to   space 3584K, 0% used [0x00000007e4b80000,0x00000007e4b80000,0x00000007e4f00000)
 ParOldGen       total 83968K, used 14213K [0x0000000785000000, 0x000000078a200000, 0x00000007d7000000)
  object space 83968K, 16% used [0x0000000785000000,0x0000000785de1408,0x000000078a200000)
 PSPermGen       total 21504K, used 14870K [0x000000077aa00000, 0x000000077bf00000, 0x0000000785000000)
  object space 21504K, 69% used [0x000000077aa00000,0x000000077b885848,0x000000077bf00000)
}
Event: 14,150 GC heap before
{Heap before GC invocations=25 (full 0):
 PSYoungGen      total 71680K, used 67929K [0x00000007d7000000, 0x00000007e5280000, 0x0000000800000000)
  eden space 69632K, 95% used [0x00000007d7000000,0x00000007db0b4be8,0x00000007db400000)
  from space 2048K, 81% used [0x00000007e5080000,0x00000007e5221a08,0x00000007e5280000)
  to   space 3584K, 0% used [0x00000007e4b80000,0x00000007e4b80000,0x00000007e4f00000)
 ParOldGen       total 83968K, used 14213K [0x0000000785000000, 0x000000078a200000, 0x00000007d7000000)
  object space 83968K, 16% used [0x0000000785000000,0x0000000785de1408,0x000000078a200000)
 PSPermGen       total 21504K, used 14870K [0x000000077aa00000, 0x000000077bf00000, 0x0000000785000000)
  object space 21504K, 69% used [0x000000077aa00000,0x000000077b885930,0x000000077bf00000)
Event: 14,152 GC heap after
Heap after GC invocations=25 (full 0):
 PSYoungGen      total 69632K, used 1670K [0x00000007d7000000, 0x00000007e5100000, 0x0000000800000000)
  eden space 67584K, 0% used [0x00000007d7000000,0x00000007d7000000,0x00000007db200000)
  from space 2048K, 81% used [0x00000007e4b80000,0x00000007e4d21a08,0x00000007e4d80000)
  to   space 3584K, 0% used [0x00000007e4d80000,0x00000007e4d80000,0x00000007e5100000)
 ParOldGen       total 83968K, used 14229K [0x0000000785000000, 0x000000078a200000, 0x00000007d7000000)
  object space 83968K, 16% used [0x0000000785000000,0x0000000785de5408,0x000000078a200000)
 PSPermGen       total 21504K, used 14870K [0x000000077aa00000, 0x000000077bf00000, 0x0000000785000000)
  object space 21504K, 69% used [0x000000077aa00000,0x000000077b885930,0x000000077bf00000)
}

