# JRE version: OpenJDK Runtime Environment (7.0_91-b02) (build 1.7.0_91-b02)
# Java VM: OpenJDK 64-Bit Server VM (24.91-b01 mixed mode linux-amd64 compressed oops)
Heap
 PSYoungGen      total 81408K, used 75420K [0x00000007d7000000, 0x00000007e5980000, 0x0000000800000000)
  eden space 79360K, 92% used [0x00000007d7000000,0x00000007db8059b0,0x00000007dbd80000)
  from space 2048K, 81% used [0x00000007e5780000,0x00000007e5921a08,0x00000007e5980000)
  to   space 4096K, 0% used [0x00000007e5180000,0x00000007e5180000,0x00000007e5580000)
 ParOldGen       total 83968K, used 14120K [0x0000000785000000, 0x000000078a200000, 0x00000007d7000000)
  object space 83968K, 16% used [0x0000000785000000,0x0000000785dca0e0,0x000000078a200000)
 PSPermGen       total 21504K, used 14853K [0x000000077aa00000, 0x000000077bf00000, 0x0000000785000000)
  object space 21504K, 69% used [0x000000077aa00000,0x000000077b881798,0x000000077bf00000)
GC Heap History (10 events):
Event: 10,205 GC heap before
{Heap before GC invocations=16 (full 0):
 PSYoungGen      total 98304K, used 97908K [0x00000007d7000000, 0x00000007e6180000, 0x0000000800000000)
  eden space 94208K, 99% used [0x00000007d7000000,0x00000007dcbb74e8,0x00000007dcc00000)
  from space 4096K, 97% used [0x00000007e5b00000,0x00000007e5ee5c20,0x00000007e5f00000)
  to   space 2560K, 0% used [0x00000007e5f00000,0x00000007e5f00000,0x00000007e6180000)
 ParOldGen       total 83968K, used 3224K [0x0000000785000000, 0x000000078a200000, 0x00000007d7000000)
  object space 83968K, 3% used [0x0000000785000000,0x00000007853260b0,0x000000078a200000)
 PSPermGen       total 21504K, used 14835K [0x000000077aa00000, 0x000000077bf00000, 0x0000000785000000)
  object space 21504K, 68% used [0x000000077aa00000,0x000000077b87ccd0,0x000000077bf00000)
Event: 10,207 GC heap after
Heap after GC invocations=16 (full 0):
 PSYoungGen      total 92672K, used 1352K [0x00000007d7000000, 0x00000007e6080000, 0x0000000800000000)
  eden space 91136K, 0% used [0x00000007d7000000,0x00000007d7000000,0x00000007dc900000)
  from space 1536K, 88% used [0x00000007e5f00000,0x00000007e6052218,0x00000007e6080000)
  to   space 4608K, 0% used [0x00000007e5780000,0x00000007e5780000,0x00000007e5c00000)
 ParOldGen       total 83968K, used 14040K [0x0000000785000000, 0x000000078a200000, 0x00000007d7000000)
  object space 83968K, 16% used [0x0000000785000000,0x0000000785db60e0,0x000000078a200000)
 PSPermGen       total 21504K, used 14835K [0x000000077aa00000, 0x000000077bf00000, 0x0000000785000000)
  object space 21504K, 68% used [0x000000077aa00000,0x000000077b87ccd0,0x000000077bf00000)
}
Event: 10,811 GC heap before
{Heap before GC invocations=17 (full 0):
 PSYoungGen      total 92672K, used 92041K [0x00000007d7000000, 0x00000007e6080000, 0x0000000800000000)
  eden space 91136K, 99% used [0x00000007d7000000,0x00000007dc890250,0x00000007dc900000)
  from space 1536K, 88% used [0x00000007e5f00000,0x00000007e6052218,0x00000007e6080000)
  to   space 4608K, 0% used [0x00000007e5780000,0x00000007e5780000,0x00000007e5c00000)
 ParOldGen       total 83968K, used 14040K [0x0000000785000000, 0x000000078a200000, 0x00000007d7000000)
  object space 83968K, 16% used [0x0000000785000000,0x0000000785db60e0,0x000000078a200000)
 PSPermGen       total 21504K, used 14842K [0x000000077aa00000, 0x000000077bf00000, 0x0000000785000000)
  object space 21504K, 69% used [0x000000077aa00000,0x000000077b87e8a8,0x000000077bf00000)
Event: 10,812 GC heap after
Heap after GC invocations=17 (full 0):
 PSYoungGen      total 89600K, used 1193K [0x00000007d7000000, 0x00000007e5f80000, 0x0000000800000000)
  eden space 88064K, 0% used [0x00000007d7000000,0x00000007d7000000,0x00000007dc600000)
  from space 1536K, 77% used [0x00000007e5780000,0x00000007e58aa638,0x00000007e5900000)
  to   space 4608K, 0% used [0x00000007e5b00000,0x00000007e5b00000,0x00000007e5f80000)
 ParOldGen       total 83968K, used 14056K [0x0000000785000000, 0x000000078a200000, 0x00000007d7000000)
  object space 83968K, 16% used [0x0000000785000000,0x0000000785dba0e0,0x000000078a200000)
 PSPermGen       total 21504K, used 14842K [0x000000077aa00000, 0x000000077bf00000, 0x0000000785000000)
  object space 21504K, 69% used [0x000000077aa00000,0x000000077b87e8a8,0x000000077bf00000)
}
Event: 11,339 GC heap before
{Heap before GC invocations=18 (full 0):
 PSYoungGen      total 89600K, used 88812K [0x00000007d7000000, 0x00000007e5f80000, 0x0000000800000000)
  eden space 88064K, 99% used [0x00000007d7000000,0x00000007dc590cb8,0x00000007dc600000)
  from space 1536K, 77% used [0x00000007e5780000,0x00000007e58aa638,0x00000007e5900000)
  to   space 4608K, 0% used [0x00000007e5b00000,0x00000007e5b00000,0x00000007e5f80000)
 ParOldGen       total 83968K, used 14056K [0x0000000785000000, 0x000000078a200000, 0x00000007d7000000)
  object space 83968K, 16% used [0x0000000785000000,0x0000000785dba0e0,0x000000078a200000)
 PSPermGen       total 21504K, used 14843K [0x000000077aa00000, 0x000000077bf00000, 0x0000000785000000)
  object space 21504K, 69% used [0x000000077aa00000,0x000000077b87ecd0,0x000000077bf00000)
Event: 11,339 GC heap after
Heap after GC invocations=18 (full 0):
 PSYoungGen      total 86016K, used 1002K [0x00000007d7000000, 0x00000007e5c00000, 0x0000000800000000)
  eden space 84992K, 0% used [0x00000007d7000000,0x00000007d7000000,0x00000007dc300000)
  from space 1024K, 97% used [0x00000007e5b00000,0x00000007e5bfaa28,0x00000007e5c00000)
  to   space 4608K, 0% used [0x00000007e5300000,0x00000007e5300000,0x00000007e5780000)
 ParOldGen       total 83968K, used 14080K [0x0000000785000000, 0x000000078a200000, 0x00000007d7000000)
  object space 83968K, 16% used [0x0000000785000000,0x0000000785dc00e0,0x000000078a200000)
 PSPermGen       total 21504K, used 14843K [0x000000077aa00000, 0x000000077bf00000, 0x0000000785000000)
  object space 21504K, 69% used [0x000000077aa00000,0x000000077b87ecd0,0x000000077bf00000)
}
Event: 11,871 GC heap before
{Heap before GC invocations=19 (full 0):
 PSYoungGen      total 86016K, used 83668K [0x00000007d7000000, 0x00000007e5c00000, 0x0000000800000000)
  eden space 84992K, 97% used [0x00000007d7000000,0x00000007dc0ba988,0x00000007dc300000)
  from space 1024K, 97% used [0x00000007e5b00000,0x00000007e5bfaa28,0x00000007e5c00000)
  to   space 4608K, 0% used [0x00000007e5300000,0x00000007e5300000,0x00000007e5780000)
 ParOldGen       total 83968K, used 14080K [0x0000000785000000, 0x000000078a200000, 0x00000007d7000000)
  object space 83968K, 16% used [0x0000000785000000,0x0000000785dc00e0,0x000000078a200000)
 PSPermGen       total 21504K, used 14850K [0x000000077aa00000, 0x000000077bf00000, 0x0000000785000000)
  object space 21504K, 69% used [0x000000077aa00000,0x000000077b8808e0,0x000000077bf00000)
Event: 11,873 GC heap after
Heap after GC invocations=19 (full 0):
 PSYoungGen      total 86528K, used 1670K [0x00000007d7000000, 0x00000007e5b80000, 0x0000000800000000)
  eden space 81920K, 0% used [0x00000007d7000000,0x00000007d7000000,0x00000007dc000000)
  from space 4608K, 36% used [0x00000007e5300000,0x00000007e54a1a08,0x00000007e5780000)
  to   space 4096K, 0% used [0x00000007e5780000,0x00000007e5780000,0x00000007e5b80000)
 ParOldGen       total 83968K, used 14096K [0x0000000785000000, 0x000000078a200000, 0x00000007d7000000)
  object space 83968K, 16% used [0x0000000785000000,0x0000000785dc40e0,0x000000078a200000)
 PSPermGen       total 21504K, used 14850K [0x000000077aa00000, 0x000000077bf00000, 0x0000000785000000)
  object space 21504K, 69% used [0x000000077aa00000,0x000000077b8808e0,0x000000077bf00000)
}
Event: 12,376 GC heap before
{Heap before GC invocations=20 (full 0):
 PSYoungGen      total 86528K, used 80729K [0x00000007d7000000, 0x00000007e5b80000, 0x0000000800000000)
  eden space 81920K, 96% used [0x00000007d7000000,0x00000007dbd34a58,0x00000007dc000000)
  from space 4608K, 36% used [0x00000007e5300000,0x00000007e54a1a08,0x00000007e5780000)
  to   space 4096K, 0% used [0x00000007e5780000,0x00000007e5780000,0x00000007e5b80000)
 ParOldGen       total 83968K, used 14096K [0x0000000785000000, 0x000000078a200000, 0x00000007d7000000)
  object space 83968K, 16% used [0x0000000785000000,0x0000000785dc40e0,0x000000078a200000)
 PSPermGen       total 21504K, used 14853K [0x000000077aa00000, 0x000000077bf00000, 0x0000000785000000)
  object space 21504K, 69% used [0x000000077aa00000,0x000000077b881558,0x000000077bf00000)
Event: 12,377 GC heap after
Heap after GC invocations=20 (full 0):
 PSYoungGen      total 81408K, used 1670K [0x00000007d7000000, 0x00000007e5980000, 0x0000000800000000)
  eden space 79360K, 0% used [0x00000007d7000000,0x00000007d7000000,0x00000007dbd80000)
  from space 2048K, 81% used [0x00000007e5780000,0x00000007e5921a08,0x00000007e5980000)
  to   space 4096K, 0% used [0x00000007e5180000,0x00000007e5180000,0x00000007e5580000)
 ParOldGen       total 83968K, used 14120K [0x0000000785000000, 0x000000078a200000, 0x00000007d7000000)
  object space 83968K, 16% used [0x0000000785000000,0x0000000785dca0e0,0x000000078a200000)
 PSPermGen       total 21504K, used 14853K [0x000000077aa00000, 0x000000077bf00000, 0x0000000785000000)
  object space 21504K, 69% used [0x000000077aa00000,0x000000077b881558,0x000000077bf00000)
}

