# JRE version: OpenJDK Runtime Environment (7.0_91-b02) (build 1.7.0_91-b02)
# Java VM: OpenJDK 64-Bit Server VM (24.91-b01 mixed mode linux-amd64 compressed oops)
Heap
 PSYoungGen      total 107008K, used 34830K [0x00000007d7000000, 0x00000007e6680000, 0x0000000800000000)
  eden space 104960K, 31% used [0x00000007d7000000,0x00000007d90560c8,0x00000007dd680000)
  from space 2048K, 83% used [0x00000007e6480000,0x00000007e662d810,0x00000007e6680000)
  to   space 4096K, 0% used [0x00000007e5e80000,0x00000007e5e80000,0x00000007e6280000)
 ParOldGen       total 83968K, used 2004K [0x0000000785000000, 0x000000078a200000, 0x00000007d7000000)
  object space 83968K, 2% used [0x0000000785000000,0x00000007851f5090,0x000000078a200000)
 PSPermGen       total 21504K, used 14817K [0x000000077aa00000, 0x000000077bf00000, 0x0000000785000000)
  object space 21504K, 68% used [0x000000077aa00000,0x000000077b878708,0x000000077bf00000)
GC Heap History (10 events):
Event: 4,750 GC heap before
{Heap before GC invocations=8 (full 0):
 PSYoungGen      total 131072K, used 127227K [0x00000007d7000000, 0x00000007e7000000, 0x0000000800000000)
  eden space 126976K, 99% used [0x00000007d7000000,0x00000007deb50038,0x00000007dec00000)
  from space 4096K, 23% used [0x00000007dec00000,0x00000007deceec20,0x00000007df000000)
  to   space 4096K, 0% used [0x00000007e6c00000,0x00000007e6c00000,0x00000007e7000000)
 ParOldGen       total 83968K, used 1900K [0x0000000785000000, 0x000000078a200000, 0x00000007d7000000)
  object space 83968K, 2% used [0x0000000785000000,0x00000007851db090,0x000000078a200000)
 PSPermGen       total 21504K, used 14766K [0x000000077aa00000, 0x000000077bf00000, 0x0000000785000000)
  object space 21504K, 68% used [0x000000077aa00000,0x000000077b86baf0,0x000000077bf00000)
Event: 4,751 GC heap after
Heap after GC invocations=8 (full 0):
 PSYoungGen      total 123904K, used 1193K [0x00000007d7000000, 0x00000007e6d80000, 0x0000000800000000)
  eden space 122368K, 0% used [0x00000007d7000000,0x00000007d7000000,0x00000007de780000)
  from space 1536K, 77% used [0x00000007e6c00000,0x00000007e6d2a638,0x00000007e6d80000)
  to   space 4608K, 0% used [0x00000007e6480000,0x00000007e6480000,0x00000007e6900000)
 ParOldGen       total 83968K, used 1908K [0x0000000785000000, 0x000000078a200000, 0x00000007d7000000)
  object space 83968K, 2% used [0x0000000785000000,0x00000007851dd090,0x000000078a200000)
 PSPermGen       total 21504K, used 14766K [0x000000077aa00000, 0x000000077bf00000, 0x0000000785000000)
  object space 21504K, 68% used [0x000000077aa00000,0x000000077b86baf0,0x000000077bf00000)
}
Event: 5,448 GC heap before
{Heap before GC invocations=9 (full 0):
 PSYoungGen      total 123904K, used 123236K [0x00000007d7000000, 0x00000007e6d80000, 0x0000000800000000)
  eden space 122368K, 99% used [0x00000007d7000000,0x00000007de72eca0,0x00000007de780000)
  from space 1536K, 77% used [0x00000007e6c00000,0x00000007e6d2a638,0x00000007e6d80000)
  to   space 4608K, 0% used [0x00000007e6480000,0x00000007e6480000,0x00000007e6900000)
 ParOldGen       total 83968K, used 1908K [0x0000000785000000, 0x000000078a200000, 0x00000007d7000000)
  object space 83968K, 2% used [0x0000000785000000,0x00000007851dd090,0x000000078a200000)
 PSPermGen       total 21504K, used 14781K [0x000000077aa00000, 0x000000077bf00000, 0x0000000785000000)
  object space 21504K, 68% used [0x000000077aa00000,0x000000077b86f420,0x000000077bf00000)
Event: 5,450 GC heap after
Heap after GC invocations=9 (full 0):
 PSYoungGen      total 119808K, used 1559K [0x00000007d7000000, 0x00000007e6c80000, 0x0000000800000000)
  eden space 117760K, 0% used [0x00000007d7000000,0x00000007d7000000,0x00000007de300000)
  from space 2048K, 76% used [0x00000007e6480000,0x00000007e6605c00,0x00000007e6680000)
  to   space 4608K, 0% used [0x00000007e6800000,0x00000007e6800000,0x00000007e6c80000)
 ParOldGen       total 83968K, used 1932K [0x0000000785000000, 0x000000078a200000, 0x00000007d7000000)
  object space 83968K, 2% used [0x0000000785000000,0x00000007851e3090,0x000000078a200000)
 PSPermGen       total 21504K, used 14781K [0x000000077aa00000, 0x000000077bf00000, 0x0000000785000000)
  object space 21504K, 68% used [0x000000077aa00000,0x000000077b86f420,0x000000077bf00000)
}
Event: 6,155 GC heap before
{Heap before GC invocations=10 (full 0):
 PSYoungGen      total 119808K, used 117470K [0x00000007d7000000, 0x00000007e6c80000, 0x0000000800000000)
  eden space 117760K, 98% used [0x00000007d7000000,0x00000007de131c98,0x00000007de300000)
  from space 2048K, 76% used [0x00000007e6480000,0x00000007e6605c00,0x00000007e6680000)
  to   space 4608K, 0% used [0x00000007e6800000,0x00000007e6800000,0x00000007e6c80000)
 ParOldGen       total 83968K, used 1932K [0x0000000785000000, 0x000000078a200000, 0x00000007d7000000)
  object space 83968K, 2% used [0x0000000785000000,0x00000007851e3090,0x000000078a200000)
 PSPermGen       total 21504K, used 14784K [0x000000077aa00000, 0x000000077bf00000, 0x0000000785000000)
  object space 21504K, 68% used [0x000000077aa00000,0x000000077b870300,0x000000077bf00000)
Event: 6,156 GC heap after
Heap after GC invocations=10 (full 0):
 PSYoungGen      total 115200K, used 1670K [0x00000007d7000000, 0x00000007e6a00000, 0x0000000800000000)
  eden space 113152K, 0% used [0x00000007d7000000,0x00000007d7000000,0x00000007dde80000)
  from space 2048K, 81% used [0x00000007e6800000,0x00000007e69a1a08,0x00000007e6a00000)
  to   space 4608K, 0% used [0x00000007e6100000,0x00000007e6100000,0x00000007e6580000)
 ParOldGen       total 83968K, used 1972K [0x0000000785000000, 0x000000078a200000, 0x00000007d7000000)
  object space 83968K, 2% used [0x0000000785000000,0x00000007851ed090,0x000000078a200000)
 PSPermGen       total 21504K, used 14784K [0x000000077aa00000, 0x000000077bf00000, 0x0000000785000000)
  object space 21504K, 68% used [0x000000077aa00000,0x000000077b870300,0x000000077bf00000)
}
Event: 6,832 GC heap before
{Heap before GC invocations=11 (full 0):
 PSYoungGen      total 115200K, used 113914K [0x00000007d7000000, 0x00000007e6a00000, 0x0000000800000000)
  eden space 113152K, 99% used [0x00000007d7000000,0x00000007ddd9cf00,0x00000007dde80000)
  from space 2048K, 81% used [0x00000007e6800000,0x00000007e69a1a08,0x00000007e6a00000)
  to   space 4608K, 0% used [0x00000007e6100000,0x00000007e6100000,0x00000007e6580000)
 ParOldGen       total 83968K, used 1972K [0x0000000785000000, 0x000000078a200000, 0x00000007d7000000)
  object space 83968K, 2% used [0x0000000785000000,0x00000007851ed090,0x000000078a200000)
 PSPermGen       total 21504K, used 14797K [0x000000077aa00000, 0x000000077bf00000, 0x0000000785000000)
  object space 21504K, 68% used [0x000000077aa00000,0x000000077b8734c0,0x000000077bf00000)
Event: 6,833 GC heap after
Heap after GC invocations=11 (full 0):
 PSYoungGen      total 111104K, used 1591K [0x00000007d7000000, 0x00000007e6880000, 0x0000000800000000)
  eden space 109056K, 0% used [0x00000007d7000000,0x00000007d7000000,0x00000007dda80000)
  from space 2048K, 77% used [0x00000007e6100000,0x00000007e628dc00,0x00000007e6300000)
  to   space 4096K, 0% used [0x00000007e6480000,0x00000007e6480000,0x00000007e6880000)
 ParOldGen       total 83968K, used 1988K [0x0000000785000000, 0x000000078a200000, 0x00000007d7000000)
  object space 83968K, 2% used [0x0000000785000000,0x00000007851f1090,0x000000078a200000)
 PSPermGen       total 21504K, used 14797K [0x000000077aa00000, 0x000000077bf00000, 0x0000000785000000)
  object space 21504K, 68% used [0x000000077aa00000,0x000000077b8734c0,0x000000077bf00000)
}
Event: 7,520 GC heap before
{Heap before GC invocations=12 (full 0):
 PSYoungGen      total 111104K, used 108574K [0x00000007d7000000, 0x00000007e6880000, 0x0000000800000000)
  eden space 109056K, 98% used [0x00000007d7000000,0x00000007dd879c68,0x00000007dda80000)
  from space 2048K, 77% used [0x00000007e6100000,0x00000007e628dc00,0x00000007e6300000)
  to   space 4096K, 0% used [0x00000007e6480000,0x00000007e6480000,0x00000007e6880000)
 ParOldGen       total 83968K, used 1988K [0x0000000785000000, 0x000000078a200000, 0x00000007d7000000)
  object space 83968K, 2% used [0x0000000785000000,0x00000007851f1090,0x000000078a200000)
 PSPermGen       total 21504K, used 14816K [0x000000077aa00000, 0x000000077bf00000, 0x0000000785000000)
  object space 21504K, 68% used [0x000000077aa00000,0x000000077b878038,0x000000077bf00000)
Event: 7,521 GC heap after
Heap after GC invocations=12 (full 0):
 PSYoungGen      total 107008K, used 1718K [0x00000007d7000000, 0x00000007e6680000, 0x0000000800000000)
  eden space 104960K, 0% used [0x00000007d7000000,0x00000007d7000000,0x00000007dd680000)
  from space 2048K, 83% used [0x00000007e6480000,0x00000007e662d810,0x00000007e6680000)
  to   space 4096K, 0% used [0x00000007e5e80000,0x00000007e5e80000,0x00000007e6280000)
 ParOldGen       total 83968K, used 2004K [0x0000000785000000, 0x000000078a200000, 0x00000007d7000000)
  object space 83968K, 2% used [0x0000000785000000,0x00000007851f5090,0x000000078a200000)
 PSPermGen       total 21504K, used 14816K [0x000000077aa00000, 0x000000077bf00000, 0x0000000785000000)
  object space 21504K, 68% used [0x000000077aa00000,0x000000077b878038,0x000000077bf00000)
}

