# JRE version: Java(TM) SE Runtime Environment (7.0_79-b15) (build 1.7.0_79-b15)
# Java VM: Java HotSpot(TM) 64-Bit Server VM (24.79-b02 mixed mode bsd-amd64 compressed oops)
Heap
 PSYoungGen      total 132608K, used 34733K [0x00000007d5500000, 0x00000007e6d00000, 0x0000000800000000)
  eden space 130048K, 24% used [0x00000007d5500000,0x00000007d74bd9d0,0x00000007dd400000)
  from space 2560K, 87% used [0x00000007e6a80000,0x00000007e6caddb8,0x00000007e6d00000)
  to   space 14336K, 0% used [0x00000007e5100000,0x00000007e5100000,0x00000007e5f00000)
 ParOldGen       total 87040K, used 31677K [0x0000000780000000, 0x0000000785500000, 0x00000007d5500000)
  object space 87040K, 36% used [0x0000000780000000,0x0000000781eef7d8,0x0000000785500000)
 PSPermGen       total 21504K, used 13063K [0x000000077ae00000, 0x000000077c300000, 0x0000000780000000)
  object space 21504K, 60% used [0x000000077ae00000,0x000000077bac1dc8,0x000000077c300000)
GC Heap History (10 events):
Event: 3.254 GC heap before
{Heap before GC invocations=4 (full 0):
 PSYoungGen      total 38912K, used 36636K [0x00000007d5500000, 0x00000007da100000, 0x0000000800000000)
  eden space 33792K, 93% used [0x00000007d5500000,0x00000007d73e2928,0x00000007d7600000)
  from space 5120K, 97% used [0x00000007d7600000,0x00000007d7ae47a8,0x00000007d7b00000)
  to   space 5120K, 0% used [0x00000007d9c00000,0x00000007d9c00000,0x00000007da100000)
 ParOldGen       total 87040K, used 14890K [0x0000000780000000, 0x0000000785500000, 0x00000007d5500000)
  object space 87040K, 17% used [0x0000000780000000,0x0000000780e8aa38,0x0000000785500000)
 PSPermGen       total 21504K, used 13032K [0x000000077ae00000, 0x000000077c300000, 0x0000000780000000)
  object space 21504K, 60% used [0x000000077ae00000,0x000000077baba2c0,0x000000077c300000)
Event: 3.258 GC heap after
Heap after GC invocations=4 (full 0):
 PSYoungGen      total 72704K, used 5104K [0x00000007d5500000, 0x00000007da100000, 0x0000000800000000)
  eden space 67584K, 0% used [0x00000007d5500000,0x00000007d5500000,0x00000007d9700000)
  from space 5120K, 99% used [0x00000007d9c00000,0x00000007da0fc3b8,0x00000007da100000)
  to   space 5120K, 0% used [0x00000007d9700000,0x00000007d9700000,0x00000007d9c00000)
 ParOldGen       total 87040K, used 19082K [0x0000000780000000, 0x0000000785500000, 0x00000007d5500000)
  object space 87040K, 21% used [0x0000000780000000,0x00000007812a2ad8,0x0000000785500000)
 PSPermGen       total 21504K, used 13032K [0x000000077ae00000, 0x000000077c300000, 0x0000000780000000)
  object space 21504K, 60% used [0x000000077ae00000,0x000000077baba2c0,0x000000077c300000)
}
Event: 3.818 GC heap before
{Heap before GC invocations=5 (full 0):
 PSYoungGen      total 72704K, used 69699K [0x00000007d5500000, 0x00000007da100000, 0x0000000800000000)
  eden space 67584K, 95% used [0x00000007d5500000,0x00000007d9414a88,0x00000007d9700000)
  from space 5120K, 99% used [0x00000007d9c00000,0x00000007da0fc3b8,0x00000007da100000)
  to   space 5120K, 0% used [0x00000007d9700000,0x00000007d9700000,0x00000007d9c00000)
 ParOldGen       total 87040K, used 19082K [0x0000000780000000, 0x0000000785500000, 0x00000007d5500000)
  object space 87040K, 21% used [0x0000000780000000,0x00000007812a2ad8,0x0000000785500000)
 PSPermGen       total 21504K, used 13037K [0x000000077ae00000, 0x000000077c300000, 0x0000000780000000)
  object space 21504K, 60% used [0x000000077ae00000,0x000000077babb450,0x000000077c300000)
Event: 3.822 GC heap after
Heap after GC invocations=5 (full 0):
 PSYoungGen      total 72704K, used 5108K [0x00000007d5500000, 0x00000007df200000, 0x0000000800000000)
  eden space 67584K, 0% used [0x00000007d5500000,0x00000007d5500000,0x00000007d9700000)
  from space 5120K, 99% used [0x00000007d9700000,0x00000007d9bfd230,0x00000007d9c00000)
  to   space 12800K, 0% used [0x00000007de580000,0x00000007de580000,0x00000007df200000)
 ParOldGen       total 87040K, used 23667K [0x0000000780000000, 0x0000000785500000, 0x00000007d5500000)
  object space 87040K, 27% used [0x0000000780000000,0x000000078171ce20,0x0000000785500000)
 PSPermGen       total 21504K, used 13037K [0x000000077ae00000, 0x000000077c300000, 0x0000000780000000)
  object space 21504K, 60% used [0x000000077ae00000,0x000000077babb450,0x000000077c300000)
}
Event: 4.283 GC heap before
{Heap before GC invocations=6 (full 0):
 PSYoungGen      total 72704K, used 71951K [0x00000007d5500000, 0x00000007df200000, 0x0000000800000000)
  eden space 67584K, 98% used [0x00000007d5500000,0x00000007d9646c88,0x00000007d9700000)
  from space 5120K, 99% used [0x00000007d9700000,0x00000007d9bfd230,0x00000007d9c00000)
  to   space 12800K, 0% used [0x00000007de580000,0x00000007de580000,0x00000007df200000)
 ParOldGen       total 87040K, used 23667K [0x0000000780000000, 0x0000000785500000, 0x00000007d5500000)
  object space 87040K, 27% used [0x0000000780000000,0x000000078171ce20,0x0000000785500000)
 PSPermGen       total 21504K, used 13038K [0x000000077ae00000, 0x000000077c300000, 0x0000000780000000)
  object space 21504K, 60% used [0x000000077ae00000,0x000000077babb8a0,0x000000077c300000)
Event: 4.288 GC heap after
Heap after GC invocations=6 (full 0):
 PSYoungGen      total 147968K, used 9448K [0x00000007d5500000, 0x00000007df200000, 0x0000000800000000)
  eden space 135168K, 0% used [0x00000007d5500000,0x00000007d5500000,0x00000007dd900000)
  from space 12800K, 73% used [0x00000007de580000,0x00000007deeba260,0x00000007df200000)
  to   space 12800K, 0% used [0x00000007dd900000,0x00000007dd900000,0x00000007de580000)
 ParOldGen       total 87040K, used 23667K [0x0000000780000000, 0x0000000785500000, 0x00000007d5500000)
  object space 87040K, 27% used [0x0000000780000000,0x000000078171ce20,0x0000000785500000)
 PSPermGen       total 21504K, used 13038K [0x000000077ae00000, 0x000000077c300000, 0x0000000780000000)
  object space 21504K, 60% used [0x000000077ae00000,0x000000077babb8a0,0x000000077c300000)
}
Event: 5.294 GC heap before
{Heap before GC invocations=7 (full 0):
 PSYoungGen      total 147968K, used 142293K [0x00000007d5500000, 0x00000007df200000, 0x0000000800000000)
  eden space 135168K, 98% used [0x00000007d5500000,0x00000007dd6bb250,0x00000007dd900000)
  from space 12800K, 73% used [0x00000007de580000,0x00000007deeba260,0x00000007df200000)
  to   space 12800K, 0% used [0x00000007dd900000,0x00000007dd900000,0x00000007de580000)
 ParOldGen       total 87040K, used 23667K [0x0000000780000000, 0x0000000785500000, 0x00000007d5500000)
  object space 87040K, 27% used [0x0000000780000000,0x000000078171ce20,0x0000000785500000)
 PSPermGen       total 21504K, used 13050K [0x000000077ae00000, 0x000000077c300000, 0x0000000780000000)
  object space 21504K, 60% used [0x000000077ae00000,0x000000077babea50,0x000000077c300000)
Event: 5.299 GC heap after
Heap after GC invocations=7 (full 0):
 PSYoungGen      total 147968K, used 1518K [0x00000007d5500000, 0x00000007e7800000, 0x0000000800000000)
  eden space 135168K, 0% used [0x00000007d5500000,0x00000007d5500000,0x00000007dd900000)
  from space 12800K, 11% used [0x00000007dd900000,0x00000007dda7bb78,0x00000007de580000)
  to   space 13824K, 0% used [0x00000007e6a80000,0x00000007e6a80000,0x00000007e7800000)
 ParOldGen       total 87040K, used 31637K [0x0000000780000000, 0x0000000785500000, 0x00000007d5500000)
  object space 87040K, 36% used [0x0000000780000000,0x0000000781ee57d8,0x0000000785500000)
 PSPermGen       total 21504K, used 13050K [0x000000077ae00000, 0x000000077c300000, 0x0000000780000000)
  object space 21504K, 60% used [0x000000077ae00000,0x000000077babea50,0x000000077c300000)
}
Event: 6.345 GC heap before
{Heap before GC invocations=8 (full 0):
 PSYoungGen      total 147968K, used 135395K [0x00000007d5500000, 0x00000007e7800000, 0x0000000800000000)
  eden space 135168K, 99% used [0x00000007d5500000,0x00000007dd7bd3e8,0x00000007dd900000)
  from space 12800K, 11% used [0x00000007dd900000,0x00000007dda7bb78,0x00000007de580000)
  to   space 13824K, 0% used [0x00000007e6a80000,0x00000007e6a80000,0x00000007e7800000)
 ParOldGen       total 87040K, used 31637K [0x0000000780000000, 0x0000000785500000, 0x00000007d5500000)
  object space 87040K, 36% used [0x0000000780000000,0x0000000781ee57d8,0x0000000785500000)
 PSPermGen       total 21504K, used 13058K [0x000000077ae00000, 0x000000077c300000, 0x0000000780000000)
  object space 21504K, 60% used [0x000000077ae00000,0x000000077bac0bd8,0x000000077c300000)
Event: 6.346 GC heap after
Heap after GC invocations=8 (full 0):
 PSYoungGen      total 132608K, used 2231K [0x00000007d5500000, 0x00000007e6d00000, 0x0000000800000000)
  eden space 130048K, 0% used [0x00000007d5500000,0x00000007d5500000,0x00000007dd400000)
  from space 2560K, 87% used [0x00000007e6a80000,0x00000007e6caddb8,0x00000007e6d00000)
  to   space 14336K, 0% used [0x00000007e5100000,0x00000007e5100000,0x00000007e5f00000)
 ParOldGen       total 87040K, used 31677K [0x0000000780000000, 0x0000000785500000, 0x00000007d5500000)
  object space 87040K, 36% used [0x0000000780000000,0x0000000781eef7d8,0x0000000785500000)
 PSPermGen       total 21504K, used 13058K [0x000000077ae00000, 0x000000077c300000, 0x0000000780000000)
  object space 21504K, 60% used [0x000000077ae00000,0x000000077bac0bd8,0x000000077c300000)
}

