# JRE version: Java(TM) SE Runtime Environment (7.0_79-b15) (build 1.7.0_79-b15)
# Java VM: Java HotSpot(TM) 64-Bit Server VM (24.79-b02 mixed mode bsd-amd64 compressed oops)
Heap
 PSYoungGen      total 260608K, used 58475K [0x00000007d5500000, 0x00000007f0a00000, 0x0000000800000000)
  eden space 258048K, 21% used [0x00000007d5500000,0x00000007d8c15b10,0x00000007e5100000)
  from space 2560K, 80% used [0x00000007f0780000,0x00000007f0985420,0x00000007f0a00000)
  to   space 12800K, 0% used [0x00000007ef100000,0x00000007ef100000,0x00000007efd80000)
 ParOldGen       total 87040K, used 23322K [0x0000000780000000, 0x0000000785500000, 0x00000007d5500000)
  object space 87040K, 26% used [0x0000000780000000,0x00000007816c6ac8,0x0000000785500000)
 PSPermGen       total 21504K, used 13102K [0x000000077ae00000, 0x000000077c300000, 0x0000000780000000)
  object space 21504K, 60% used [0x000000077ae00000,0x000000077bacbad0,0x000000077c300000)
GC Heap History (10 events):
Event: 4.258 GC heap before
{Heap before GC invocations=6 (full 0):
 PSYoungGen      total 72704K, used 71931K [0x00000007d5500000, 0x00000007def00000, 0x0000000800000000)
  eden space 67584K, 98% used [0x00000007d5500000,0x00000007d9644cb0,0x00000007d9700000)
  from space 5120K, 99% used [0x00000007d9700000,0x00000007d9bfa148,0x00000007d9c00000)
  to   space 11264K, 0% used [0x00000007de400000,0x00000007de400000,0x00000007def00000)
 ParOldGen       total 87040K, used 15693K [0x0000000780000000, 0x0000000785500000, 0x00000007d5500000)
  object space 87040K, 18% used [0x0000000780000000,0x0000000780f53690,0x0000000785500000)
 PSPermGen       total 21504K, used 12992K [0x000000077ae00000, 0x000000077c300000, 0x0000000780000000)
  object space 21504K, 60% used [0x000000077ae00000,0x000000077bab0380,0x000000077c300000)
Event: 4.263 GC heap after
Heap after GC invocations=6 (full 0):
 PSYoungGen      total 145408K, used 8532K [0x00000007d5500000, 0x00000007dee00000, 0x0000000800000000)
  eden space 135168K, 0% used [0x00000007d5500000,0x00000007d5500000,0x00000007dd900000)
  from space 10240K, 83% used [0x00000007de400000,0x00000007dec55210,0x00000007dee00000)
  to   space 10752K, 0% used [0x00000007dd900000,0x00000007dd900000,0x00000007de380000)
 ParOldGen       total 87040K, used 15693K [0x0000000780000000, 0x0000000785500000, 0x00000007d5500000)
  object space 87040K, 18% used [0x0000000780000000,0x0000000780f53690,0x0000000785500000)
 PSPermGen       total 21504K, used 12992K [0x000000077ae00000, 0x000000077c300000, 0x0000000780000000)
  object space 21504K, 60% used [0x000000077ae00000,0x000000077bab0380,0x000000077c300000)
}
Event: 4.794 GC heap before
{Heap before GC invocations=7 (full 0):
 PSYoungGen      total 145408K, used 141196K [0x00000007d5500000, 0x00000007dee00000, 0x0000000800000000)
  eden space 135168K, 98% used [0x00000007d5500000,0x00000007dd68e0b8,0x00000007dd900000)
  from space 10240K, 83% used [0x00000007de400000,0x00000007dec55210,0x00000007dee00000)
  to   space 10752K, 0% used [0x00000007dd900000,0x00000007dd900000,0x00000007de380000)
 ParOldGen       total 87040K, used 15693K [0x0000000780000000, 0x0000000785500000, 0x00000007d5500000)
  object space 87040K, 18% used [0x0000000780000000,0x0000000780f53690,0x0000000785500000)
 PSPermGen       total 21504K, used 13016K [0x000000077ae00000, 0x000000077c300000, 0x0000000780000000)
  object space 21504K, 60% used [0x000000077ae00000,0x000000077bab6258,0x000000077c300000)
Event: 4.799 GC heap after
Heap after GC invocations=7 (full 0):
 PSYoungGen      total 145920K, used 1051K [0x00000007d5500000, 0x00000007e7500000, 0x0000000800000000)
  eden space 135168K, 0% used [0x00000007d5500000,0x00000007d5500000,0x00000007dd900000)
  from space 10752K, 9% used [0x00000007dd900000,0x00000007dda06c20,0x00000007de380000)
  to   space 12288K, 0% used [0x00000007e6900000,0x00000007e6900000,0x00000007e7500000)
 ParOldGen       total 87040K, used 23250K [0x0000000780000000, 0x0000000785500000, 0x00000007d5500000)
  object space 87040K, 26% used [0x0000000780000000,0x00000007816b4ac8,0x0000000785500000)
 PSPermGen       total 21504K, used 13016K [0x000000077ae00000, 0x000000077c300000, 0x0000000780000000)
  object space 21504K, 60% used [0x000000077ae00000,0x000000077bab6258,0x000000077c300000)
}
Event: 5.291 GC heap before
{Heap before GC invocations=8 (full 0):
 PSYoungGen      total 145920K, used 135348K [0x00000007d5500000, 0x00000007e7500000, 0x0000000800000000)
  eden space 135168K, 99% used [0x00000007d5500000,0x00000007dd826758,0x00000007dd900000)
  from space 10752K, 9% used [0x00000007dd900000,0x00000007dda06c20,0x00000007de380000)
  to   space 12288K, 0% used [0x00000007e6900000,0x00000007e6900000,0x00000007e7500000)
 ParOldGen       total 87040K, used 23250K [0x0000000780000000, 0x0000000785500000, 0x00000007d5500000)
  object space 87040K, 26% used [0x0000000780000000,0x00000007816b4ac8,0x0000000785500000)
 PSPermGen       total 21504K, used 13036K [0x000000077ae00000, 0x000000077c300000, 0x0000000780000000)
  object space 21504K, 60% used [0x000000077ae00000,0x000000077babb090,0x000000077c300000)
Event: 5.292 GC heap after
Heap after GC invocations=8 (full 0):
 PSYoungGen      total 282112K, used 2116K [0x00000007d5500000, 0x00000007e7600000, 0x0000000800000000)
  eden space 269824K, 0% used [0x00000007d5500000,0x00000007d5500000,0x00000007e5c80000)
  from space 12288K, 17% used [0x00000007e6900000,0x00000007e6b11228,0x00000007e7500000)
  to   space 12800K, 0% used [0x00000007e5c80000,0x00000007e5c80000,0x00000007e6900000)
 ParOldGen       total 87040K, used 23266K [0x0000000780000000, 0x0000000785500000, 0x00000007d5500000)
  object space 87040K, 26% used [0x0000000780000000,0x00000007816b8ac8,0x0000000785500000)
 PSPermGen       total 21504K, used 13036K [0x000000077ae00000, 0x000000077c300000, 0x0000000780000000)
  object space 21504K, 60% used [0x000000077ae00000,0x000000077babb090,0x000000077c300000)
}
Event: 12.507 GC heap before
{Heap before GC invocations=9 (full 0):
 PSYoungGen      total 282112K, used 270788K [0x00000007d5500000, 0x00000007e7600000, 0x0000000800000000)
  eden space 269824K, 99% used [0x00000007d5500000,0x00000007e5b601a0,0x00000007e5c80000)
  from space 12288K, 17% used [0x00000007e6900000,0x00000007e6b11228,0x00000007e7500000)
  to   space 12800K, 0% used [0x00000007e5c80000,0x00000007e5c80000,0x00000007e6900000)
 ParOldGen       total 87040K, used 23266K [0x0000000780000000, 0x0000000785500000, 0x00000007d5500000)
  object space 87040K, 26% used [0x0000000780000000,0x00000007816b8ac8,0x0000000785500000)
 PSPermGen       total 21504K, used 13073K [0x000000077ae00000, 0x000000077c300000, 0x0000000780000000)
  object space 21504K, 60% used [0x000000077ae00000,0x000000077bac4688,0x000000077c300000)
Event: 12.509 GC heap after
Heap after GC invocations=9 (full 0):
 PSYoungGen      total 282624K, used 2148K [0x00000007d5500000, 0x00000007f1400000, 0x0000000800000000)
  eden space 269824K, 0% used [0x00000007d5500000,0x00000007d5500000,0x00000007e5c80000)
  from space 12800K, 16% used [0x00000007e5c80000,0x00000007e5e99228,0x00000007e6900000)
  to   space 12800K, 0% used [0x00000007f0780000,0x00000007f0780000,0x00000007f1400000)
 ParOldGen       total 87040K, used 23298K [0x0000000780000000, 0x0000000785500000, 0x00000007d5500000)
  object space 87040K, 26% used [0x0000000780000000,0x00000007816c0ac8,0x0000000785500000)
 PSPermGen       total 21504K, used 13073K [0x000000077ae00000, 0x000000077c300000, 0x0000000780000000)
  object space 21504K, 60% used [0x000000077ae00000,0x000000077bac4688,0x000000077c300000)
}
Event: 13.504 GC heap before
{Heap before GC invocations=10 (full 0):
 PSYoungGen      total 282624K, used 268444K [0x00000007d5500000, 0x00000007f1400000, 0x0000000800000000)
  eden space 269824K, 98% used [0x00000007d5500000,0x00000007e590e190,0x00000007e5c80000)
  from space 12800K, 16% used [0x00000007e5c80000,0x00000007e5e99228,0x00000007e6900000)
  to   space 12800K, 0% used [0x00000007f0780000,0x00000007f0780000,0x00000007f1400000)
 ParOldGen       total 87040K, used 23298K [0x0000000780000000, 0x0000000785500000, 0x00000007d5500000)
  object space 87040K, 26% used [0x0000000780000000,0x00000007816c0ac8,0x0000000785500000)
 PSPermGen       total 21504K, used 13093K [0x000000077ae00000, 0x000000077c300000, 0x0000000780000000)
  object space 21504K, 60% used [0x000000077ae00000,0x000000077bac95c8,0x000000077c300000)
Event: 13.507 GC heap after
Heap after GC invocations=10 (full 0):
 PSYoungGen      total 260608K, used 2069K [0x00000007d5500000, 0x00000007f0a00000, 0x0000000800000000)
  eden space 258048K, 0% used [0x00000007d5500000,0x00000007d5500000,0x00000007e5100000)
  from space 2560K, 80% used [0x00000007f0780000,0x00000007f0985420,0x00000007f0a00000)
  to   space 12800K, 0% used [0x00000007ef100000,0x00000007ef100000,0x00000007efd80000)
 ParOldGen       total 87040K, used 23322K [0x0000000780000000, 0x0000000785500000, 0x00000007d5500000)
  object space 87040K, 26% used [0x0000000780000000,0x00000007816c6ac8,0x0000000785500000)
 PSPermGen       total 21504K, used 13093K [0x000000077ae00000, 0x000000077c300000, 0x0000000780000000)
  object space 21504K, 60% used [0x000000077ae00000,0x000000077bac95c8,0x000000077c300000)
}

