# JRE version: Java(TM) SE Runtime Environment (7.0_79-b15) (build 1.7.0_79-b15)
# Java VM: Java HotSpot(TM) 64-Bit Server VM (24.79-b02 mixed mode bsd-amd64 compressed oops)
Heap
 PSYoungGen      total 261120K, used 77165K [0x00000007d5500000, 0x00000007f0700000, 0x0000000800000000)
  eden space 258560K, 29% used [0x00000007d5500000,0x00000007d9e4a278,0x00000007e5180000)
  from space 2560K, 82% used [0x00000007f0480000,0x00000007f0691228,0x00000007f0700000)
  to   space 9216K, 0% used [0x00000007ef500000,0x00000007ef500000,0x00000007efe00000)
 ParOldGen       total 87040K, used 7751K [0x0000000780000000, 0x0000000785500000, 0x00000007d5500000)
  object space 87040K, 8% used [0x0000000780000000,0x0000000780791f68,0x0000000785500000)
 PSPermGen       total 21504K, used 13106K [0x000000077ae00000, 0x000000077c300000, 0x0000000780000000)
  object space 21504K, 60% used [0x000000077ae00000,0x000000077bacc918,0x000000077c300000)
GC Heap History (10 events):
Event: 4.292 GC heap before
{Heap before GC invocations=6 (full 0):
 PSYoungGen      total 72704K, used 70335K [0x00000007d5500000, 0x00000007ded00000, 0x0000000800000000)
  eden space 67584K, 98% used [0x00000007d5500000,0x00000007d9644d98,0x00000007d9700000)
  from space 5120K, 68% used [0x00000007d9700000,0x00000007d9a6afa8,0x00000007d9c00000)
  to   space 10240K, 0% used [0x00000007de300000,0x00000007de300000,0x00000007ded00000)
 ParOldGen       total 87040K, used 5163K [0x0000000780000000, 0x0000000785500000, 0x00000007d5500000)
  object space 87040K, 5% used [0x0000000780000000,0x000000078050ace8,0x0000000785500000)
 PSPermGen       total 21504K, used 12991K [0x000000077ae00000, 0x000000077c300000, 0x0000000780000000)
  object space 21504K, 60% used [0x000000077ae00000,0x000000077baafea0,0x000000077c300000)
Event: 4.297 GC heap after
Heap after GC invocations=6 (full 0):
 PSYoungGen      total 144384K, used 3547K [0x00000007d5500000, 0x00000007dec00000, 0x0000000800000000)
  eden space 135168K, 0% used [0x00000007d5500000,0x00000007d5500000,0x00000007dd900000)
  from space 9216K, 38% used [0x00000007de300000,0x00000007de676db0,0x00000007dec00000)
  to   space 9728K, 0% used [0x00000007dd900000,0x00000007dd900000,0x00000007de280000)
 ParOldGen       total 87040K, used 5163K [0x0000000780000000, 0x0000000785500000, 0x00000007d5500000)
  object space 87040K, 5% used [0x0000000780000000,0x000000078050ace8,0x0000000785500000)
 PSPermGen       total 21504K, used 12991K [0x000000077ae00000, 0x000000077c300000, 0x0000000780000000)
  object space 21504K, 60% used [0x000000077ae00000,0x000000077baafea0,0x000000077c300000)
}
Event: 4.811 GC heap before
{Heap before GC invocations=7 (full 0):
 PSYoungGen      total 144384K, used 136210K [0x00000007d5500000, 0x00000007dec00000, 0x0000000800000000)
  eden space 135168K, 98% used [0x00000007d5500000,0x00000007dd68dc80,0x00000007dd900000)
  from space 9216K, 38% used [0x00000007de300000,0x00000007de676db0,0x00000007dec00000)
  to   space 9728K, 0% used [0x00000007dd900000,0x00000007dd900000,0x00000007de280000)
 ParOldGen       total 87040K, used 5163K [0x0000000780000000, 0x0000000785500000, 0x00000007d5500000)
  object space 87040K, 5% used [0x0000000780000000,0x000000078050ace8,0x0000000785500000)
 PSPermGen       total 21504K, used 13015K [0x000000077ae00000, 0x000000077c300000, 0x0000000780000000)
  object space 21504K, 60% used [0x000000077ae00000,0x000000077bab5c98,0x000000077c300000)
Event: 4.816 GC heap after
Heap after GC invocations=7 (full 0):
 PSYoungGen      total 144896K, used 1401K [0x00000007d5500000, 0x00000007e7000000, 0x0000000800000000)
  eden space 135168K, 0% used [0x00000007d5500000,0x00000007d5500000,0x00000007dd900000)
  from space 9728K, 14% used [0x00000007dd900000,0x00000007dda5e440,0x00000007de280000)
  to   space 9728K, 0% used [0x00000007e6680000,0x00000007e6680000,0x00000007e7000000)
 ParOldGen       total 87040K, used 7671K [0x0000000780000000, 0x0000000785500000, 0x00000007d5500000)
  object space 87040K, 8% used [0x0000000780000000,0x000000078077df68,0x0000000785500000)
 PSPermGen       total 21504K, used 13015K [0x000000077ae00000, 0x000000077c300000, 0x0000000780000000)
  object space 21504K, 60% used [0x000000077ae00000,0x000000077bab5c98,0x000000077c300000)
}
Event: 5.332 GC heap before
{Heap before GC invocations=8 (full 0):
 PSYoungGen      total 144896K, used 135868K [0x00000007d5500000, 0x00000007e7000000, 0x0000000800000000)
  eden space 135168K, 99% used [0x00000007d5500000,0x00000007dd850e58,0x00000007dd900000)
  from space 9728K, 14% used [0x00000007dd900000,0x00000007dda5e440,0x00000007de280000)
  to   space 9728K, 0% used [0x00000007e6680000,0x00000007e6680000,0x00000007e7000000)
 ParOldGen       total 87040K, used 7671K [0x0000000780000000, 0x0000000785500000, 0x00000007d5500000)
  object space 87040K, 8% used [0x0000000780000000,0x000000078077df68,0x0000000785500000)
 PSPermGen       total 21504K, used 13033K [0x000000077ae00000, 0x000000077c300000, 0x0000000780000000)
  object space 21504K, 60% used [0x000000077ae00000,0x000000077baba570,0x000000077c300000)
Event: 5.334 GC heap after
Heap after GC invocations=8 (full 0):
 PSYoungGen      total 280064K, used 2164K [0x00000007d5500000, 0x00000007e7000000, 0x0000000800000000)
  eden space 270336K, 0% used [0x00000007d5500000,0x00000007d5500000,0x00000007e5d00000)
  from space 9728K, 22% used [0x00000007e6680000,0x00000007e689d030,0x00000007e7000000)
  to   space 9728K, 0% used [0x00000007e5d00000,0x00000007e5d00000,0x00000007e6680000)
 ParOldGen       total 87040K, used 7687K [0x0000000780000000, 0x0000000785500000, 0x00000007d5500000)
  object space 87040K, 8% used [0x0000000780000000,0x0000000780781f68,0x0000000785500000)
 PSPermGen       total 21504K, used 13033K [0x000000077ae00000, 0x000000077c300000, 0x0000000780000000)
  object space 21504K, 60% used [0x000000077ae00000,0x000000077baba570,0x000000077c300000)
}
Event: 6.374 GC heap before
{Heap before GC invocations=9 (full 0):
 PSYoungGen      total 280064K, used 271565K [0x00000007d5500000, 0x00000007e7000000, 0x0000000800000000)
  eden space 270336K, 99% used [0x00000007d5500000,0x00000007e5c167a0,0x00000007e5d00000)
  from space 9728K, 22% used [0x00000007e6680000,0x00000007e689d030,0x00000007e7000000)
  to   space 9728K, 0% used [0x00000007e5d00000,0x00000007e5d00000,0x00000007e6680000)
 ParOldGen       total 87040K, used 7687K [0x0000000780000000, 0x0000000785500000, 0x00000007d5500000)
  object space 87040K, 8% used [0x0000000780000000,0x0000000780781f68,0x0000000785500000)
 PSPermGen       total 21504K, used 13063K [0x000000077ae00000, 0x000000077c300000, 0x0000000780000000)
  object space 21504K, 60% used [0x000000077ae00000,0x000000077bac1fa0,0x000000077c300000)
Event: 6.375 GC heap after
Heap after GC invocations=9 (full 0):
 PSYoungGen      total 280064K, used 2196K [0x00000007d5500000, 0x00000007f0d80000, 0x0000000800000000)
  eden space 270336K, 0% used [0x00000007d5500000,0x00000007d5500000,0x00000007e5d00000)
  from space 9728K, 22% used [0x00000007e5d00000,0x00000007e5f25030,0x00000007e6680000)
  to   space 9216K, 0% used [0x00000007f0480000,0x00000007f0480000,0x00000007f0d80000)
 ParOldGen       total 87040K, used 7711K [0x0000000780000000, 0x0000000785500000, 0x00000007d5500000)
  object space 87040K, 8% used [0x0000000780000000,0x0000000780787f68,0x0000000785500000)
 PSPermGen       total 21504K, used 13063K [0x000000077ae00000, 0x000000077c300000, 0x0000000780000000)
  object space 21504K, 60% used [0x000000077ae00000,0x000000077bac1fa0,0x000000077c300000)
}
Event: 7.373 GC heap before
{Heap before GC invocations=10 (full 0):
 PSYoungGen      total 280064K, used 272386K [0x00000007d5500000, 0x00000007f0d80000, 0x0000000800000000)
  eden space 270336K, 99% used [0x00000007d5500000,0x00000007e5cdbb38,0x00000007e5d00000)
  from space 9728K, 22% used [0x00000007e5d00000,0x00000007e5f25030,0x00000007e6680000)
  to   space 9216K, 0% used [0x00000007f0480000,0x00000007f0480000,0x00000007f0d80000)
 ParOldGen       total 87040K, used 7711K [0x0000000780000000, 0x0000000785500000, 0x00000007d5500000)
  object space 87040K, 8% used [0x0000000780000000,0x0000000780787f68,0x0000000785500000)
 PSPermGen       total 21504K, used 13086K [0x000000077ae00000, 0x000000077c300000, 0x0000000780000000)
  object space 21504K, 60% used [0x000000077ae00000,0x000000077bac7b98,0x000000077c300000)
Event: 7.374 GC heap after
Heap after GC invocations=10 (full 0):
 PSYoungGen      total 261120K, used 2116K [0x00000007d5500000, 0x00000007f0700000, 0x0000000800000000)
  eden space 258560K, 0% used [0x00000007d5500000,0x00000007d5500000,0x00000007e5180000)
  from space 2560K, 82% used [0x00000007f0480000,0x00000007f0691228,0x00000007f0700000)
  to   space 9216K, 0% used [0x00000007ef500000,0x00000007ef500000,0x00000007efe00000)
 ParOldGen       total 87040K, used 7751K [0x0000000780000000, 0x0000000785500000, 0x00000007d5500000)
  object space 87040K, 8% used [0x0000000780000000,0x0000000780791f68,0x0000000785500000)
 PSPermGen       total 21504K, used 13086K [0x000000077ae00000, 0x000000077c300000, 0x0000000780000000)
  object space 21504K, 60% used [0x000000077ae00000,0x000000077bac7b98,0x000000077c300000)
}

