# JRE version: OpenJDK Runtime Environment (7.0_91-b02) (build 1.7.0_91-b02)
# Java VM: OpenJDK 64-Bit Server VM (24.91-b01 mixed mode linux-amd64 compressed oops)
Heap
 PSYoungGen      total 36864K, used 10619K [0x00000007d7000000, 0x00000007e2200000, 0x0000000800000000)
  eden space 34816K, 25% used [0x00000007d7000000,0x00000007d78bd568,0x00000007d9200000)
  from space 2048K, 81% used [0x00000007e1d80000,0x00000007e1f21a08,0x00000007e1f80000)
  to   space 2560K, 0% used [0x00000007e1f80000,0x00000007e1f80000,0x00000007e2200000)
 ParOldGen       total 83968K, used 26264K [0x0000000785000000, 0x000000078a200000, 0x00000007d7000000)
  object space 83968K, 31% used [0x0000000785000000,0x00000007869a62d0,0x000000078a200000)
 PSPermGen       total 21504K, used 15438K [0x000000077aa00000, 0x000000077bf00000, 0x0000000785000000)
  object space 21504K, 71% used [0x000000077aa00000,0x000000077b9138d0,0x000000077bf00000)
GC Heap History (10 events):
Event: 27,746 GC heap before
{Heap before GC invocations=85 (full 0):
 PSYoungGen      total 26624K, used 23099K [0x00000007d7000000, 0x00000007e2700000, 0x0000000800000000)
  eden space 24576K, 87% used [0x00000007d7000000,0x00000007d85011d8,0x00000007d8800000)
  from space 2048K, 77% used [0x00000007e2500000,0x00000007e268dc00,0x00000007e2700000)
  to   space 2560K, 0% used [0x00000007e2200000,0x00000007e2200000,0x00000007e2480000)
 ParOldGen       total 83968K, used 26192K [0x0000000785000000, 0x000000078a200000, 0x00000007d7000000)
  object space 83968K, 31% used [0x0000000785000000,0x00000007869942d0,0x000000078a200000)
 PSPermGen       total 21504K, used 15436K [0x000000077aa00000, 0x000000077bf00000, 0x0000000785000000)
  object space 21504K, 71% used [0x000000077aa00000,0x000000077b9133e0,0x000000077bf00000)
Event: 27,747 GC heap after
Heap after GC invocations=85 (full 0):
 PSYoungGen      total 25600K, used 1193K [0x00000007d7000000, 0x00000007e2580000, 0x0000000800000000)
  eden space 24064K, 0% used [0x00000007d7000000,0x00000007d7000000,0x00000007d8780000)
  from space 1536K, 77% used [0x00000007e2200000,0x00000007e232a638,0x00000007e2380000)
  to   space 2048K, 0% used [0x00000007e2380000,0x00000007e2380000,0x00000007e2580000)
 ParOldGen       total 83968K, used 26208K [0x0000000785000000, 0x000000078a200000, 0x00000007d7000000)
  object space 83968K, 31% used [0x0000000785000000,0x00000007869982d0,0x000000078a200000)
 PSPermGen       total 21504K, used 15436K [0x000000077aa00000, 0x000000077bf00000, 0x0000000785000000)
  object space 21504K, 71% used [0x000000077aa00000,0x000000077b9133e0,0x000000077bf00000)
}
Event: 27,904 GC heap before
{Heap before GC invocations=86 (full 0):
 PSYoungGen      total 25600K, used 21658K [0x00000007d7000000, 0x00000007e2580000, 0x0000000800000000)
  eden space 24064K, 85% used [0x00000007d7000000,0x00000007d83fc290,0x00000007d8780000)
  from space 1536K, 77% used [0x00000007e2200000,0x00000007e232a638,0x00000007e2380000)
  to   space 2048K, 0% used [0x00000007e2380000,0x00000007e2380000,0x00000007e2580000)
 ParOldGen       total 83968K, used 26208K [0x0000000785000000, 0x000000078a200000, 0x00000007d7000000)
  object space 83968K, 31% used [0x0000000785000000,0x00000007869982d0,0x000000078a200000)
 PSPermGen       total 21504K, used 15436K [0x000000077aa00000, 0x000000077bf00000, 0x0000000785000000)
  object space 21504K, 71% used [0x000000077aa00000,0x000000077b9133e0,0x000000077bf00000)
Event: 27,906 GC heap after
Heap after GC invocations=86 (full 0):
 PSYoungGen      total 24576K, used 859K [0x00000007d7000000, 0x00000007e2480000, 0x0000000800000000)
  eden space 23552K, 0% used [0x00000007d7000000,0x00000007d7000000,0x00000007d8700000)
  from space 1024K, 83% used [0x00000007e2380000,0x00000007e2456c20,0x00000007e2480000)
  to   space 2560K, 0% used [0x00000007e1f80000,0x00000007e1f80000,0x00000007e2200000)
 ParOldGen       total 83968K, used 26216K [0x0000000785000000, 0x000000078a200000, 0x00000007d7000000)
  object space 83968K, 31% used [0x0000000785000000,0x000000078699a2d0,0x000000078a200000)
 PSPermGen       total 21504K, used 15436K [0x000000077aa00000, 0x000000077bf00000, 0x0000000785000000)
  object space 21504K, 71% used [0x000000077aa00000,0x000000077b9133e0,0x000000077bf00000)
}
Event: 28,023 GC heap before
{Heap before GC invocations=87 (full 0):
 PSYoungGen      total 24576K, used 23654K [0x00000007d7000000, 0x00000007e2480000, 0x0000000800000000)
  eden space 23552K, 96% used [0x00000007d7000000,0x00000007d8642ea0,0x00000007d8700000)
  from space 1024K, 83% used [0x00000007e2380000,0x00000007e2456c20,0x00000007e2480000)
  to   space 2560K, 0% used [0x00000007e1f80000,0x00000007e1f80000,0x00000007e2200000)
 ParOldGen       total 83968K, used 26216K [0x0000000785000000, 0x000000078a200000, 0x00000007d7000000)
  object space 83968K, 31% used [0x0000000785000000,0x000000078699a2d0,0x000000078a200000)
 PSPermGen       total 21504K, used 15436K [0x000000077aa00000, 0x000000077bf00000, 0x0000000785000000)
  object space 21504K, 71% used [0x000000077aa00000,0x000000077b9133e0,0x000000077bf00000)
Event: 28,025 GC heap after
Heap after GC invocations=87 (full 0):
 PSYoungGen      total 25600K, used 1750K [0x00000007d7000000, 0x00000007e2400000, 0x0000000800000000)
  eden space 23552K, 0% used [0x00000007d7000000,0x00000007d7000000,0x00000007d8700000)
  from space 2048K, 85% used [0x00000007e1f80000,0x00000007e2135810,0x00000007e2180000)
  to   space 2560K, 0% used [0x00000007e2180000,0x00000007e2180000,0x00000007e2400000)
 ParOldGen       total 83968K, used 26232K [0x0000000785000000, 0x000000078a200000, 0x00000007d7000000)
  object space 83968K, 31% used [0x0000000785000000,0x000000078699e2d0,0x000000078a200000)
 PSPermGen       total 21504K, used 15436K [0x000000077aa00000, 0x000000077bf00000, 0x0000000785000000)
  object space 21504K, 71% used [0x000000077aa00000,0x000000077b9133e0,0x000000077bf00000)
}
Event: 28,141 GC heap before
{Heap before GC invocations=88 (full 0):
 PSYoungGen      total 25600K, used 24569K [0x00000007d7000000, 0x00000007e2400000, 0x0000000800000000)
  eden space 23552K, 96% used [0x00000007d7000000,0x00000007d8648cd8,0x00000007d8700000)
  from space 2048K, 85% used [0x00000007e1f80000,0x00000007e2135810,0x00000007e2180000)
  to   space 2560K, 0% used [0x00000007e2180000,0x00000007e2180000,0x00000007e2400000)
 ParOldGen       total 83968K, used 26232K [0x0000000785000000, 0x000000078a200000, 0x00000007d7000000)
  object space 83968K, 31% used [0x0000000785000000,0x000000078699e2d0,0x000000078a200000)
 PSPermGen       total 21504K, used 15438K [0x000000077aa00000, 0x000000077bf00000, 0x0000000785000000)
  object space 21504K, 71% used [0x000000077aa00000,0x000000077b913828,0x000000077bf00000)
Event: 28,143 GC heap after
Heap after GC invocations=88 (full 0):
 PSYoungGen      total 29696K, used 970K [0x00000007d7000000, 0x00000007e2280000, 0x0000000800000000)
  eden space 28672K, 0% used [0x00000007d7000000,0x00000007d7000000,0x00000007d8c00000)
  from space 1024K, 94% used [0x00000007e2180000,0x00000007e2272a28,0x00000007e2280000)
  to   space 2560K, 0% used [0x00000007e1d80000,0x00000007e1d80000,0x00000007e2000000)
 ParOldGen       total 83968K, used 26240K [0x0000000785000000, 0x000000078a200000, 0x00000007d7000000)
  object space 83968K, 31% used [0x0000000785000000,0x00000007869a02d0,0x000000078a200000)
 PSPermGen       total 21504K, used 15438K [0x000000077aa00000, 0x000000077bf00000, 0x0000000785000000)
  object space 21504K, 71% used [0x000000077aa00000,0x000000077b913828,0x000000077bf00000)
}
Event: 28,334 GC heap before
{Heap before GC invocations=89 (full 0):
 PSYoungGen      total 29696K, used 29019K [0x00000007d7000000, 0x00000007e2280000, 0x0000000800000000)
  eden space 28672K, 97% used [0x00000007d7000000,0x00000007d8b64540,0x00000007d8c00000)
  from space 1024K, 94% used [0x00000007e2180000,0x00000007e2272a28,0x00000007e2280000)
  to   space 2560K, 0% used [0x00000007e1d80000,0x00000007e1d80000,0x00000007e2000000)
 ParOldGen       total 83968K, used 26240K [0x0000000785000000, 0x000000078a200000, 0x00000007d7000000)
  object space 83968K, 31% used [0x0000000785000000,0x00000007869a02d0,0x000000078a200000)
 PSPermGen       total 21504K, used 15438K [0x000000077aa00000, 0x000000077bf00000, 0x0000000785000000)
  object space 21504K, 71% used [0x000000077aa00000,0x000000077b9138d0,0x000000077bf00000)
Event: 28,335 GC heap after
Heap after GC invocations=89 (full 0):
 PSYoungGen      total 36864K, used 1670K [0x00000007d7000000, 0x00000007e2200000, 0x0000000800000000)
  eden space 34816K, 0% used [0x00000007d7000000,0x00000007d7000000,0x00000007d9200000)
  from space 2048K, 81% used [0x00000007e1d80000,0x00000007e1f21a08,0x00000007e1f80000)
  to   space 2560K, 0% used [0x00000007e1f80000,0x00000007e1f80000,0x00000007e2200000)
 ParOldGen       total 83968K, used 26264K [0x0000000785000000, 0x000000078a200000, 0x00000007d7000000)
  object space 83968K, 31% used [0x0000000785000000,0x00000007869a62d0,0x000000078a200000)
 PSPermGen       total 21504K, used 15438K [0x000000077aa00000, 0x000000077bf00000, 0x0000000785000000)
  object space 21504K, 71% used [0x000000077aa00000,0x000000077b9138d0,0x000000077bf00000)
}

