# JRE version: OpenJDK Runtime Environment (7.0_91-b02) (build 1.7.0_91-b02)
# Java VM: OpenJDK 64-Bit Server VM (24.91-b01 mixed mode linux-amd64 compressed oops)
Heap
 PSYoungGen      total 78848K, used 29768K [0x00000007d7000000, 0x00000007e5880000, 0x0000000800000000)
  eden space 76800K, 36% used [0x00000007d7000000,0x00000007d8b707d8,0x00000007dbb00000)
  from space 2048K, 81% used [0x00000007e5200000,0x00000007e53a1a08,0x00000007e5400000)
  to   space 4096K, 0% used [0x00000007e5480000,0x00000007e5480000,0x00000007e5880000)
 ParOldGen       total 83968K, used 14181K [0x0000000785000000, 0x000000078a200000, 0x00000007d7000000)
  object space 83968K, 16% used [0x0000000785000000,0x0000000785dd9408,0x000000078a200000)
 PSPermGen       total 21504K, used 14857K [0x000000077aa00000, 0x000000077bf00000, 0x0000000785000000)
  object space 21504K, 69% used [0x000000077aa00000,0x000000077b882678,0x000000077bf00000)
GC Heap History (10 events):
Event: 10,418 GC heap before
{Heap before GC invocations=17 (full 0):
 PSYoungGen      total 92672K, used 92006K [0x00000007d7000000, 0x00000007e6080000, 0x0000000800000000)
  eden space 91136K, 99% used [0x00000007d7000000,0x00000007dc887998,0x00000007dc900000)
  from space 1536K, 88% used [0x00000007e5f00000,0x00000007e6052218,0x00000007e6080000)
  to   space 4608K, 0% used [0x00000007e5780000,0x00000007e5780000,0x00000007e5c00000)
 ParOldGen       total 83968K, used 14077K [0x0000000785000000, 0x000000078a200000, 0x00000007d7000000)
  object space 83968K, 16% used [0x0000000785000000,0x0000000785dbf408,0x000000078a200000)
 PSPermGen       total 21504K, used 14843K [0x000000077aa00000, 0x000000077bf00000, 0x0000000785000000)
  object space 21504K, 69% used [0x000000077aa00000,0x000000077b87eea0,0x000000077bf00000)
Event: 10,419 GC heap after
Heap after GC invocations=17 (full 0):
 PSYoungGen      total 90112K, used 1559K [0x00000007d7000000, 0x00000007e5f80000, 0x0000000800000000)
  eden space 88064K, 0% used [0x00000007d7000000,0x00000007d7000000,0x00000007dc600000)
  from space 2048K, 76% used [0x00000007e5780000,0x00000007e5905c00,0x00000007e5980000)
  to   space 4096K, 0% used [0x00000007e5b80000,0x00000007e5b80000,0x00000007e5f80000)
 ParOldGen       total 83968K, used 14101K [0x0000000785000000, 0x000000078a200000, 0x00000007d7000000)
  object space 83968K, 16% used [0x0000000785000000,0x0000000785dc5408,0x000000078a200000)
 PSPermGen       total 21504K, used 14843K [0x000000077aa00000, 0x000000077bf00000, 0x0000000785000000)
  object space 21504K, 69% used [0x000000077aa00000,0x000000077b87eea0,0x000000077bf00000)
}
Event: 10,957 GC heap before
{Heap before GC invocations=18 (full 0):
 PSYoungGen      total 90112K, used 89332K [0x00000007d7000000, 0x00000007e5f80000, 0x0000000800000000)
  eden space 88064K, 99% used [0x00000007d7000000,0x00000007dc5b7748,0x00000007dc600000)
  from space 2048K, 76% used [0x00000007e5780000,0x00000007e5905c00,0x00000007e5980000)
  to   space 4096K, 0% used [0x00000007e5b80000,0x00000007e5b80000,0x00000007e5f80000)
 ParOldGen       total 83968K, used 14101K [0x0000000785000000, 0x000000078a200000, 0x00000007d7000000)
  object space 83968K, 16% used [0x0000000785000000,0x0000000785dc5408,0x000000078a200000)
 PSPermGen       total 21504K, used 14847K [0x000000077aa00000, 0x000000077bf00000, 0x0000000785000000)
  object space 21504K, 69% used [0x000000077aa00000,0x000000077b87fe70,0x000000077bf00000)
Event: 10,958 GC heap after
Heap after GC invocations=18 (full 0):
 PSYoungGen      total 87040K, used 1591K [0x00000007d7000000, 0x00000007e5d80000, 0x0000000800000000)
  eden space 84992K, 0% used [0x00000007d7000000,0x00000007d7000000,0x00000007dc300000)
  from space 2048K, 77% used [0x00000007e5b80000,0x00000007e5d0dc00,0x00000007e5d80000)
  to   space 4096K, 0% used [0x00000007e5580000,0x00000007e5580000,0x00000007e5980000)
 ParOldGen       total 83968K, used 14133K [0x0000000785000000, 0x000000078a200000, 0x00000007d7000000)
  object space 83968K, 16% used [0x0000000785000000,0x0000000785dcd408,0x000000078a200000)
 PSPermGen       total 21504K, used 14847K [0x000000077aa00000, 0x000000077bf00000, 0x0000000785000000)
  object space 21504K, 69% used [0x000000077aa00000,0x000000077b87fe70,0x000000077bf00000)
}
Event: 11,507 GC heap before
{Heap before GC invocations=19 (full 0):
 PSYoungGen      total 87040K, used 84224K [0x00000007d7000000, 0x00000007e5d80000, 0x0000000800000000)
  eden space 84992K, 97% used [0x00000007d7000000,0x00000007dc0b2568,0x00000007dc300000)
  from space 2048K, 77% used [0x00000007e5b80000,0x00000007e5d0dc00,0x00000007e5d80000)
  to   space 4096K, 0% used [0x00000007e5580000,0x00000007e5580000,0x00000007e5980000)
 ParOldGen       total 83968K, used 14133K [0x0000000785000000, 0x000000078a200000, 0x00000007d7000000)
  object space 83968K, 16% used [0x0000000785000000,0x0000000785dcd408,0x000000078a200000)
 PSPermGen       total 21504K, used 14854K [0x000000077aa00000, 0x000000077bf00000, 0x0000000785000000)
  object space 21504K, 69% used [0x000000077aa00000,0x000000077b8818c8,0x000000077bf00000)
Event: 11,509 GC heap after
Heap after GC invocations=19 (full 0):
 PSYoungGen      total 83456K, used 1082K [0x00000007d7000000, 0x00000007e5c00000, 0x0000000800000000)
  eden space 81920K, 0% used [0x00000007d7000000,0x00000007d7000000,0x00000007dc000000)
  from space 1536K, 70% used [0x00000007e5580000,0x00000007e568e830,0x00000007e5700000)
  to   space 4096K, 0% used [0x00000007e5800000,0x00000007e5800000,0x00000007e5c00000)
 ParOldGen       total 83968K, used 14149K [0x0000000785000000, 0x000000078a200000, 0x00000007d7000000)
  object space 83968K, 16% used [0x0000000785000000,0x0000000785dd1408,0x000000078a200000)
 PSPermGen       total 21504K, used 14854K [0x000000077aa00000, 0x000000077bf00000, 0x0000000785000000)
  object space 21504K, 69% used [0x000000077aa00000,0x000000077b8818c8,0x000000077bf00000)
}
Event: 12,022 GC heap before
{Heap before GC invocations=20 (full 0):
 PSYoungGen      total 83456K, used 80113K [0x00000007d7000000, 0x00000007e5c00000, 0x0000000800000000)
  eden space 81920K, 96% used [0x00000007d7000000,0x00000007dbd2dd68,0x00000007dc000000)
  from space 1536K, 70% used [0x00000007e5580000,0x00000007e568e830,0x00000007e5700000)
  to   space 4096K, 0% used [0x00000007e5800000,0x00000007e5800000,0x00000007e5c00000)
 ParOldGen       total 83968K, used 14149K [0x0000000785000000, 0x000000078a200000, 0x00000007d7000000)
  object space 83968K, 16% used [0x0000000785000000,0x0000000785dd1408,0x000000078a200000)
 PSPermGen       total 21504K, used 14856K [0x000000077aa00000, 0x000000077bf00000, 0x0000000785000000)
  object space 21504K, 69% used [0x000000077aa00000,0x000000077b882008,0x000000077bf00000)
Event: 12,023 GC heap after
Heap after GC invocations=20 (full 0):
 PSYoungGen      total 81408K, used 1829K [0x00000007d7000000, 0x00000007e5a00000, 0x0000000800000000)
  eden space 79360K, 0% used [0x00000007d7000000,0x00000007d7000000,0x00000007dbd80000)
  from space 2048K, 89% used [0x00000007e5800000,0x00000007e59c9618,0x00000007e5a00000)
  to   space 4096K, 0% used [0x00000007e5200000,0x00000007e5200000,0x00000007e5600000)
 ParOldGen       total 83968K, used 14157K [0x0000000785000000, 0x000000078a200000, 0x00000007d7000000)
  object space 83968K, 16% used [0x0000000785000000,0x0000000785dd3408,0x000000078a200000)
 PSPermGen       total 21504K, used 14856K [0x000000077aa00000, 0x000000077bf00000, 0x0000000785000000)
  object space 21504K, 69% used [0x000000077aa00000,0x000000077b882008,0x000000077bf00000)
}
Event: 12,542 GC heap before
{Heap before GC invocations=21 (full 0):
 PSYoungGen      total 81408K, used 80566K [0x00000007d7000000, 0x00000007e5a00000, 0x0000000800000000)
  eden space 79360K, 99% used [0x00000007d7000000,0x00000007dbce4570,0x00000007dbd80000)
  from space 2048K, 89% used [0x00000007e5800000,0x00000007e59c9618,0x00000007e5a00000)
  to   space 4096K, 0% used [0x00000007e5200000,0x00000007e5200000,0x00000007e5600000)
 ParOldGen       total 83968K, used 14157K [0x0000000785000000, 0x000000078a200000, 0x00000007d7000000)
  object space 83968K, 16% used [0x0000000785000000,0x0000000785dd3408,0x000000078a200000)
 PSPermGen       total 21504K, used 14857K [0x000000077aa00000, 0x000000077bf00000, 0x0000000785000000)
  object space 21504K, 69% used [0x000000077aa00000,0x000000077b882408,0x000000077bf00000)
Event: 12,543 GC heap after
Heap after GC invocations=21 (full 0):
 PSYoungGen      total 78848K, used 1670K [0x00000007d7000000, 0x00000007e5880000, 0x0000000800000000)
  eden space 76800K, 0% used [0x00000007d7000000,0x00000007d7000000,0x00000007dbb00000)
  from space 2048K, 81% used [0x00000007e5200000,0x00000007e53a1a08,0x00000007e5400000)
  to   space 4096K, 0% used [0x00000007e5480000,0x00000007e5480000,0x00000007e5880000)
 ParOldGen       total 83968K, used 14181K [0x0000000785000000, 0x000000078a200000, 0x00000007d7000000)
  object space 83968K, 16% used [0x0000000785000000,0x0000000785dd9408,0x000000078a200000)
 PSPermGen       total 21504K, used 14857K [0x000000077aa00000, 0x000000077bf00000, 0x0000000785000000)
  object space 21504K, 69% used [0x000000077aa00000,0x000000077b882408,0x000000077bf00000)
}

