# JRE version: OpenJDK Runtime Environment (7.0_91-b02) (build 1.7.0_91-b02)
# Java VM: OpenJDK 64-Bit Server VM (24.91-b01 mixed mode linux-amd64 compressed oops)
Heap
 PSYoungGen      total 115200K, used 22171K [0x00000007d7000000, 0x00000007e6a80000, 0x0000000800000000)
  eden space 113152K, 18% used [0x00000007d7000000,0x00000007d84055c8,0x00000007dde80000)
  from space 2048K, 81% used [0x00000007e6880000,0x00000007e6a21a08,0x00000007e6a80000)
  to   space 4608K, 0% used [0x00000007e6180000,0x00000007e6180000,0x00000007e6600000)
 ParOldGen       total 83968K, used 2110K [0x0000000785000000, 0x000000078a200000, 0x00000007d7000000)
  object space 83968K, 2% used [0x0000000785000000,0x000000078520f890,0x000000078a200000)
 PSPermGen       total 21504K, used 15305K [0x000000077aa00000, 0x000000077bf00000, 0x0000000785000000)
  object space 21504K, 71% used [0x000000077aa00000,0x000000077b8f2528,0x000000077bf00000)
GC Heap History (10 events):
Event: 22,214 GC heap before
{Heap before GC invocations=6 (full 0):
 PSYoungGen      total 68608K, used 65341K [0x00000007d7000000, 0x00000007df400000, 0x0000000800000000)
  eden space 63488K, 98% used [0x00000007d7000000,0x00000007dacf49b0,0x00000007dae00000)
  from space 5120K, 57% used [0x00000007dae00000,0x00000007db0dac60,0x00000007db300000)
  to   space 4096K, 0% used [0x00000007df000000,0x00000007df000000,0x00000007df400000)
 ParOldGen       total 83968K, used 32K [0x0000000785000000, 0x000000078a200000, 0x00000007d7000000)
  object space 83968K, 0% used [0x0000000785000000,0x0000000785008000,0x000000078a200000)
 PSPermGen       total 21504K, used 15240K [0x000000077aa00000, 0x000000077bf00000, 0x0000000785000000)
  object space 21504K, 70% used [0x000000077aa00000,0x000000077b8e21e8,0x000000077bf00000)
Event: 22,218 GC heap after
Heap after GC invocations=6 (full 0):
 PSYoungGen      total 131072K, used 2923K [0x00000007d7000000, 0x00000007df400000, 0x0000000800000000)
  eden space 126976K, 0% used [0x00000007d7000000,0x00000007d7000000,0x00000007dec00000)
  from space 4096K, 71% used [0x00000007df000000,0x00000007df2dac60,0x00000007df400000)
  to   space 4096K, 0% used [0x00000007dec00000,0x00000007dec00000,0x00000007df000000)
 ParOldGen       total 83968K, used 32K [0x0000000785000000, 0x000000078a200000, 0x00000007d7000000)
  object space 83968K, 0% used [0x0000000785000000,0x0000000785008000,0x000000078a200000)
 PSPermGen       total 21504K, used 15240K [0x000000077aa00000, 0x000000077bf00000, 0x0000000785000000)
  object space 21504K, 70% used [0x000000077aa00000,0x000000077b8e21e8,0x000000077bf00000)
}
Event: 22,930 GC heap before
{Heap before GC invocations=7 (full 0):
 PSYoungGen      total 131072K, used 126595K [0x00000007d7000000, 0x00000007df400000, 0x0000000800000000)
  eden space 126976K, 97% used [0x00000007d7000000,0x00000007de8c6338,0x00000007dec00000)
  from space 4096K, 71% used [0x00000007df000000,0x00000007df2dac60,0x00000007df400000)
  to   space 4096K, 0% used [0x00000007dec00000,0x00000007dec00000,0x00000007df000000)
 ParOldGen       total 83968K, used 32K [0x0000000785000000, 0x000000078a200000, 0x00000007d7000000)
  object space 83968K, 0% used [0x0000000785000000,0x0000000785008000,0x000000078a200000)
 PSPermGen       total 21504K, used 15248K [0x000000077aa00000, 0x000000077bf00000, 0x0000000785000000)
  object space 21504K, 70% used [0x000000077aa00000,0x000000077b8e4140,0x000000077bf00000)
Event: 22,934 GC heap after
Heap after GC invocations=7 (full 0):
 PSYoungGen      total 131072K, used 955K [0x00000007d7000000, 0x00000007e7100000, 0x0000000800000000)
  eden space 126976K, 0% used [0x00000007d7000000,0x00000007d7000000,0x00000007dec00000)
  from space 4096K, 23% used [0x00000007dec00000,0x00000007deceec20,0x00000007df000000)
  to   space 4608K, 0% used [0x00000007e6c80000,0x00000007e6c80000,0x00000007e7100000)
 ParOldGen       total 83968K, used 2054K [0x0000000785000000, 0x000000078a200000, 0x00000007d7000000)
  object space 83968K, 2% used [0x0000000785000000,0x0000000785201890,0x000000078a200000)
 PSPermGen       total 21504K, used 15248K [0x000000077aa00000, 0x000000077bf00000, 0x0000000785000000)
  object space 21504K, 70% used [0x000000077aa00000,0x000000077b8e4140,0x000000077bf00000)
}
Event: 23,724 GC heap before
{Heap before GC invocations=8 (full 0):
 PSYoungGen      total 131072K, used 127049K [0x00000007d7000000, 0x00000007e7100000, 0x0000000800000000)
  eden space 126976K, 99% used [0x00000007d7000000,0x00000007deb23ad8,0x00000007dec00000)
  from space 4096K, 23% used [0x00000007dec00000,0x00000007deceec20,0x00000007df000000)
  to   space 4608K, 0% used [0x00000007e6c80000,0x00000007e6c80000,0x00000007e7100000)
 ParOldGen       total 83968K, used 2054K [0x0000000785000000, 0x000000078a200000, 0x00000007d7000000)
  object space 83968K, 2% used [0x0000000785000000,0x0000000785201890,0x000000078a200000)
 PSPermGen       total 21504K, used 15263K [0x000000077aa00000, 0x000000077bf00000, 0x0000000785000000)
  object space 21504K, 70% used [0x000000077aa00000,0x000000077b8e7c40,0x000000077bf00000)
Event: 23,725 GC heap after
Heap after GC invocations=8 (full 0):
 PSYoungGen      total 123904K, used 1273K [0x00000007d7000000, 0x00000007e6e00000, 0x0000000800000000)
  eden space 122368K, 0% used [0x00000007d7000000,0x00000007d7000000,0x00000007de780000)
  from space 1536K, 82% used [0x00000007e6c80000,0x00000007e6dbe410,0x00000007e6e00000)
  to   space 4608K, 0% used [0x00000007e6500000,0x00000007e6500000,0x00000007e6980000)
 ParOldGen       total 83968K, used 2054K [0x0000000785000000, 0x000000078a200000, 0x00000007d7000000)
  object space 83968K, 2% used [0x0000000785000000,0x0000000785201890,0x000000078a200000)
 PSPermGen       total 21504K, used 15263K [0x000000077aa00000, 0x000000077bf00000, 0x0000000785000000)
  object space 21504K, 70% used [0x000000077aa00000,0x000000077b8e7c40,0x000000077bf00000)
}
Event: 24,429 GC heap before
{Heap before GC invocations=9 (full 0):
 PSYoungGen      total 123904K, used 123444K [0x00000007d7000000, 0x00000007e6e00000, 0x0000000800000000)
  eden space 122368K, 99% used [0x00000007d7000000,0x00000007de74ec68,0x00000007de780000)
  from space 1536K, 82% used [0x00000007e6c80000,0x00000007e6dbe410,0x00000007e6e00000)
  to   space 4608K, 0% used [0x00000007e6500000,0x00000007e6500000,0x00000007e6980000)
 ParOldGen       total 83968K, used 2054K [0x0000000785000000, 0x000000078a200000, 0x00000007d7000000)
  object space 83968K, 2% used [0x0000000785000000,0x0000000785201890,0x000000078a200000)
 PSPermGen       total 21504K, used 15295K [0x000000077aa00000, 0x000000077bf00000, 0x0000000785000000)
  object space 21504K, 71% used [0x000000077aa00000,0x000000077b8eff10,0x000000077bf00000)
Event: 24,431 GC heap after
Heap after GC invocations=9 (full 0):
 PSYoungGen      total 119296K, used 1273K [0x00000007d7000000, 0x00000007e6d00000, 0x0000000800000000)
  eden space 117760K, 0% used [0x00000007d7000000,0x00000007d7000000,0x00000007de300000)
  from space 1536K, 82% used [0x00000007e6500000,0x00000007e663e410,0x00000007e6680000)
  to   space 4608K, 0% used [0x00000007e6880000,0x00000007e6880000,0x00000007e6d00000)
 ParOldGen       total 83968K, used 2078K [0x0000000785000000, 0x000000078a200000, 0x00000007d7000000)
  object space 83968K, 2% used [0x0000000785000000,0x0000000785207890,0x000000078a200000)
 PSPermGen       total 21504K, used 15295K [0x000000077aa00000, 0x000000077bf00000, 0x0000000785000000)
  object space 21504K, 71% used [0x000000077aa00000,0x000000077b8eff10,0x000000077bf00000)
}
Event: 25,129 GC heap before
{Heap before GC invocations=10 (full 0):
 PSYoungGen      total 119296K, used 118328K [0x00000007d7000000, 0x00000007e6d00000, 0x0000000800000000)
  eden space 117760K, 99% used [0x00000007d7000000,0x00000007de24fdb0,0x00000007de300000)
  from space 1536K, 82% used [0x00000007e6500000,0x00000007e663e410,0x00000007e6680000)
  to   space 4608K, 0% used [0x00000007e6880000,0x00000007e6880000,0x00000007e6d00000)
 ParOldGen       total 83968K, used 2078K [0x0000000785000000, 0x000000078a200000, 0x00000007d7000000)
  object space 83968K, 2% used [0x0000000785000000,0x0000000785207890,0x000000078a200000)
 PSPermGen       total 21504K, used 15305K [0x000000077aa00000, 0x000000077bf00000, 0x0000000785000000)
  object space 21504K, 71% used [0x000000077aa00000,0x000000077b8f2480,0x000000077bf00000)
Event: 25,130 GC heap after
Heap after GC invocations=10 (full 0):
 PSYoungGen      total 115200K, used 1670K [0x00000007d7000000, 0x00000007e6a80000, 0x0000000800000000)
  eden space 113152K, 0% used [0x00000007d7000000,0x00000007d7000000,0x00000007dde80000)
  from space 2048K, 81% used [0x00000007e6880000,0x00000007e6a21a08,0x00000007e6a80000)
  to   space 4608K, 0% used [0x00000007e6180000,0x00000007e6180000,0x00000007e6600000)
 ParOldGen       total 83968K, used 2110K [0x0000000785000000, 0x000000078a200000, 0x00000007d7000000)
  object space 83968K, 2% used [0x0000000785000000,0x000000078520f890,0x000000078a200000)
 PSPermGen       total 21504K, used 15305K [0x000000077aa00000, 0x000000077bf00000, 0x0000000785000000)
  object space 21504K, 71% used [0x000000077aa00000,0x000000077b8f2480,0x000000077bf00000)
}

