# JRE version: OpenJDK Runtime Environment (7.0_91-b02) (build 1.7.0_91-b02)
# Java VM: OpenJDK 64-Bit Server VM (24.91-b01 mixed mode linux-amd64 compressed oops)
Heap
 PSYoungGen      total 54272K, used 38751K [0x00000007d7000000, 0x00000007e4180000, 0x0000000800000000)
  eden space 52224K, 71% used [0x00000007d7000000,0x00000007d943e430,0x00000007da300000)
  from space 2048K, 80% used [0x00000007e3f80000,0x00000007e4119a08,0x00000007e4180000)
  to   space 3072K, 0% used [0x00000007e3b80000,0x00000007e3b80000,0x00000007e3e80000)
 ParOldGen       total 83968K, used 4946K [0x0000000785000000, 0x000000078a200000, 0x00000007d7000000)
  object space 83968K, 5% used [0x0000000785000000,0x00000007854d4bd8,0x000000078a200000)
 PSPermGen       total 21504K, used 15366K [0x000000077aa00000, 0x000000077bf00000, 0x0000000785000000)
  object space 21504K, 71% used [0x000000077aa00000,0x000000077b901a70,0x000000077bf00000)
GC Heap History (10 events):
Event: 21,023 GC heap before
{Heap before GC invocations=30 (full 0):
 PSYoungGen      total 61440K, used 59638K [0x00000007d7000000, 0x00000007e4800000, 0x0000000800000000)
  eden space 59904K, 97% used [0x00000007d7000000,0x00000007da913480,0x00000007daa80000)
  from space 1536K, 77% used [0x00000007e4300000,0x00000007e442a638,0x00000007e4480000)
  to   space 3584K, 0% used [0x00000007e4480000,0x00000007e4480000,0x00000007e4800000)
 ParOldGen       total 83968K, used 4850K [0x0000000785000000, 0x000000078a200000, 0x00000007d7000000)
  object space 83968K, 5% used [0x0000000785000000,0x00000007854bcbd8,0x000000078a200000)
 PSPermGen       total 21504K, used 15343K [0x000000077aa00000, 0x000000077bf00000, 0x0000000785000000)
  object space 21504K, 71% used [0x000000077aa00000,0x000000077b8fbd10,0x000000077bf00000)
Event: 21,024 GC heap after
Heap after GC invocations=30 (full 0):
 PSYoungGen      total 60416K, used 1638K [0x00000007d7000000, 0x00000007e4680000, 0x0000000800000000)
  eden space 58368K, 0% used [0x00000007d7000000,0x00000007d7000000,0x00000007da900000)
  from space 2048K, 80% used [0x00000007e4480000,0x00000007e4619a08,0x00000007e4680000)
  to   space 3072K, 0% used [0x00000007e4080000,0x00000007e4080000,0x00000007e4380000)
 ParOldGen       total 83968K, used 4874K [0x0000000785000000, 0x000000078a200000, 0x00000007d7000000)
  object space 83968K, 5% used [0x0000000785000000,0x00000007854c2bd8,0x000000078a200000)
 PSPermGen       total 21504K, used 15343K [0x000000077aa00000, 0x000000077bf00000, 0x0000000785000000)
  object space 21504K, 71% used [0x000000077aa00000,0x000000077b8fbd10,0x000000077bf00000)
}
Event: 21,388 GC heap before
{Heap before GC invocations=31 (full 0):
 PSYoungGen      total 60416K, used 58842K [0x00000007d7000000, 0x00000007e4680000, 0x0000000800000000)
  eden space 58368K, 98% used [0x00000007d7000000,0x00000007da7dd078,0x00000007da900000)
  from space 2048K, 80% used [0x00000007e4480000,0x00000007e4619a08,0x00000007e4680000)
  to   space 3072K, 0% used [0x00000007e4080000,0x00000007e4080000,0x00000007e4380000)
 ParOldGen       total 83968K, used 4874K [0x0000000785000000, 0x000000078a200000, 0x00000007d7000000)
  object space 83968K, 5% used [0x0000000785000000,0x00000007854c2bd8,0x000000078a200000)
 PSPermGen       total 21504K, used 15347K [0x000000077aa00000, 0x000000077bf00000, 0x0000000785000000)
  object space 21504K, 71% used [0x000000077aa00000,0x000000077b8fcd20,0x000000077bf00000)
Event: 21,389 GC heap after
Heap after GC invocations=31 (full 0):
 PSYoungGen      total 58368K, used 1161K [0x00000007d7000000, 0x00000007e4500000, 0x0000000800000000)
  eden space 56832K, 0% used [0x00000007d7000000,0x00000007d7000000,0x00000007da780000)
  from space 1536K, 75% used [0x00000007e4080000,0x00000007e41a2638,0x00000007e4200000)
  to   space 3072K, 0% used [0x00000007e4200000,0x00000007e4200000,0x00000007e4500000)
 ParOldGen       total 83968K, used 4882K [0x0000000785000000, 0x000000078a200000, 0x00000007d7000000)
  object space 83968K, 5% used [0x0000000785000000,0x00000007854c4bd8,0x000000078a200000)
 PSPermGen       total 21504K, used 15347K [0x000000077aa00000, 0x000000077bf00000, 0x0000000785000000)
  object space 21504K, 71% used [0x000000077aa00000,0x000000077b8fcd20,0x000000077bf00000)
}
Event: 21,712 GC heap before
{Heap before GC invocations=32 (full 0):
 PSYoungGen      total 58368K, used 57031K [0x00000007d7000000, 0x00000007e4500000, 0x0000000800000000)
  eden space 56832K, 98% used [0x00000007d7000000,0x00000007da68f870,0x00000007da780000)
  from space 1536K, 75% used [0x00000007e4080000,0x00000007e41a2638,0x00000007e4200000)
  to   space 3072K, 0% used [0x00000007e4200000,0x00000007e4200000,0x00000007e4500000)
 ParOldGen       total 83968K, used 4882K [0x0000000785000000, 0x000000078a200000, 0x00000007d7000000)
  object space 83968K, 5% used [0x0000000785000000,0x00000007854c4bd8,0x000000078a200000)
 PSPermGen       total 21504K, used 15355K [0x000000077aa00000, 0x000000077bf00000, 0x0000000785000000)
  object space 21504K, 71% used [0x000000077aa00000,0x000000077b8fed10,0x000000077bf00000)
Event: 21,712 GC heap after
Heap after GC invocations=32 (full 0):
 PSYoungGen      total 57344K, used 1718K [0x00000007d7000000, 0x00000007e4400000, 0x0000000800000000)
  eden space 55296K, 0% used [0x00000007d7000000,0x00000007d7000000,0x00000007da600000)
  from space 2048K, 83% used [0x00000007e4200000,0x00000007e43ad810,0x00000007e4400000)
  to   space 3072K, 0% used [0x00000007e3e00000,0x00000007e3e00000,0x00000007e4100000)
 ParOldGen       total 83968K, used 4890K [0x0000000785000000, 0x000000078a200000, 0x00000007d7000000)
  object space 83968K, 5% used [0x0000000785000000,0x00000007854c6bd8,0x000000078a200000)
 PSPermGen       total 21504K, used 15355K [0x000000077aa00000, 0x000000077bf00000, 0x0000000785000000)
  object space 21504K, 71% used [0x000000077aa00000,0x000000077b8fed10,0x000000077bf00000)
}
Event: 22,028 GC heap before
{Heap before GC invocations=33 (full 0):
 PSYoungGen      total 57344K, used 53913K [0x00000007d7000000, 0x00000007e4400000, 0x0000000800000000)
  eden space 55296K, 94% used [0x00000007d7000000,0x00000007da2f8f18,0x00000007da600000)
  from space 2048K, 83% used [0x00000007e4200000,0x00000007e43ad810,0x00000007e4400000)
  to   space 3072K, 0% used [0x00000007e3e00000,0x00000007e3e00000,0x00000007e4100000)
 ParOldGen       total 83968K, used 4890K [0x0000000785000000, 0x000000078a200000, 0x00000007d7000000)
  object space 83968K, 5% used [0x0000000785000000,0x00000007854c6bd8,0x000000078a200000)
 PSPermGen       total 21504K, used 15358K [0x000000077aa00000, 0x000000077bf00000, 0x0000000785000000)
  object space 21504K, 71% used [0x000000077aa00000,0x000000077b8ffa40,0x000000077bf00000)
Event: 22,030 GC heap after
Heap after GC invocations=33 (full 0):
 PSYoungGen      total 55296K, used 1193K [0x00000007d7000000, 0x00000007e4280000, 0x0000000800000000)
  eden space 53760K, 0% used [0x00000007d7000000,0x00000007d7000000,0x00000007da480000)
  from space 1536K, 77% used [0x00000007e3e00000,0x00000007e3f2a638,0x00000007e3f80000)
  to   space 3072K, 0% used [0x00000007e3f80000,0x00000007e3f80000,0x00000007e4280000)
 ParOldGen       total 83968K, used 4922K [0x0000000785000000, 0x000000078a200000, 0x00000007d7000000)
  object space 83968K, 5% used [0x0000000785000000,0x00000007854cebd8,0x000000078a200000)
 PSPermGen       total 21504K, used 15358K [0x000000077aa00000, 0x000000077bf00000, 0x0000000785000000)
  object space 21504K, 71% used [0x000000077aa00000,0x000000077b8ffa40,0x000000077bf00000)
}
Event: 22,339 GC heap before
{Heap before GC invocations=34 (full 0):
 PSYoungGen      total 55296K, used 54460K [0x00000007d7000000, 0x00000007e4280000, 0x0000000800000000)
  eden space 53760K, 99% used [0x00000007d7000000,0x00000007da404d60,0x00000007da480000)
  from space 1536K, 77% used [0x00000007e3e00000,0x00000007e3f2a638,0x00000007e3f80000)
  to   space 3072K, 0% used [0x00000007e3f80000,0x00000007e3f80000,0x00000007e4280000)
 ParOldGen       total 83968K, used 4922K [0x0000000785000000, 0x000000078a200000, 0x00000007d7000000)
  object space 83968K, 5% used [0x0000000785000000,0x00000007854cebd8,0x000000078a200000)
 PSPermGen       total 21504K, used 15363K [0x000000077aa00000, 0x000000077bf00000, 0x0000000785000000)
  object space 21504K, 71% used [0x000000077aa00000,0x000000077b900fc0,0x000000077bf00000)
Event: 22,340 GC heap after
Heap after GC invocations=34 (full 0):
 PSYoungGen      total 54272K, used 1638K [0x00000007d7000000, 0x00000007e4180000, 0x0000000800000000)
  eden space 52224K, 0% used [0x00000007d7000000,0x00000007d7000000,0x00000007da300000)
  from space 2048K, 80% used [0x00000007e3f80000,0x00000007e4119a08,0x00000007e4180000)
  to   space 3072K, 0% used [0x00000007e3b80000,0x00000007e3b80000,0x00000007e3e80000)
 ParOldGen       total 83968K, used 4946K [0x0000000785000000, 0x000000078a200000, 0x00000007d7000000)
  object space 83968K, 5% used [0x0000000785000000,0x00000007854d4bd8,0x000000078a200000)
 PSPermGen       total 21504K, used 15363K [0x000000077aa00000, 0x000000077bf00000, 0x0000000785000000)
  object space 21504K, 71% used [0x000000077aa00000,0x000000077b900fc0,0x000000077bf00000)
}

