# JRE version: Java(TM) SE Runtime Environment (7.0_79-b15) (build 1.7.0_79-b15)
# Java VM: Java HotSpot(TM) 64-Bit Server VM (24.79-b02 mixed mode bsd-amd64 compressed oops)
Heap
 PSYoungGen      total 280064K, used 25606K [0x00000007d5500000, 0x00000007e7100000, 0x0000000800000000)
  eden space 270336K, 8% used [0x00000007d5500000,0x00000007d6bf0838,0x00000007e5d00000)
  from space 9728K, 21% used [0x00000007e6780000,0x00000007e6991228,0x00000007e7100000)
  to   space 10240K, 0% used [0x00000007e5d00000,0x00000007e5d00000,0x00000007e6700000)
 ParOldGen       total 87040K, used 11221K [0x0000000780000000, 0x0000000785500000, 0x00000007d5500000)
  object space 87040K, 12% used [0x0000000780000000,0x0000000780af5558,0x0000000785500000)
 PSPermGen       total 21504K, used 13035K [0x000000077ae00000, 0x000000077c300000, 0x0000000780000000)
  object space 21504K, 60% used [0x000000077ae00000,0x000000077babae68,0x000000077c300000)
GC Heap History (10 events):
Event: 3.815 GC heap before
{Heap before GC invocations=4 (full 0):
 PSYoungGen      total 38912K, used 36952K [0x00000007d5500000, 0x00000007da100000, 0x0000000800000000)
  eden space 33792K, 99% used [0x00000007d5500000,0x00000007d75ec250,0x00000007d7600000)
  from space 5120K, 63% used [0x00000007d7600000,0x00000007d7929ef0,0x00000007d7b00000)
  to   space 5120K, 0% used [0x00000007d9c00000,0x00000007d9c00000,0x00000007da100000)
 ParOldGen       total 87040K, used 8938K [0x0000000780000000, 0x0000000785500000, 0x00000007d5500000)
  object space 87040K, 10% used [0x0000000780000000,0x00000007808baa18,0x0000000785500000)
 PSPermGen       total 21504K, used 12975K [0x000000077ae00000, 0x000000077c300000, 0x0000000780000000)
  object space 21504K, 60% used [0x000000077ae00000,0x000000077baabe70,0x000000077c300000)
Event: 3.819 GC heap after
Heap after GC invocations=4 (full 0):
 PSYoungGen      total 72704K, used 3389K [0x00000007d5500000, 0x00000007da100000, 0x0000000800000000)
  eden space 67584K, 0% used [0x00000007d5500000,0x00000007d5500000,0x00000007d9700000)
  from space 5120K, 66% used [0x00000007d9c00000,0x00000007d9f4f650,0x00000007da100000)
  to   space 5120K, 0% used [0x00000007d9700000,0x00000007d9700000,0x00000007d9c00000)
 ParOldGen       total 87040K, used 8938K [0x0000000780000000, 0x0000000785500000, 0x00000007d5500000)
  object space 87040K, 10% used [0x0000000780000000,0x00000007808baa18,0x0000000785500000)
 PSPermGen       total 21504K, used 12975K [0x000000077ae00000, 0x000000077c300000, 0x0000000780000000)
  object space 21504K, 60% used [0x000000077ae00000,0x000000077baabe70,0x000000077c300000)
}
Event: 4.065 GC heap before
{Heap before GC invocations=5 (full 0):
 PSYoungGen      total 72704K, used 68859K [0x00000007d5500000, 0x00000007da100000, 0x0000000800000000)
  eden space 67584K, 96% used [0x00000007d5500000,0x00000007d94ef948,0x00000007d9700000)
  from space 5120K, 66% used [0x00000007d9c00000,0x00000007d9f4f650,0x00000007da100000)
  to   space 5120K, 0% used [0x00000007d9700000,0x00000007d9700000,0x00000007d9c00000)
 ParOldGen       total 87040K, used 8938K [0x0000000780000000, 0x0000000785500000, 0x00000007d5500000)
  object space 87040K, 10% used [0x0000000780000000,0x00000007808baa18,0x0000000785500000)
 PSPermGen       total 21504K, used 12985K [0x000000077ae00000, 0x000000077c300000, 0x0000000780000000)
  object space 21504K, 60% used [0x000000077ae00000,0x000000077baae640,0x000000077c300000)
Event: 4.069 GC heap after
Heap after GC invocations=5 (full 0):
 PSYoungGen      total 72704K, used 3040K [0x00000007d5500000, 0x00000007def00000, 0x0000000800000000)
  eden space 67584K, 0% used [0x00000007d5500000,0x00000007d5500000,0x00000007d9700000)
  from space 5120K, 59% used [0x00000007d9700000,0x00000007d99f8018,0x00000007d9c00000)
  to   space 11264K, 0% used [0x00000007de400000,0x00000007de400000,0x00000007def00000)
 ParOldGen       total 87040K, used 8946K [0x0000000780000000, 0x0000000785500000, 0x00000007d5500000)
  object space 87040K, 10% used [0x0000000780000000,0x00000007808bca18,0x0000000785500000)
 PSPermGen       total 21504K, used 12985K [0x000000077ae00000, 0x000000077c300000, 0x0000000780000000)
  object space 21504K, 60% used [0x000000077ae00000,0x000000077baae640,0x000000077c300000)
}
Event: 4.314 GC heap before
{Heap before GC invocations=6 (full 0):
 PSYoungGen      total 72704K, used 68406K [0x00000007d5500000, 0x00000007def00000, 0x0000000800000000)
  eden space 67584K, 96% used [0x00000007d5500000,0x00000007d94d5bc8,0x00000007d9700000)
  from space 5120K, 59% used [0x00000007d9700000,0x00000007d99f8018,0x00000007d9c00000)
  to   space 11264K, 0% used [0x00000007de400000,0x00000007de400000,0x00000007def00000)
 ParOldGen       total 87040K, used 8946K [0x0000000780000000, 0x0000000785500000, 0x00000007d5500000)
  object space 87040K, 10% used [0x0000000780000000,0x00000007808bca18,0x0000000785500000)
 PSPermGen       total 21504K, used 12992K [0x000000077ae00000, 0x000000077c300000, 0x0000000780000000)
  object space 21504K, 60% used [0x000000077ae00000,0x000000077bab0168,0x000000077c300000)
Event: 4.318 GC heap after
Heap after GC invocations=6 (full 0):
 PSYoungGen      total 145408K, used 3374K [0x00000007d5500000, 0x00000007dee00000, 0x0000000800000000)
  eden space 135168K, 0% used [0x00000007d5500000,0x00000007d5500000,0x00000007dd900000)
  from space 10240K, 32% used [0x00000007de400000,0x00000007de74b848,0x00000007dee00000)
  to   space 10752K, 0% used [0x00000007dd900000,0x00000007dd900000,0x00000007de380000)
 ParOldGen       total 87040K, used 8946K [0x0000000780000000, 0x0000000785500000, 0x00000007d5500000)
  object space 87040K, 10% used [0x0000000780000000,0x00000007808bca18,0x0000000785500000)
 PSPermGen       total 21504K, used 12992K [0x000000077ae00000, 0x000000077c300000, 0x0000000780000000)
  object space 21504K, 60% used [0x000000077ae00000,0x000000077bab0168,0x000000077c300000)
}
Event: 4.847 GC heap before
{Heap before GC invocations=7 (full 0):
 PSYoungGen      total 145408K, used 137497K [0x00000007d5500000, 0x00000007dee00000, 0x0000000800000000)
  eden space 135168K, 99% used [0x00000007d5500000,0x00000007dd7fad90,0x00000007dd900000)
  from space 10240K, 32% used [0x00000007de400000,0x00000007de74b848,0x00000007dee00000)
  to   space 10752K, 0% used [0x00000007dd900000,0x00000007dd900000,0x00000007de380000)
 ParOldGen       total 87040K, used 8946K [0x0000000780000000, 0x0000000785500000, 0x00000007d5500000)
  object space 87040K, 10% used [0x0000000780000000,0x00000007808bca18,0x0000000785500000)
 PSPermGen       total 21504K, used 13012K [0x000000077ae00000, 0x000000077c300000, 0x0000000780000000)
  object space 21504K, 60% used [0x000000077ae00000,0x000000077bab5130,0x000000077c300000)
Event: 4.851 GC heap after
Heap after GC invocations=7 (full 0):
 PSYoungGen      total 145920K, used 1083K [0x00000007d5500000, 0x00000007e7200000, 0x0000000800000000)
  eden space 135168K, 0% used [0x00000007d5500000,0x00000007d5500000,0x00000007dd900000)
  from space 10752K, 10% used [0x00000007dd900000,0x00000007dda0ec20,0x00000007de380000)
  to   space 10752K, 0% used [0x00000007e6780000,0x00000007e6780000,0x00000007e7200000)
 ParOldGen       total 87040K, used 11213K [0x0000000780000000, 0x0000000785500000, 0x00000007d5500000)
  object space 87040K, 12% used [0x0000000780000000,0x0000000780af3558,0x0000000785500000)
 PSPermGen       total 21504K, used 13012K [0x000000077ae00000, 0x000000077c300000, 0x0000000780000000)
  object space 21504K, 60% used [0x000000077ae00000,0x000000077bab5130,0x000000077c300000)
}
Event: 5.351 GC heap before
{Heap before GC invocations=8 (full 0):
 PSYoungGen      total 145920K, used 135623K [0x00000007d5500000, 0x00000007e7200000, 0x0000000800000000)
  eden space 135168K, 99% used [0x00000007d5500000,0x00000007dd863178,0x00000007dd900000)
  from space 10752K, 10% used [0x00000007dd900000,0x00000007dda0ec20,0x00000007de380000)
  to   space 10752K, 0% used [0x00000007e6780000,0x00000007e6780000,0x00000007e7200000)
 ParOldGen       total 87040K, used 11213K [0x0000000780000000, 0x0000000785500000, 0x00000007d5500000)
  object space 87040K, 12% used [0x0000000780000000,0x0000000780af3558,0x0000000785500000)
 PSPermGen       total 21504K, used 13031K [0x000000077ae00000, 0x000000077c300000, 0x0000000780000000)
  object space 21504K, 60% used [0x000000077ae00000,0x000000077bab9d58,0x000000077c300000)
Event: 5.352 GC heap after
Heap after GC invocations=8 (full 0):
 PSYoungGen      total 280064K, used 2116K [0x00000007d5500000, 0x00000007e7100000, 0x0000000800000000)
  eden space 270336K, 0% used [0x00000007d5500000,0x00000007d5500000,0x00000007e5d00000)
  from space 9728K, 21% used [0x00000007e6780000,0x00000007e6991228,0x00000007e7100000)
  to   space 10240K, 0% used [0x00000007e5d00000,0x00000007e5d00000,0x00000007e6700000)
 ParOldGen       total 87040K, used 11221K [0x0000000780000000, 0x0000000785500000, 0x00000007d5500000)
  object space 87040K, 12% used [0x0000000780000000,0x0000000780af5558,0x0000000785500000)
 PSPermGen       total 21504K, used 13031K [0x000000077ae00000, 0x000000077c300000, 0x0000000780000000)
  object space 21504K, 60% used [0x000000077ae00000,0x000000077bab9d58,0x000000077c300000)
}

