# JRE version: Java(TM) SE Runtime Environment (7.0_79-b15) (build 1.7.0_79-b15)
# Java VM: Java HotSpot(TM) 64-Bit Server VM (24.79-b02 mixed mode bsd-amd64 compressed oops)
Heap
 PSYoungGen      total 43008K, used 35023K [0x00000007d5500000, 0x00000007d8500000, 0x0000000800000000)
  eden space 41472K, 80% used [0x00000007d5500000,0x00000007d75bdf98,0x00000007d7d80000)
  from space 1536K, 97% used [0x00000007d8380000,0x00000007d84f6020,0x00000007d8500000)
  to   space 2560K, 0% used [0x00000007d8000000,0x00000007d8000000,0x00000007d8280000)
 ParOldGen       total 58880K, used 45763K [0x0000000780000000, 0x0000000783980000, 0x00000007d5500000)
  object space 58880K, 77% used [0x0000000780000000,0x0000000782cb0c30,0x0000000783980000)
 PSPermGen       total 21504K, used 17203K [0x000000077ae00000, 0x000000077c300000, 0x0000000780000000)
  object space 21504K, 79% used [0x000000077ae00000,0x000000077beccc10,0x000000077c300000)
GC Heap History (10 events):
Event: 514.303 GC heap before
{Heap before GC invocations=2716 (full 30):
 PSYoungGen      total 46592K, used 45737K [0x00000007d5500000, 0x00000007d8900000, 0x0000000800000000)
  eden space 44544K, 98% used [0x00000007d5500000,0x00000007d7ff0bb0,0x00000007d8080000)
  from space 2048K, 86% used [0x00000007d8480000,0x00000007d8639a08,0x00000007d8680000)
  to   space 2560K, 0% used [0x00000007d8680000,0x00000007d8680000,0x00000007d8900000)
 ParOldGen       total 58880K, used 45373K [0x0000000780000000, 0x0000000783980000, 0x00000007d5500000)
  object space 58880K, 77% used [0x0000000780000000,0x0000000782c4f440,0x0000000783980000)
 PSPermGen       total 21504K, used 17201K [0x000000077ae00000, 0x000000077c300000, 0x0000000780000000)
  object space 21504K, 79% used [0x000000077ae00000,0x000000077becc5c0,0x000000077c300000)
Event: 514.304 GC heap after
Heap after GC invocations=2716 (full 30):
 PSYoungGen      total 45568K, used 2037K [0x00000007d5500000, 0x00000007d8880000, 0x0000000800000000)
  eden space 43520K, 0% used [0x00000007d5500000,0x00000007d5500000,0x00000007d7f80000)
  from space 2048K, 99% used [0x00000007d8680000,0x00000007d887d420,0x00000007d8880000)
  to   space 3072K, 0% used [0x00000007d8280000,0x00000007d8280000,0x00000007d8580000)
 ParOldGen       total 58880K, used 45381K [0x0000000780000000, 0x0000000783980000, 0x00000007d5500000)
  object space 58880K, 77% used [0x0000000780000000,0x0000000782c51440,0x0000000783980000)
 PSPermGen       total 21504K, used 17201K [0x000000077ae00000, 0x000000077c300000, 0x0000000780000000)
  object space 21504K, 79% used [0x000000077ae00000,0x000000077becc5c0,0x000000077c300000)
}
Event: 514.459 GC heap before
{Heap before GC invocations=2717 (full 30):
 PSYoungGen      total 45568K, used 44925K [0x00000007d5500000, 0x00000007d8880000, 0x0000000800000000)
  eden space 43520K, 98% used [0x00000007d5500000,0x00000007d7ee2118,0x00000007d7f80000)
  from space 2048K, 99% used [0x00000007d8680000,0x00000007d887d420,0x00000007d8880000)
  to   space 3072K, 0% used [0x00000007d8280000,0x00000007d8280000,0x00000007d8580000)
 ParOldGen       total 58880K, used 45381K [0x0000000780000000, 0x0000000783980000, 0x00000007d5500000)
  object space 58880K, 77% used [0x0000000780000000,0x0000000782c51440,0x0000000783980000)
 PSPermGen       total 21504K, used 17201K [0x000000077ae00000, 0x000000077c300000, 0x0000000780000000)
  object space 21504K, 79% used [0x000000077ae00000,0x000000077becc5c0,0x000000077c300000)
Event: 514.460 GC heap after
Heap after GC invocations=2717 (full 30):
 PSYoungGen      total 45056K, used 1973K [0x00000007d5500000, 0x00000007d8700000, 0x0000000800000000)
  eden space 43008K, 0% used [0x00000007d5500000,0x00000007d5500000,0x00000007d7f00000)
  from space 2048K, 96% used [0x00000007d8280000,0x00000007d846d420,0x00000007d8480000)
  to   space 2560K, 0% used [0x00000007d8480000,0x00000007d8480000,0x00000007d8700000)
 ParOldGen       total 58880K, used 45389K [0x0000000780000000, 0x0000000783980000, 0x00000007d5500000)
  object space 58880K, 77% used [0x0000000780000000,0x0000000782c53440,0x0000000783980000)
 PSPermGen       total 21504K, used 17201K [0x000000077ae00000, 0x000000077c300000, 0x0000000780000000)
  object space 21504K, 79% used [0x000000077ae00000,0x000000077becc5c0,0x000000077c300000)
}
Event: 514.606 GC heap before
{Heap before GC invocations=2718 (full 30):
 PSYoungGen      total 45056K, used 44234K [0x00000007d5500000, 0x00000007d8700000, 0x0000000800000000)
  eden space 43008K, 98% used [0x00000007d5500000,0x00000007d7e45730,0x00000007d7f00000)
  from space 2048K, 96% used [0x00000007d8280000,0x00000007d846d420,0x00000007d8480000)
  to   space 2560K, 0% used [0x00000007d8480000,0x00000007d8480000,0x00000007d8700000)
 ParOldGen       total 58880K, used 45389K [0x0000000780000000, 0x0000000783980000, 0x00000007d5500000)
  object space 58880K, 77% used [0x0000000780000000,0x0000000782c53440,0x0000000783980000)
 PSPermGen       total 21504K, used 17201K [0x000000077ae00000, 0x000000077c300000, 0x0000000780000000)
  object space 21504K, 79% used [0x000000077ae00000,0x000000077becc5c0,0x000000077c300000)
Event: 514.608 GC heap after
Heap after GC invocations=2718 (full 30):
 PSYoungGen      total 44544K, used 2005K [0x00000007d5500000, 0x00000007d8680000, 0x0000000800000000)
  eden space 42496K, 0% used [0x00000007d5500000,0x00000007d5500000,0x00000007d7e80000)
  from space 2048K, 97% used [0x00000007d8480000,0x00000007d8675420,0x00000007d8680000)
  to   space 2560K, 0% used [0x00000007d8180000,0x00000007d8180000,0x00000007d8400000)
 ParOldGen       total 58880K, used 45397K [0x0000000780000000, 0x0000000783980000, 0x00000007d5500000)
  object space 58880K, 77% used [0x0000000780000000,0x0000000782c55440,0x0000000783980000)
 PSPermGen       total 21504K, used 17201K [0x000000077ae00000, 0x000000077c300000, 0x0000000780000000)
  object space 21504K, 79% used [0x000000077ae00000,0x000000077becc5c0,0x000000077c300000)
}
Event: 514.800 GC heap before
{Heap before GC invocations=2719 (full 30):
 PSYoungGen      total 44544K, used 43716K [0x00000007d5500000, 0x00000007d8680000, 0x0000000800000000)
  eden space 42496K, 98% used [0x00000007d5500000,0x00000007d7dbbca0,0x00000007d7e80000)
  from space 2048K, 97% used [0x00000007d8480000,0x00000007d8675420,0x00000007d8680000)
  to   space 2560K, 0% used [0x00000007d8180000,0x00000007d8180000,0x00000007d8400000)
 ParOldGen       total 58880K, used 45397K [0x0000000780000000, 0x0000000783980000, 0x00000007d5500000)
  object space 58880K, 77% used [0x0000000780000000,0x0000000782c55440,0x0000000783980000)
 PSPermGen       total 21504K, used 17201K [0x000000077ae00000, 0x000000077c300000, 0x0000000780000000)
  object space 21504K, 79% used [0x000000077ae00000,0x000000077becc5c0,0x000000077c300000)
Event: 514.802 GC heap after
Heap after GC invocations=2719 (full 30):
 PSYoungGen      total 44032K, used 1846K [0x00000007d5500000, 0x00000007d8500000, 0x0000000800000000)
  eden space 41984K, 0% used [0x00000007d5500000,0x00000007d5500000,0x00000007d7e00000)
  from space 2048K, 90% used [0x00000007d8180000,0x00000007d834d810,0x00000007d8380000)
  to   space 1536K, 0% used [0x00000007d8380000,0x00000007d8380000,0x00000007d8500000)
 ParOldGen       total 58880K, used 45413K [0x0000000780000000, 0x0000000783980000, 0x00000007d5500000)
  object space 58880K, 77% used [0x0000000780000000,0x0000000782c59440,0x0000000783980000)
 PSPermGen       total 21504K, used 17201K [0x000000077ae00000, 0x000000077c300000, 0x0000000780000000)
  object space 21504K, 79% used [0x000000077ae00000,0x000000077becc5c0,0x000000077c300000)
}
Event: 514.954 GC heap before
{Heap before GC invocations=2720 (full 30):
 PSYoungGen      total 44032K, used 42827K [0x00000007d5500000, 0x00000007d8500000, 0x0000000800000000)
  eden space 41984K, 97% used [0x00000007d5500000,0x00000007d7d057a8,0x00000007d7e00000)
  from space 2048K, 90% used [0x00000007d8180000,0x00000007d834d810,0x00000007d8380000)
  to   space 1536K, 0% used [0x00000007d8380000,0x00000007d8380000,0x00000007d8500000)
 ParOldGen       total 58880K, used 45413K [0x0000000780000000, 0x0000000783980000, 0x00000007d5500000)
  object space 58880K, 77% used [0x0000000780000000,0x0000000782c59440,0x0000000783980000)
 PSPermGen       total 21504K, used 17201K [0x000000077ae00000, 0x000000077c300000, 0x0000000780000000)
  object space 21504K, 79% used [0x000000077ae00000,0x000000077becc5c0,0x000000077c300000)
Event: 514.955 GC heap after
Heap after GC invocations=2720 (full 30):
 PSYoungGen      total 43008K, used 1496K [0x00000007d5500000, 0x00000007d8500000, 0x0000000800000000)
  eden space 41472K, 0% used [0x00000007d5500000,0x00000007d5500000,0x00000007d7d80000)
  from space 1536K, 97% used [0x00000007d8380000,0x00000007d84f6020,0x00000007d8500000)
  to   space 2560K, 0% used [0x00000007d8000000,0x00000007d8000000,0x00000007d8280000)
 ParOldGen       total 58880K, used 45763K [0x0000000780000000, 0x0000000783980000, 0x00000007d5500000)
  object space 58880K, 77% used [0x0000000780000000,0x0000000782cb0c30,0x0000000783980000)
 PSPermGen       total 21504K, used 17201K [0x000000077ae00000, 0x000000077c300000, 0x0000000780000000)
  object space 21504K, 79% used [0x000000077ae00000,0x000000077becc5c0,0x000000077c300000)
}

