# JRE version: OpenJDK Runtime Environment (7.0_91-b02) (build 1.7.0_91-b02)
# Java VM: OpenJDK 64-Bit Server VM (24.91-b01 mixed mode linux-amd64 compressed oops)
Heap
 PSYoungGen      total 234496K, used 74134K [0x00000007d7000000, 0x00000007e6b80000, 0x0000000800000000)
  eden space 232448K, 31% used [0x00000007d7000000,0x00000007db6c4128,0x00000007e5300000)
  from space 2048K, 81% used [0x00000007e6980000,0x00000007e6b21a08,0x00000007e6b80000)
  to   space 4608K, 0% used [0x00000007e6280000,0x00000007e6280000,0x00000007e6700000)
 ParOldGen       total 83968K, used 1924K [0x0000000785000000, 0x000000078a200000, 0x00000007d7000000)
  object space 83968K, 2% used [0x0000000785000000,0x00000007851e1090,0x000000078a200000)
 PSPermGen       total 21504K, used 14845K [0x000000077aa00000, 0x000000077bf00000, 0x0000000785000000)
  object space 21504K, 69% used [0x000000077aa00000,0x000000077b87f5b0,0x000000077bf00000)
GC Heap History (10 events):
Event: 2,686 GC heap before
{Heap before GC invocations=6 (full 0):
 PSYoungGen      total 68608K, used 63628K [0x00000007d7000000, 0x00000007df400000, 0x0000000800000000)
  eden space 63488K, 95% used [0x00000007d7000000,0x00000007dab5c8e8,0x00000007dae00000)
  from space 5120K, 55% used [0x00000007dae00000,0x00000007db0c6a68,0x00000007db300000)
  to   space 4096K, 0% used [0x00000007df000000,0x00000007df000000,0x00000007df400000)
 ParOldGen       total 83968K, used 8K [0x0000000785000000, 0x000000078a200000, 0x00000007d7000000)
  object space 83968K, 0% used [0x0000000785000000,0x0000000785002000,0x000000078a200000)
 PSPermGen       total 21504K, used 14689K [0x000000077aa00000, 0x000000077bf00000, 0x0000000785000000)
  object space 21504K, 68% used [0x000000077aa00000,0x000000077b858560,0x000000077bf00000)
Event: 2,690 GC heap after
Heap after GC invocations=6 (full 0):
 PSYoungGen      total 131072K, used 2842K [0x00000007d7000000, 0x00000007df400000, 0x0000000800000000)
  eden space 126976K, 0% used [0x00000007d7000000,0x00000007d7000000,0x00000007dec00000)
  from space 4096K, 69% used [0x00000007df000000,0x00000007df2c6a68,0x00000007df400000)
  to   space 4096K, 0% used [0x00000007dec00000,0x00000007dec00000,0x00000007df000000)
 ParOldGen       total 83968K, used 8K [0x0000000785000000, 0x000000078a200000, 0x00000007d7000000)
  object space 83968K, 0% used [0x0000000785000000,0x0000000785002000,0x000000078a200000)
 PSPermGen       total 21504K, used 14689K [0x000000077aa00000, 0x000000077bf00000, 0x0000000785000000)
  object space 21504K, 68% used [0x000000077aa00000,0x000000077b858560,0x000000077bf00000)
}
Event: 3,424 GC heap before
{Heap before GC invocations=7 (full 0):
 PSYoungGen      total 131072K, used 128261K [0x00000007d7000000, 0x00000007df400000, 0x0000000800000000)
  eden space 126976K, 98% used [0x00000007d7000000,0x00000007dea7acb0,0x00000007dec00000)
  from space 4096K, 69% used [0x00000007df000000,0x00000007df2c6a68,0x00000007df400000)
  to   space 4096K, 0% used [0x00000007dec00000,0x00000007dec00000,0x00000007df000000)
 ParOldGen       total 83968K, used 8K [0x0000000785000000, 0x000000078a200000, 0x00000007d7000000)
  object space 83968K, 0% used [0x0000000785000000,0x0000000785002000,0x000000078a200000)
 PSPermGen       total 21504K, used 14714K [0x000000077aa00000, 0x000000077bf00000, 0x0000000785000000)
  object space 21504K, 68% used [0x000000077aa00000,0x000000077b85eab8,0x000000077bf00000)
Event: 3,428 GC heap after
Heap after GC invocations=7 (full 0):
 PSYoungGen      total 131072K, used 1002K [0x00000007d7000000, 0x00000007e7100000, 0x0000000800000000)
  eden space 126976K, 0% used [0x00000007d7000000,0x00000007d7000000,0x00000007dec00000)
  from space 4096K, 24% used [0x00000007dec00000,0x00000007decfaa28,0x00000007df000000)
  to   space 4608K, 0% used [0x00000007e6c80000,0x00000007e6c80000,0x00000007e7100000)
 ParOldGen       total 83968K, used 1868K [0x0000000785000000, 0x000000078a200000, 0x00000007d7000000)
  object space 83968K, 2% used [0x0000000785000000,0x00000007851d3090,0x000000078a200000)
 PSPermGen       total 21504K, used 14714K [0x000000077aa00000, 0x000000077bf00000, 0x0000000785000000)
  object space 21504K, 68% used [0x000000077aa00000,0x000000077b85eab8,0x000000077bf00000)
}
Event: 4,132 GC heap before
{Heap before GC invocations=8 (full 0):
 PSYoungGen      total 131072K, used 127516K [0x00000007d7000000, 0x00000007e7100000, 0x0000000800000000)
  eden space 126976K, 99% used [0x00000007d7000000,0x00000007deb8c830,0x00000007dec00000)
  from space 4096K, 24% used [0x00000007dec00000,0x00000007decfaa28,0x00000007df000000)
  to   space 4608K, 0% used [0x00000007e6c80000,0x00000007e6c80000,0x00000007e7100000)
 ParOldGen       total 83968K, used 1868K [0x0000000785000000, 0x000000078a200000, 0x00000007d7000000)
  object space 83968K, 2% used [0x0000000785000000,0x00000007851d3090,0x000000078a200000)
 PSPermGen       total 21504K, used 14781K [0x000000077aa00000, 0x000000077bf00000, 0x0000000785000000)
  object space 21504K, 68% used [0x000000077aa00000,0x000000077b86f750,0x000000077bf00000)
Event: 4,133 GC heap after
Heap after GC invocations=8 (full 0):
 PSYoungGen      total 258560K, used 1432K [0x00000007d7000000, 0x00000007e7100000, 0x0000000800000000)
  eden space 253952K, 0% used [0x00000007d7000000,0x00000007d7000000,0x00000007e6800000)
  from space 4608K, 31% used [0x00000007e6c80000,0x00000007e6de6050,0x00000007e7100000)
  to   space 4608K, 0% used [0x00000007e6800000,0x00000007e6800000,0x00000007e6c80000)
 ParOldGen       total 83968K, used 1876K [0x0000000785000000, 0x000000078a200000, 0x00000007d7000000)
  object space 83968K, 2% used [0x0000000785000000,0x00000007851d5090,0x000000078a200000)
 PSPermGen       total 21504K, used 14781K [0x000000077aa00000, 0x000000077bf00000, 0x0000000785000000)
  object space 21504K, 68% used [0x000000077aa00000,0x000000077b86f750,0x000000077bf00000)
}
Event: 5,484 GC heap before
{Heap before GC invocations=9 (full 0):
 PSYoungGen      total 258560K, used 252111K [0x00000007d7000000, 0x00000007e7100000, 0x0000000800000000)
  eden space 253952K, 98% used [0x00000007d7000000,0x00000007e64cdd88,0x00000007e6800000)
  from space 4608K, 31% used [0x00000007e6c80000,0x00000007e6de6050,0x00000007e7100000)
  to   space 4608K, 0% used [0x00000007e6800000,0x00000007e6800000,0x00000007e6c80000)
 ParOldGen       total 83968K, used 1876K [0x0000000785000000, 0x000000078a200000, 0x00000007d7000000)
  object space 83968K, 2% used [0x0000000785000000,0x00000007851d5090,0x000000078a200000)
 PSPermGen       total 21504K, used 14803K [0x000000077aa00000, 0x000000077bf00000, 0x0000000785000000)
  object space 21504K, 68% used [0x000000077aa00000,0x000000077b874e10,0x000000077bf00000)
Event: 5,485 GC heap after
Heap after GC invocations=9 (full 0):
 PSYoungGen      total 244224K, used 1034K [0x00000007d7000000, 0x00000007e6d00000, 0x0000000800000000)
  eden space 242688K, 0% used [0x00000007d7000000,0x00000007d7000000,0x00000007e5d00000)
  from space 1536K, 67% used [0x00000007e6800000,0x00000007e6902a28,0x00000007e6980000)
  to   space 3584K, 0% used [0x00000007e6980000,0x00000007e6980000,0x00000007e6d00000)
 ParOldGen       total 83968K, used 1884K [0x0000000785000000, 0x000000078a200000, 0x00000007d7000000)
  object space 83968K, 2% used [0x0000000785000000,0x00000007851d7090,0x000000078a200000)
 PSPermGen       total 21504K, used 14803K [0x000000077aa00000, 0x000000077bf00000, 0x0000000785000000)
  object space 21504K, 68% used [0x000000077aa00000,0x000000077b874e10,0x000000077bf00000)
}
Event: 6,756 GC heap before
{Heap before GC invocations=10 (full 0):
 PSYoungGen      total 244224K, used 240170K [0x00000007d7000000, 0x00000007e6d00000, 0x0000000800000000)
  eden space 242688K, 98% used [0x00000007d7000000,0x00000007e59881c0,0x00000007e5d00000)
  from space 1536K, 67% used [0x00000007e6800000,0x00000007e6902a28,0x00000007e6980000)
  to   space 3584K, 0% used [0x00000007e6980000,0x00000007e6980000,0x00000007e6d00000)
 ParOldGen       total 83968K, used 1884K [0x0000000785000000, 0x000000078a200000, 0x00000007d7000000)
  object space 83968K, 2% used [0x0000000785000000,0x00000007851d7090,0x000000078a200000)
 PSPermGen       total 21504K, used 14823K [0x000000077aa00000, 0x000000077bf00000, 0x0000000785000000)
  object space 21504K, 68% used [0x000000077aa00000,0x000000077b879f70,0x000000077bf00000)
Event: 6,758 GC heap after
Heap after GC invocations=10 (full 0):
 PSYoungGen      total 234496K, used 1670K [0x00000007d7000000, 0x00000007e6b80000, 0x0000000800000000)
  eden space 232448K, 0% used [0x00000007d7000000,0x00000007d7000000,0x00000007e5300000)
  from space 2048K, 81% used [0x00000007e6980000,0x00000007e6b21a08,0x00000007e6b80000)
  to   space 4608K, 0% used [0x00000007e6280000,0x00000007e6280000,0x00000007e6700000)
 ParOldGen       total 83968K, used 1924K [0x0000000785000000, 0x000000078a200000, 0x00000007d7000000)
  object space 83968K, 2% used [0x0000000785000000,0x00000007851e1090,0x000000078a200000)
 PSPermGen       total 21504K, used 14823K [0x000000077aa00000, 0x000000077bf00000, 0x0000000785000000)
  object space 21504K, 68% used [0x000000077aa00000,0x000000077b879f70,0x000000077bf00000)
}

