# JRE version: Java(TM) SE Runtime Environment (7.0_79-b15) (build 1.7.0_79-b15)
# Java VM: Java HotSpot(TM) 64-Bit Server VM (24.79-b02 mixed mode bsd-amd64 compressed oops)
Heap
 PSYoungGen      total 279552K, used 177640K [0x00000007d5500000, 0x00000007e6f00000, 0x0000000800000000)
  eden space 270336K, 64% used [0x00000007d5500000,0x00000007e0090b60,0x00000007e5d00000)
  from space 9216K, 21% used [0x00000007e6600000,0x00000007e67e9618,0x00000007e6f00000)
  to   space 9216K, 0% used [0x00000007e5d00000,0x00000007e5d00000,0x00000007e6600000)
 ParOldGen       total 87040K, used 6394K [0x0000000780000000, 0x0000000785500000, 0x00000007d5500000)
  object space 87040K, 7% used [0x0000000780000000,0x000000078063e990,0x0000000785500000)
 PSPermGen       total 21504K, used 13059K [0x000000077ae00000, 0x000000077c300000, 0x0000000780000000)
  object space 21504K, 60% used [0x000000077ae00000,0x000000077bac0cf0,0x000000077c300000)
GC Heap History (10 events):
Event: 3.977 GC heap before
{Heap before GC invocations=4 (full 0):
 PSYoungGen      total 38912K, used 36076K [0x00000007d5500000, 0x00000007da100000, 0x0000000800000000)
  eden space 33792K, 99% used [0x00000007d5500000,0x00000007d75eaad8,0x00000007d7600000)
  from space 5120K, 46% used [0x00000007d7600000,0x00000007d7850578,0x00000007d7b00000)
  to   space 5120K, 0% used [0x00000007d9c00000,0x00000007d9c00000,0x00000007da100000)
 ParOldGen       total 87040K, used 4998K [0x0000000780000000, 0x0000000785500000, 0x00000007d5500000)
  object space 87040K, 5% used [0x0000000780000000,0x00000007804e1b08,0x0000000785500000)
 PSPermGen       total 21504K, used 12975K [0x000000077ae00000, 0x000000077c300000, 0x0000000780000000)
  object space 21504K, 60% used [0x000000077ae00000,0x000000077baabe40,0x000000077c300000)
Event: 3.982 GC heap after
Heap after GC invocations=4 (full 0):
 PSYoungGen      total 72704K, used 2623K [0x00000007d5500000, 0x00000007da100000, 0x0000000800000000)
  eden space 67584K, 0% used [0x00000007d5500000,0x00000007d5500000,0x00000007d9700000)
  from space 5120K, 51% used [0x00000007d9c00000,0x00000007d9e8fd98,0x00000007da100000)
  to   space 5120K, 0% used [0x00000007d9700000,0x00000007d9700000,0x00000007d9c00000)
 ParOldGen       total 87040K, used 4998K [0x0000000780000000, 0x0000000785500000, 0x00000007d5500000)
  object space 87040K, 5% used [0x0000000780000000,0x00000007804e1b08,0x0000000785500000)
 PSPermGen       total 21504K, used 12975K [0x000000077ae00000, 0x000000077c300000, 0x0000000780000000)
  object space 21504K, 60% used [0x000000077ae00000,0x000000077baabe40,0x000000077c300000)
}
Event: 4.244 GC heap before
{Heap before GC invocations=5 (full 0):
 PSYoungGen      total 72704K, used 68772K [0x00000007d5500000, 0x00000007da100000, 0x0000000800000000)
  eden space 67584K, 97% used [0x00000007d5500000,0x00000007d9599510,0x00000007d9700000)
  from space 5120K, 51% used [0x00000007d9c00000,0x00000007d9e8fd98,0x00000007da100000)
  to   space 5120K, 0% used [0x00000007d9700000,0x00000007d9700000,0x00000007d9c00000)
 ParOldGen       total 87040K, used 4998K [0x0000000780000000, 0x0000000785500000, 0x00000007d5500000)
  object space 87040K, 5% used [0x0000000780000000,0x00000007804e1b08,0x0000000785500000)
 PSPermGen       total 21504K, used 12987K [0x000000077ae00000, 0x000000077c300000, 0x0000000780000000)
  object space 21504K, 60% used [0x000000077ae00000,0x000000077baaed20,0x000000077c300000)
Event: 4.248 GC heap after
Heap after GC invocations=5 (full 0):
 PSYoungGen      total 72704K, used 2782K [0x00000007d5500000, 0x00000007ded00000, 0x0000000800000000)
  eden space 67584K, 0% used [0x00000007d5500000,0x00000007d5500000,0x00000007d9700000)
  from space 5120K, 54% used [0x00000007d9700000,0x00000007d99b79a8,0x00000007d9c00000)
  to   space 10240K, 0% used [0x00000007de300000,0x00000007de300000,0x00000007ded00000)
 ParOldGen       total 87040K, used 5006K [0x0000000780000000, 0x0000000785500000, 0x00000007d5500000)
  object space 87040K, 5% used [0x0000000780000000,0x00000007804e3b08,0x0000000785500000)
 PSPermGen       total 21504K, used 12987K [0x000000077ae00000, 0x000000077c300000, 0x0000000780000000)
  object space 21504K, 60% used [0x000000077ae00000,0x000000077baaed20,0x000000077c300000)
}
Event: 4.498 GC heap before
{Heap before GC invocations=6 (full 0):
 PSYoungGen      total 72704K, used 68592K [0x00000007d5500000, 0x00000007ded00000, 0x0000000800000000)
  eden space 67584K, 97% used [0x00000007d5500000,0x00000007d9544a50,0x00000007d9700000)
  from space 5120K, 54% used [0x00000007d9700000,0x00000007d99b79a8,0x00000007d9c00000)
  to   space 10240K, 0% used [0x00000007de300000,0x00000007de300000,0x00000007ded00000)
 ParOldGen       total 87040K, used 5006K [0x0000000780000000, 0x0000000785500000, 0x00000007d5500000)
  object space 87040K, 5% used [0x0000000780000000,0x00000007804e3b08,0x0000000785500000)
 PSPermGen       total 21504K, used 12994K [0x000000077ae00000, 0x000000077c300000, 0x0000000780000000)
  object space 21504K, 60% used [0x000000077ae00000,0x000000077bab0848,0x000000077c300000)
Event: 4.501 GC heap after
Heap after GC invocations=6 (full 0):
 PSYoungGen      total 144384K, used 2791K [0x00000007d5500000, 0x00000007dec00000, 0x0000000800000000)
  eden space 135168K, 0% used [0x00000007d5500000,0x00000007d5500000,0x00000007dd900000)
  from space 9216K, 30% used [0x00000007de300000,0x00000007de5b9e58,0x00000007dec00000)
  to   space 9728K, 0% used [0x00000007dd900000,0x00000007dd900000,0x00000007de280000)
 ParOldGen       total 87040K, used 5006K [0x0000000780000000, 0x0000000785500000, 0x00000007d5500000)
  object space 87040K, 5% used [0x0000000780000000,0x00000007804e3b08,0x0000000785500000)
 PSPermGen       total 21504K, used 12994K [0x000000077ae00000, 0x000000077c300000, 0x0000000780000000)
  object space 21504K, 60% used [0x000000077ae00000,0x000000077bab0848,0x000000077c300000)
}
Event: 5.032 GC heap before
{Heap before GC invocations=7 (full 0):
 PSYoungGen      total 144384K, used 137766K [0x00000007d5500000, 0x00000007dec00000, 0x0000000800000000)
  eden space 135168K, 99% used [0x00000007d5500000,0x00000007dd8cfd40,0x00000007dd900000)
  from space 9216K, 30% used [0x00000007de300000,0x00000007de5b9e58,0x00000007dec00000)
  to   space 9728K, 0% used [0x00000007dd900000,0x00000007dd900000,0x00000007de280000)
 ParOldGen       total 87040K, used 5006K [0x0000000780000000, 0x0000000785500000, 0x00000007d5500000)
  object space 87040K, 5% used [0x0000000780000000,0x00000007804e3b08,0x0000000785500000)
 PSPermGen       total 21504K, used 13014K [0x000000077ae00000, 0x000000077c300000, 0x0000000780000000)
  object space 21504K, 60% used [0x000000077ae00000,0x000000077bab5bf0,0x000000077c300000)
Event: 5.034 GC heap after
Heap after GC invocations=7 (full 0):
 PSYoungGen      total 144896K, used 1560K [0x00000007d5500000, 0x00000007e6f00000, 0x0000000800000000)
  eden space 135168K, 0% used [0x00000007d5500000,0x00000007d5500000,0x00000007dd900000)
  from space 9728K, 16% used [0x00000007dd900000,0x00000007dda86050,0x00000007de280000)
  to   space 9216K, 0% used [0x00000007e6600000,0x00000007e6600000,0x00000007e6f00000)
 ParOldGen       total 87040K, used 6386K [0x0000000780000000, 0x0000000785500000, 0x00000007d5500000)
  object space 87040K, 7% used [0x0000000780000000,0x000000078063c990,0x0000000785500000)
 PSPermGen       total 21504K, used 13014K [0x000000077ae00000, 0x000000077c300000, 0x0000000780000000)
  object space 21504K, 60% used [0x000000077ae00000,0x000000077bab5bf0,0x000000077c300000)
}
Event: 5.544 GC heap before
{Heap before GC invocations=8 (full 0):
 PSYoungGen      total 144896K, used 135996K [0x00000007d5500000, 0x00000007e6f00000, 0x0000000800000000)
  eden space 135168K, 99% used [0x00000007d5500000,0x00000007dd8490c8,0x00000007dd900000)
  from space 9728K, 16% used [0x00000007dd900000,0x00000007dda86050,0x00000007de280000)
  to   space 9216K, 0% used [0x00000007e6600000,0x00000007e6600000,0x00000007e6f00000)
 ParOldGen       total 87040K, used 6386K [0x0000000780000000, 0x0000000785500000, 0x00000007d5500000)
  object space 87040K, 7% used [0x0000000780000000,0x000000078063c990,0x0000000785500000)
 PSPermGen       total 21504K, used 13033K [0x000000077ae00000, 0x000000077c300000, 0x0000000780000000)
  object space 21504K, 60% used [0x000000077ae00000,0x000000077baba570,0x000000077c300000)
Event: 5.545 GC heap after
Heap after GC invocations=8 (full 0):
 PSYoungGen      total 279552K, used 1957K [0x00000007d5500000, 0x00000007e6f00000, 0x0000000800000000)
  eden space 270336K, 0% used [0x00000007d5500000,0x00000007d5500000,0x00000007e5d00000)
  from space 9216K, 21% used [0x00000007e6600000,0x00000007e67e9618,0x00000007e6f00000)
  to   space 9216K, 0% used [0x00000007e5d00000,0x00000007e5d00000,0x00000007e6600000)
 ParOldGen       total 87040K, used 6394K [0x0000000780000000, 0x0000000785500000, 0x00000007d5500000)
  object space 87040K, 7% used [0x0000000780000000,0x000000078063e990,0x0000000785500000)
 PSPermGen       total 21504K, used 13033K [0x000000077ae00000, 0x000000077c300000, 0x0000000780000000)
  object space 21504K, 60% used [0x000000077ae00000,0x000000077baba570,0x000000077c300000)
}

