# JRE version: OpenJDK Runtime Environment (7.0_91-b02) (build 1.7.0_91-b02)
# Java VM: OpenJDK 64-Bit Server VM (24.91-b01 mixed mode linux-amd64 compressed oops)
Heap
 PSYoungGen      total 48128K, used 47533K [0x00000007d7000000, 0x00000007e4600000, 0x0000000800000000)
  eden space 46080K, 99% used [0x00000007d7000000,0x00000007d9cd1d08,0x00000007d9d00000)
  from space 2048K, 80% used [0x00000007e4280000,0x00000007e4419a38,0x00000007e4480000)
  to   space 1536K, 0% used [0x00000007e4480000,0x00000007e4480000,0x00000007e4600000)
 ParOldGen       total 83968K, used 5396K [0x0000000785000000, 0x000000078a200000, 0x00000007d7000000)
  object space 83968K, 6% used [0x0000000785000000,0x00000007855453d8,0x000000078a200000)
 PSPermGen       total 21504K, used 15357K [0x000000077aa00000, 0x000000077bf00000, 0x0000000785000000)
  object space 21504K, 71% used [0x000000077aa00000,0x000000077b8ff438,0x000000077bf00000)
GC Heap History (10 events):
Event: 17,511 GC heap before
{Heap before GC invocations=35 (full 0):
 PSYoungGen      total 54272K, used 51239K [0x00000007d7000000, 0x00000007e4a00000, 0x0000000800000000)
  eden space 52224K, 94% used [0x00000007d7000000,0x00000007da0685a0,0x00000007da300000)
  from space 2048K, 81% used [0x00000007e4800000,0x00000007e49a1a08,0x00000007e4a00000)
  to   space 2560K, 0% used [0x00000007e4500000,0x00000007e4500000,0x00000007e4780000)
 ParOldGen       total 83968K, used 4974K [0x0000000785000000, 0x000000078a200000, 0x00000007d7000000)
  object space 83968K, 5% used [0x0000000785000000,0x00000007854dbbe8,0x000000078a200000)
 PSPermGen       total 21504K, used 15342K [0x000000077aa00000, 0x000000077bf00000, 0x0000000785000000)
  object space 21504K, 71% used [0x000000077aa00000,0x000000077b8fb908,0x000000077bf00000)
Event: 17,513 GC heap after
Heap after GC invocations=35 (full 0):
 PSYoungGen      total 52736K, used 1670K [0x00000007d7000000, 0x00000007e4880000, 0x0000000800000000)
  eden space 50688K, 0% used [0x00000007d7000000,0x00000007d7000000,0x00000007da180000)
  from space 2048K, 81% used [0x00000007e4500000,0x00000007e46a1a08,0x00000007e4700000)
  to   space 1536K, 0% used [0x00000007e4700000,0x00000007e4700000,0x00000007e4880000)
 ParOldGen       total 83968K, used 5006K [0x0000000785000000, 0x000000078a200000, 0x00000007d7000000)
  object space 83968K, 5% used [0x0000000785000000,0x00000007854e3be8,0x000000078a200000)
 PSPermGen       total 21504K, used 15342K [0x000000077aa00000, 0x000000077bf00000, 0x0000000785000000)
  object space 21504K, 71% used [0x000000077aa00000,0x000000077b8fb908,0x000000077bf00000)
}
Event: 17,802 GC heap before
{Heap before GC invocations=36 (full 0):
 PSYoungGen      total 52736K, used 51227K [0x00000007d7000000, 0x00000007e4880000, 0x0000000800000000)
  eden space 50688K, 97% used [0x00000007d7000000,0x00000007da065328,0x00000007da180000)
  from space 2048K, 81% used [0x00000007e4500000,0x00000007e46a1a08,0x00000007e4700000)
  to   space 1536K, 0% used [0x00000007e4700000,0x00000007e4700000,0x00000007e4880000)
 ParOldGen       total 83968K, used 5006K [0x0000000785000000, 0x000000078a200000, 0x00000007d7000000)
  object space 83968K, 5% used [0x0000000785000000,0x00000007854e3be8,0x000000078a200000)
 PSPermGen       total 21504K, used 15343K [0x000000077aa00000, 0x000000077bf00000, 0x0000000785000000)
  object space 21504K, 71% used [0x000000077aa00000,0x000000077b8fbff0,0x000000077bf00000)
Event: 17,803 GC heap after
Heap after GC invocations=36 (full 0):
 PSYoungGen      total 50688K, used 1432K [0x00000007d7000000, 0x00000007e4880000, 0x0000000800000000)
  eden space 49152K, 0% used [0x00000007d7000000,0x00000007d7000000,0x00000007da000000)
  from space 1536K, 93% used [0x00000007e4700000,0x00000007e4866020,0x00000007e4880000)
  to   space 2560K, 0% used [0x00000007e4380000,0x00000007e4380000,0x00000007e4600000)
 ParOldGen       total 83968K, used 5340K [0x0000000785000000, 0x000000078a200000, 0x00000007d7000000)
  object space 83968K, 6% used [0x0000000785000000,0x00000007855373d8,0x000000078a200000)
 PSPermGen       total 21504K, used 15343K [0x000000077aa00000, 0x000000077bf00000, 0x0000000785000000)
  object space 21504K, 71% used [0x000000077aa00000,0x000000077b8fbff0,0x000000077bf00000)
}
Event: 18,099 GC heap before
{Heap before GC invocations=37 (full 0):
 PSYoungGen      total 50688K, used 47293K [0x00000007d7000000, 0x00000007e4880000, 0x0000000800000000)
  eden space 49152K, 93% used [0x00000007d7000000,0x00000007d9cc94a0,0x00000007da000000)
  from space 1536K, 93% used [0x00000007e4700000,0x00000007e4866020,0x00000007e4880000)
  to   space 2560K, 0% used [0x00000007e4380000,0x00000007e4380000,0x00000007e4600000)
 ParOldGen       total 83968K, used 5340K [0x0000000785000000, 0x000000078a200000, 0x00000007d7000000)
  object space 83968K, 6% used [0x0000000785000000,0x00000007855373d8,0x000000078a200000)
 PSPermGen       total 21504K, used 15345K [0x000000077aa00000, 0x000000077bf00000, 0x0000000785000000)
  object space 21504K, 71% used [0x000000077aa00000,0x000000077b8fc428,0x000000077bf00000)
Event: 18,100 GC heap after
Heap after GC invocations=37 (full 0):
 PSYoungGen      total 50176K, used 1670K [0x00000007d7000000, 0x00000007e4780000, 0x0000000800000000)
  eden space 48128K, 0% used [0x00000007d7000000,0x00000007d7000000,0x00000007d9f00000)
  from space 2048K, 81% used [0x00000007e4380000,0x00000007e4521a08,0x00000007e4580000)
  to   space 2048K, 0% used [0x00000007e4580000,0x00000007e4580000,0x00000007e4780000)
 ParOldGen       total 83968K, used 5356K [0x0000000785000000, 0x000000078a200000, 0x00000007d7000000)
  object space 83968K, 6% used [0x0000000785000000,0x000000078553b3d8,0x000000078a200000)
 PSPermGen       total 21504K, used 15345K [0x000000077aa00000, 0x000000077bf00000, 0x0000000785000000)
  object space 21504K, 71% used [0x000000077aa00000,0x000000077b8fc428,0x000000077bf00000)
}
Event: 18,401 GC heap before
{Heap before GC invocations=38 (full 0):
 PSYoungGen      total 50176K, used 48670K [0x00000007d7000000, 0x00000007e4780000, 0x0000000800000000)
  eden space 48128K, 97% used [0x00000007d7000000,0x00000007d9de5e98,0x00000007d9f00000)
  from space 2048K, 81% used [0x00000007e4380000,0x00000007e4521a08,0x00000007e4580000)
  to   space 2048K, 0% used [0x00000007e4580000,0x00000007e4580000,0x00000007e4780000)
 ParOldGen       total 83968K, used 5356K [0x0000000785000000, 0x000000078a200000, 0x00000007d7000000)
  object space 83968K, 6% used [0x0000000785000000,0x000000078553b3d8,0x000000078a200000)
 PSPermGen       total 21504K, used 15346K [0x000000077aa00000, 0x000000077bf00000, 0x0000000785000000)
  object space 21504K, 71% used [0x000000077aa00000,0x000000077b8fca48,0x000000077bf00000)
Event: 18,402 GC heap after
Heap after GC invocations=38 (full 0):
 PSYoungGen      total 49152K, used 1670K [0x00000007d7000000, 0x00000007e4780000, 0x0000000800000000)
  eden space 47104K, 0% used [0x00000007d7000000,0x00000007d7000000,0x00000007d9e00000)
  from space 2048K, 81% used [0x00000007e4580000,0x00000007e4721a08,0x00000007e4780000)
  to   space 2560K, 0% used [0x00000007e4280000,0x00000007e4280000,0x00000007e4500000)
 ParOldGen       total 83968K, used 5372K [0x0000000785000000, 0x000000078a200000, 0x00000007d7000000)
  object space 83968K, 6% used [0x0000000785000000,0x000000078553f3d8,0x000000078a200000)
 PSPermGen       total 21504K, used 15346K [0x000000077aa00000, 0x000000077bf00000, 0x0000000785000000)
  object space 21504K, 71% used [0x000000077aa00000,0x000000077b8fca48,0x000000077bf00000)
}
Event: 18,694 GC heap before
{Heap before GC invocations=39 (full 0):
 PSYoungGen      total 49152K, used 48635K [0x00000007d7000000, 0x00000007e4780000, 0x0000000800000000)
  eden space 47104K, 99% used [0x00000007d7000000,0x00000007d9ddd4d0,0x00000007d9e00000)
  from space 2048K, 81% used [0x00000007e4580000,0x00000007e4721a08,0x00000007e4780000)
  to   space 2560K, 0% used [0x00000007e4280000,0x00000007e4280000,0x00000007e4500000)
 ParOldGen       total 83968K, used 5372K [0x0000000785000000, 0x000000078a200000, 0x00000007d7000000)
  object space 83968K, 6% used [0x0000000785000000,0x000000078553f3d8,0x000000078a200000)
 PSPermGen       total 21504K, used 15351K [0x000000077aa00000, 0x000000077bf00000, 0x0000000785000000)
  object space 21504K, 71% used [0x000000077aa00000,0x000000077b8fdce8,0x000000077bf00000)
Event: 18,695 GC heap after
Heap after GC invocations=39 (full 0):
 PSYoungGen      total 48128K, used 1638K [0x00000007d7000000, 0x00000007e4600000, 0x0000000800000000)
  eden space 46080K, 0% used [0x00000007d7000000,0x00000007d7000000,0x00000007d9d00000)
  from space 2048K, 80% used [0x00000007e4280000,0x00000007e4419a38,0x00000007e4480000)
  to   space 1536K, 0% used [0x00000007e4480000,0x00000007e4480000,0x00000007e4600000)
 ParOldGen       total 83968K, used 5396K [0x0000000785000000, 0x000000078a200000, 0x00000007d7000000)
  object space 83968K, 6% used [0x0000000785000000,0x00000007855453d8,0x000000078a200000)
 PSPermGen       total 21504K, used 15351K [0x000000077aa00000, 0x000000077bf00000, 0x0000000785000000)
  object space 21504K, 71% used [0x000000077aa00000,0x000000077b8fdce8,0x000000077bf00000)
}

