# JRE version: OpenJDK Runtime Environment (7.0_91-b02) (build 1.7.0_91-b02)
# Java VM: OpenJDK 64-Bit Server VM (24.91-b01 mixed mode linux-amd64 compressed oops)
Heap
 PSYoungGen      total 65536K, used 27233K [0x00000007d7000000, 0x00000007e5100000, 0x0000000800000000)
  eden space 63488K, 40% used [0x00000007d7000000,0x00000007d88e2eb8,0x00000007dae00000)
  from space 2048K, 85% used [0x00000007e4c80000,0x00000007e4e35810,0x00000007e4e80000)
  to   space 2560K, 0% used [0x00000007e4e80000,0x00000007e4e80000,0x00000007e5100000)
 ParOldGen       total 83968K, used 2436K [0x0000000785000000, 0x000000078a200000, 0x00000007d7000000)
  object space 83968K, 2% used [0x0000000785000000,0x00000007852613c8,0x000000078a200000)
 PSPermGen       total 21504K, used 15379K [0x000000077aa00000, 0x000000077bf00000, 0x0000000785000000)
  object space 21504K, 71% used [0x000000077aa00000,0x000000077b904ff0,0x000000077bf00000)
GC Heap History (10 events):
Event: 37,956 GC heap before
{Heap before GC invocations=23 (full 0):
 PSYoungGen      total 76288K, used 72935K [0x00000007d7000000, 0x00000007e5700000, 0x0000000800000000)
  eden space 74240K, 96% used [0x00000007d7000000,0x00000007db5ac0e8,0x00000007db880000)
  from space 2048K, 77% used [0x00000007e5500000,0x00000007e568dc00,0x00000007e5700000)
  to   space 3072K, 0% used [0x00000007e5100000,0x00000007e5100000,0x00000007e5400000)
 ParOldGen       total 83968K, used 2356K [0x0000000785000000, 0x000000078a200000, 0x00000007d7000000)
  object space 83968K, 2% used [0x0000000785000000,0x000000078524d3c8,0x000000078a200000)
 PSPermGen       total 21504K, used 15366K [0x000000077aa00000, 0x000000077bf00000, 0x0000000785000000)
  object space 21504K, 71% used [0x000000077aa00000,0x000000077b901860,0x000000077bf00000)
Event: 37,957 GC heap after
Heap after GC invocations=23 (full 0):
 PSYoungGen      total 73728K, used 1591K [0x00000007d7000000, 0x00000007e5580000, 0x0000000800000000)
  eden space 71680K, 0% used [0x00000007d7000000,0x00000007d7000000,0x00000007db600000)
  from space 2048K, 77% used [0x00000007e5100000,0x00000007e528dc30,0x00000007e5300000)
  to   space 2560K, 0% used [0x00000007e5300000,0x00000007e5300000,0x00000007e5580000)
 ParOldGen       total 83968K, used 2372K [0x0000000785000000, 0x000000078a200000, 0x00000007d7000000)
  object space 83968K, 2% used [0x0000000785000000,0x00000007852513c8,0x000000078a200000)
 PSPermGen       total 21504K, used 15366K [0x000000077aa00000, 0x000000077bf00000, 0x0000000785000000)
  object space 21504K, 71% used [0x000000077aa00000,0x000000077b901860,0x000000077bf00000)
}
Event: 38,371 GC heap before
{Heap before GC invocations=24 (full 0):
 PSYoungGen      total 73728K, used 72713K [0x00000007d7000000, 0x00000007e5580000, 0x0000000800000000)
  eden space 71680K, 99% used [0x00000007d7000000,0x00000007db574890,0x00000007db600000)
  from space 2048K, 77% used [0x00000007e5100000,0x00000007e528dc30,0x00000007e5300000)
  to   space 2560K, 0% used [0x00000007e5300000,0x00000007e5300000,0x00000007e5580000)
 ParOldGen       total 83968K, used 2372K [0x0000000785000000, 0x000000078a200000, 0x00000007d7000000)
  object space 83968K, 2% used [0x0000000785000000,0x00000007852513c8,0x000000078a200000)
 PSPermGen       total 21504K, used 15369K [0x000000077aa00000, 0x000000077bf00000, 0x0000000785000000)
  object space 21504K, 71% used [0x000000077aa00000,0x000000077b902568,0x000000077bf00000)
Event: 38,371 GC heap after
Heap after GC invocations=24 (full 0):
 PSYoungGen      total 71168K, used 1161K [0x00000007d7000000, 0x00000007e5480000, 0x0000000800000000)
  eden space 69632K, 0% used [0x00000007d7000000,0x00000007d7000000,0x00000007db400000)
  from space 1536K, 75% used [0x00000007e5300000,0x00000007e5422638,0x00000007e5480000)
  to   space 3072K, 0% used [0x00000007e4e80000,0x00000007e4e80000,0x00000007e5180000)
 ParOldGen       total 83968K, used 2396K [0x0000000785000000, 0x000000078a200000, 0x00000007d7000000)
  object space 83968K, 2% used [0x0000000785000000,0x00000007852573c8,0x000000078a200000)
 PSPermGen       total 21504K, used 15369K [0x000000077aa00000, 0x000000077bf00000, 0x0000000785000000)
  object space 21504K, 71% used [0x000000077aa00000,0x000000077b902568,0x000000077bf00000)
}
Event: 38,813 GC heap before
{Heap before GC invocations=25 (full 0):
 PSYoungGen      total 71168K, used 69973K [0x00000007d7000000, 0x00000007e5480000, 0x0000000800000000)
  eden space 69632K, 98% used [0x00000007d7000000,0x00000007db333140,0x00000007db400000)
  from space 1536K, 75% used [0x00000007e5300000,0x00000007e5422638,0x00000007e5480000)
  to   space 3072K, 0% used [0x00000007e4e80000,0x00000007e4e80000,0x00000007e5180000)
 ParOldGen       total 83968K, used 2396K [0x0000000785000000, 0x000000078a200000, 0x00000007d7000000)
  object space 83968K, 2% used [0x0000000785000000,0x00000007852573c8,0x000000078a200000)
 PSPermGen       total 21504K, used 15369K [0x000000077aa00000, 0x000000077bf00000, 0x0000000785000000)
  object space 21504K, 71% used [0x000000077aa00000,0x000000077b902648,0x000000077bf00000)
Event: 38,814 GC heap after
Heap after GC invocations=25 (full 0):
 PSYoungGen      total 69632K, used 1718K [0x00000007d7000000, 0x00000007e5380000, 0x0000000800000000)
  eden space 67584K, 0% used [0x00000007d7000000,0x00000007d7000000,0x00000007db200000)
  from space 2048K, 83% used [0x00000007e4e80000,0x00000007e502d810,0x00000007e5080000)
  to   space 3072K, 0% used [0x00000007e5080000,0x00000007e5080000,0x00000007e5380000)
 ParOldGen       total 83968K, used 2412K [0x0000000785000000, 0x000000078a200000, 0x00000007d7000000)
  object space 83968K, 2% used [0x0000000785000000,0x000000078525b3c8,0x000000078a200000)
 PSPermGen       total 21504K, used 15369K [0x000000077aa00000, 0x000000077bf00000, 0x0000000785000000)
  object space 21504K, 71% used [0x000000077aa00000,0x000000077b902648,0x000000077bf00000)
}
Event: 39,243 GC heap before
{Heap before GC invocations=26 (full 0):
 PSYoungGen      total 69632K, used 69158K [0x00000007d7000000, 0x00000007e5380000, 0x0000000800000000)
  eden space 67584K, 99% used [0x00000007d7000000,0x00000007db1dc228,0x00000007db200000)
  from space 2048K, 83% used [0x00000007e4e80000,0x00000007e502d810,0x00000007e5080000)
  to   space 3072K, 0% used [0x00000007e5080000,0x00000007e5080000,0x00000007e5380000)
 ParOldGen       total 83968K, used 2412K [0x0000000785000000, 0x000000078a200000, 0x00000007d7000000)
  object space 83968K, 2% used [0x0000000785000000,0x000000078525b3c8,0x000000078a200000)
 PSPermGen       total 21504K, used 15374K [0x000000077aa00000, 0x000000077bf00000, 0x0000000785000000)
  object space 21504K, 71% used [0x000000077aa00000,0x000000077b903910,0x000000077bf00000)
Event: 39,244 GC heap after
Heap after GC invocations=26 (full 0):
 PSYoungGen      total 67584K, used 1591K [0x00000007d7000000, 0x00000007e5280000, 0x0000000800000000)
  eden space 65536K, 0% used [0x00000007d7000000,0x00000007d7000000,0x00000007db000000)
  from space 2048K, 77% used [0x00000007e5080000,0x00000007e520dc00,0x00000007e5280000)
  to   space 3072K, 0% used [0x00000007e4c80000,0x00000007e4c80000,0x00000007e4f80000)
 ParOldGen       total 83968K, used 2428K [0x0000000785000000, 0x000000078a200000, 0x00000007d7000000)
  object space 83968K, 2% used [0x0000000785000000,0x000000078525f3c8,0x000000078a200000)
 PSPermGen       total 21504K, used 15374K [0x000000077aa00000, 0x000000077bf00000, 0x0000000785000000)
  object space 21504K, 71% used [0x000000077aa00000,0x000000077b903910,0x000000077bf00000)
}
Event: 39,636 GC heap before
{Heap before GC invocations=27 (full 0):
 PSYoungGen      total 67584K, used 66562K [0x00000007d7000000, 0x00000007e5280000, 0x0000000800000000)
  eden space 65536K, 99% used [0x00000007d7000000,0x00000007daf72cd8,0x00000007db000000)
  from space 2048K, 77% used [0x00000007e5080000,0x00000007e520dc00,0x00000007e5280000)
  to   space 3072K, 0% used [0x00000007e4c80000,0x00000007e4c80000,0x00000007e4f80000)
 ParOldGen       total 83968K, used 2428K [0x0000000785000000, 0x000000078a200000, 0x00000007d7000000)
  object space 83968K, 2% used [0x0000000785000000,0x000000078525f3c8,0x000000078a200000)
 PSPermGen       total 21504K, used 15377K [0x000000077aa00000, 0x000000077bf00000, 0x0000000785000000)
  object space 21504K, 71% used [0x000000077aa00000,0x000000077b904750,0x000000077bf00000)
Event: 39,638 GC heap after
Heap after GC invocations=27 (full 0):
 PSYoungGen      total 65536K, used 1750K [0x00000007d7000000, 0x00000007e5100000, 0x0000000800000000)
  eden space 63488K, 0% used [0x00000007d7000000,0x00000007d7000000,0x00000007dae00000)
  from space 2048K, 85% used [0x00000007e4c80000,0x00000007e4e35810,0x00000007e4e80000)
  to   space 2560K, 0% used [0x00000007e4e80000,0x00000007e4e80000,0x00000007e5100000)
 ParOldGen       total 83968K, used 2436K [0x0000000785000000, 0x000000078a200000, 0x00000007d7000000)
  object space 83968K, 2% used [0x0000000785000000,0x00000007852613c8,0x000000078a200000)
 PSPermGen       total 21504K, used 15377K [0x000000077aa00000, 0x000000077bf00000, 0x0000000785000000)
  object space 21504K, 71% used [0x000000077aa00000,0x000000077b904750,0x000000077bf00000)
}

